Dataset: filtered-h-and-m, Users: 1371716, Items: 105541
Generating training data...
[Epoch 1] Loss: 0.3283
📄 Saved batch eval result to result/bpr_result_aug_56_dense_bpr_eval_ep_1.csv
num_hit:	@1	@3	@5	@10
		0.0126	0.0747	0.1478	0.2833	
MAP_score:	@1	@3	@5	@10
		0.0126	0.0379	0.0544	0.0722	
NDCG_score:	@1	@3	@5	@10
		0.0126	0.0473	0.0772	0.1208	
✅ [Epoch 1] New best HR@10: 0.2833, model saved to checkpoints/bpr_filtered-h-and-m_best.pt
[Epoch 2] Loss: 0.0698
📄 Saved batch eval result to result/bpr_result_aug_56_dense_bpr_eval_ep_2.csv
num_hit:	@1	@3	@5	@10
		0.0135	0.0765	0.1478	0.2825	
MAP_score:	@1	@3	@5	@10
		0.0135	0.0391	0.0552	0.0729	
NDCG_score:	@1	@3	@5	@10
		0.0135	0.0486	0.0778	0.1211	
[Epoch 2] HR@10 = 0.2825, best = 0.2833 (epoch 1)
[Epoch 3] Loss: 0.0511
📄 Saved batch eval result to result/bpr_result_aug_56_dense_bpr_eval_ep_3.csv
num_hit:	@1	@3	@5	@10
		0.0125	0.0736	0.1458	0.2775	
MAP_score:	@1	@3	@5	@10
		0.0125	0.0373	0.0537	0.0708	
NDCG_score:	@1	@3	@5	@10
		0.0125	0.0466	0.0762	0.1183	
[Epoch 3] HR@10 = 0.2775, best = 0.2833 (epoch 1)
[Epoch 4] Loss: 0.0453
📄 Saved batch eval result to result/bpr_result_aug_56_dense_bpr_eval_ep_4.csv
num_hit:	@1	@3	@5	@10
		0.0139	0.0734	0.1487	0.2791	
MAP_score:	@1	@3	@5	@10
		0.0139	0.0381	0.0551	0.0722	
NDCG_score:	@1	@3	@5	@10
		0.0139	0.0471	0.0779	0.1198	
[Epoch 4] HR@10 = 0.2791, best = 0.2833 (epoch 1)
[Epoch 5] Loss: 0.0426
📄 Saved batch eval result to result/bpr_result_aug_56_dense_bpr_eval_ep_5.csv
num_hit:	@1	@3	@5	@10
		0.0141	0.0758	0.1467	0.2795	
MAP_score:	@1	@3	@5	@10
		0.0141	0.0389	0.0549	0.0723	
NDCG_score:	@1	@3	@5	@10
		0.0141	0.0483	0.0773	0.1200	
[Epoch 5] HR@10 = 0.2795, best = 0.2833 (epoch 1)
[Epoch 6] Loss: 0.0407
📄 Saved batch eval result to result/bpr_result_aug_56_dense_bpr_eval_ep_6.csv
num_hit:	@1	@3	@5	@10
		0.0146	0.0780	0.1476	0.2813	
MAP_score:	@1	@3	@5	@10
		0.0146	0.0405	0.0562	0.0737	
NDCG_score:	@1	@3	@5	@10
		0.0146	0.0501	0.0786	0.1214	
[Epoch 6] HR@10 = 0.2813, best = 0.2833 (epoch 1)
[Epoch 7] Loss: 0.0386
📄 Saved batch eval result to result/bpr_result_aug_56_dense_bpr_eval_ep_7.csv
num_hit:	@1	@3	@5	@10
		0.0146	0.0759	0.1506	0.2859	
MAP_score:	@1	@3	@5	@10
		0.0146	0.0399	0.0567	0.0745	
NDCG_score:	@1	@3	@5	@10
		0.0146	0.0490	0.0796	0.1231	
✅ [Epoch 7] New best HR@10: 0.2859, model saved to checkpoints/bpr_filtered-h-and-m_best.pt
[Epoch 8] Loss: 0.0367
📄 Saved batch eval result to result/bpr_result_aug_56_dense_bpr_eval_ep_8.csv
num_hit:	@1	@3	@5	@10
		0.0141	0.0773	0.1495	0.2888	
MAP_score:	@1	@3	@5	@10
		0.0141	0.0399	0.0561	0.0746	
NDCG_score:	@1	@3	@5	@10
		0.0141	0.0494	0.0789	0.1238	
✅ [Epoch 8] New best HR@10: 0.2888, model saved to checkpoints/bpr_filtered-h-and-m_best.pt
[Epoch 9] Loss: 0.0347
📄 Saved batch eval result to result/bpr_result_aug_56_dense_bpr_eval_ep_9.csv
num_hit:	@1	@3	@5	@10
		0.0148	0.0782	0.1521	0.2919	
MAP_score:	@1	@3	@5	@10
		0.0148	0.0409	0.0575	0.0760	
NDCG_score:	@1	@3	@5	@10
		0.0148	0.0504	0.0806	0.1256	
✅ [Epoch 9] New best HR@10: 0.2919, model saved to checkpoints/bpr_filtered-h-and-m_best.pt
[Epoch 10] Loss: 0.0328
📄 Saved batch eval result to result/bpr_result_aug_56_dense_bpr_eval_ep_10.csv
num_hit:	@1	@3	@5	@10
		0.0176	0.0811	0.1559	0.2948	
MAP_score:	@1	@3	@5	@10
		0.0176	0.0434	0.0602	0.0784	
NDCG_score:	@1	@3	@5	@10
		0.0176	0.0530	0.0835	0.1282	
✅ [Epoch 10] New best HR@10: 0.2948, model saved to checkpoints/bpr_filtered-h-and-m_best.pt
[Epoch 11] Loss: 0.0306
📄 Saved batch eval result to result/bpr_result_aug_56_dense_bpr_eval_ep_11.csv
num_hit:	@1	@3	@5	@10
		0.0186	0.0849	0.1613	0.3021	
MAP_score:	@1	@3	@5	@10
		0.0186	0.0458	0.0631	0.0817	
NDCG_score:	@1	@3	@5	@10
		0.0186	0.0557	0.0871	0.1324	
✅ [Epoch 11] New best HR@10: 0.3021, model saved to checkpoints/bpr_filtered-h-and-m_best.pt
[Epoch 12] Loss: 0.0284
📄 Saved batch eval result to result/bpr_result_aug_56_dense_bpr_eval_ep_12.csv
num_hit:	@1	@3	@5	@10
		0.0189	0.0892	0.1635	0.3078	
MAP_score:	@1	@3	@5	@10
		0.0189	0.0478	0.0646	0.0835	
NDCG_score:	@1	@3	@5	@10
		0.0189	0.0583	0.0888	0.1351	
✅ [Epoch 12] New best HR@10: 0.3078, model saved to checkpoints/bpr_filtered-h-and-m_best.pt
[Epoch 13] Loss: 0.0264
📄 Saved batch eval result to result/bpr_result_aug_56_dense_bpr_eval_ep_13.csv
num_hit:	@1	@3	@5	@10
		0.0209	0.0926	0.1675	0.3149	
MAP_score:	@1	@3	@5	@10
		0.0209	0.0501	0.0669	0.0864	
NDCG_score:	@1	@3	@5	@10
		0.0209	0.0609	0.0915	0.1390	
✅ [Epoch 13] New best HR@10: 0.3149, model saved to checkpoints/bpr_filtered-h-and-m_best.pt
[Epoch 14] Loss: 0.0243
📄 Saved batch eval result to result/bpr_result_aug_56_dense_bpr_eval_ep_14.csv
num_hit:	@1	@3	@5	@10
		0.0219	0.0900	0.1707	0.3181	
MAP_score:	@1	@3	@5	@10
		0.0219	0.0498	0.0682	0.0879	
NDCG_score:	@1	@3	@5	@10
		0.0219	0.0601	0.0932	0.1410	
✅ [Epoch 14] New best HR@10: 0.3181, model saved to checkpoints/bpr_filtered-h-and-m_best.pt
[Epoch 15] Loss: 0.0225
📄 Saved batch eval result to result/bpr_result_aug_56_dense_bpr_eval_ep_15.csv
num_hit:	@1	@3	@5	@10
		0.0242	0.0966	0.1779	0.3300	
MAP_score:	@1	@3	@5	@10
		0.0242	0.0537	0.0721	0.0923	
NDCG_score:	@1	@3	@5	@10
		0.0242	0.0646	0.0980	0.1470	
✅ [Epoch 15] New best HR@10: 0.3300, model saved to checkpoints/bpr_filtered-h-and-m_best.pt
[Epoch 16] Loss: 0.0206
📄 Saved batch eval result to result/bpr_result_aug_56_dense_bpr_eval_ep_16.csv
num_hit:	@1	@3	@5	@10
		0.0281	0.1059	0.1874	0.3371	
MAP_score:	@1	@3	@5	@10
		0.0281	0.0601	0.0786	0.0984	
NDCG_score:	@1	@3	@5	@10
		0.0281	0.0718	0.1052	0.1534	
✅ [Epoch 16] New best HR@10: 0.3371, model saved to checkpoints/bpr_filtered-h-and-m_best.pt
[Epoch 17] Loss: 0.0187
📄 Saved batch eval result to result/bpr_result_aug_56_dense_bpr_eval_ep_17.csv
num_hit:	@1	@3	@5	@10
		0.0299	0.1139	0.1954	0.3444	
MAP_score:	@1	@3	@5	@10
		0.0299	0.0641	0.0826	0.1023	
NDCG_score:	@1	@3	@5	@10
		0.0299	0.0767	0.1102	0.1582	
✅ [Epoch 17] New best HR@10: 0.3444, model saved to checkpoints/bpr_filtered-h-and-m_best.pt
[Epoch 18] Loss: 0.0172
📄 Saved batch eval result to result/bpr_result_aug_56_dense_bpr_eval_ep_18.csv
num_hit:	@1	@3	@5	@10
		0.0321	0.1199	0.2015	0.3541	
MAP_score:	@1	@3	@5	@10
		0.0321	0.0678	0.0864	0.1067	
NDCG_score:	@1	@3	@5	@10
		0.0321	0.0811	0.1146	0.1639	
✅ [Epoch 18] New best HR@10: 0.3541, model saved to checkpoints/bpr_filtered-h-and-m_best.pt
[Epoch 19] Loss: 0.0157
📄 Saved batch eval result to result/bpr_result_aug_56_dense_bpr_eval_ep_19.csv
num_hit:	@1	@3	@5	@10
		0.0345	0.1247	0.2089	0.3564	
MAP_score:	@1	@3	@5	@10
		0.0345	0.0716	0.0907	0.1102	
NDCG_score:	@1	@3	@5	@10
		0.0345	0.0852	0.1197	0.1672	
✅ [Epoch 19] New best HR@10: 0.3564, model saved to checkpoints/bpr_filtered-h-and-m_best.pt
[Epoch 20] Loss: 0.0144
📄 Saved batch eval result to result/bpr_result_aug_56_dense_bpr_eval_ep_20.csv
num_hit:	@1	@3	@5	@10
		0.0369	0.1271	0.2142	0.3612	
MAP_score:	@1	@3	@5	@10
		0.0369	0.0741	0.0939	0.1134	
NDCG_score:	@1	@3	@5	@10
		0.0369	0.0876	0.1234	0.1708	
✅ [Epoch 20] New best HR@10: 0.3612, model saved to checkpoints/bpr_filtered-h-and-m_best.pt
[Epoch 21] Loss: 0.0132
📄 Saved batch eval result to result/bpr_result_aug_56_dense_bpr_eval_ep_21.csv
num_hit:	@1	@3	@5	@10
		0.0412	0.1356	0.2234	0.3686	
MAP_score:	@1	@3	@5	@10
		0.0412	0.0806	0.1004	0.1196	
NDCG_score:	@1	@3	@5	@10
		0.0412	0.0946	0.1306	0.1773	
✅ [Epoch 21] New best HR@10: 0.3686, model saved to checkpoints/bpr_filtered-h-and-m_best.pt
[Epoch 22] Loss: 0.0122
📄 Saved batch eval result to result/bpr_result_aug_56_dense_bpr_eval_ep_22.csv
num_hit:	@1	@3	@5	@10
		0.0442	0.1422	0.2284	0.3693	
MAP_score:	@1	@3	@5	@10
		0.0442	0.0849	0.1044	0.1232	
NDCG_score:	@1	@3	@5	@10
		0.0442	0.0996	0.1349	0.1804	
✅ [Epoch 22] New best HR@10: 0.3693, model saved to checkpoints/bpr_filtered-h-and-m_best.pt
[Epoch 23] Loss: 0.0112
📄 Saved batch eval result to result/bpr_result_aug_56_dense_bpr_eval_ep_23.csv
num_hit:	@1	@3	@5	@10
		0.0466	0.1453	0.2326	0.3731	
MAP_score:	@1	@3	@5	@10
		0.0466	0.0877	0.1075	0.1262	
NDCG_score:	@1	@3	@5	@10
		0.0466	0.1024	0.1382	0.1836	
✅ [Epoch 23] New best HR@10: 0.3731, model saved to checkpoints/bpr_filtered-h-and-m_best.pt
[Epoch 24] Loss: 0.0102
📄 Saved batch eval result to result/bpr_result_aug_56_dense_bpr_eval_ep_24.csv
num_hit:	@1	@3	@5	@10
		0.0511	0.1551	0.2379	0.3742	
MAP_score:	@1	@3	@5	@10
		0.0511	0.0943	0.1131	0.1313	
NDCG_score:	@1	@3	@5	@10
		0.0511	0.1098	0.1438	0.1879	
✅ [Epoch 24] New best HR@10: 0.3742, model saved to checkpoints/bpr_filtered-h-and-m_best.pt
[Epoch 25] Loss: 0.0095
📄 Saved batch eval result to result/bpr_result_aug_56_dense_bpr_eval_ep_25.csv
num_hit:	@1	@3	@5	@10
		0.0540	0.1531	0.2404	0.3794	
MAP_score:	@1	@3	@5	@10
		0.0540	0.0954	0.1153	0.1339	
NDCG_score:	@1	@3	@5	@10
		0.0540	0.1101	0.1460	0.1910	
✅ [Epoch 25] New best HR@10: 0.3794, model saved to checkpoints/bpr_filtered-h-and-m_best.pt
[Epoch 26] Loss: 0.0088
📄 Saved batch eval result to result/bpr_result_aug_56_dense_bpr_eval_ep_26.csv
num_hit:	@1	@3	@5	@10
		0.0602	0.1606	0.2487	0.3799	
MAP_score:	@1	@3	@5	@10
		0.0602	0.1020	0.1220	0.1395	
NDCG_score:	@1	@3	@5	@10
		0.0602	0.1169	0.1531	0.1955	
✅ [Epoch 26] New best HR@10: 0.3799, model saved to checkpoints/bpr_filtered-h-and-m_best.pt
[Epoch 27] Loss: 0.0083
📄 Saved batch eval result to result/bpr_result_aug_56_dense_bpr_eval_ep_27.csv
num_hit:	@1	@3	@5	@10
		0.0629	0.1671	0.2545	0.3814	
MAP_score:	@1	@3	@5	@10
		0.0629	0.1064	0.1262	0.1433	
NDCG_score:	@1	@3	@5	@10
		0.0629	0.1219	0.1578	0.1989	
✅ [Epoch 27] New best HR@10: 0.3814, model saved to checkpoints/bpr_filtered-h-and-m_best.pt
[Epoch 28] Loss: 0.0075
📄 Saved batch eval result to result/bpr_result_aug_56_dense_bpr_eval_ep_28.csv
num_hit:	@1	@3	@5	@10
		0.0651	0.1725	0.2567	0.3880	
MAP_score:	@1	@3	@5	@10
		0.0651	0.1104	0.1297	0.1474	
NDCG_score:	@1	@3	@5	@10
		0.0651	0.1263	0.1610	0.2036	
✅ [Epoch 28] New best HR@10: 0.3880, model saved to checkpoints/bpr_filtered-h-and-m_best.pt
[Epoch 29] Loss: 0.0071
📄 Saved batch eval result to result/bpr_result_aug_56_dense_bpr_eval_ep_29.csv
num_hit:	@1	@3	@5	@10
		0.0689	0.1762	0.2588	0.3871	
MAP_score:	@1	@3	@5	@10
		0.0689	0.1142	0.1330	0.1501	
NDCG_score:	@1	@3	@5	@10
		0.0689	0.1300	0.1640	0.2055	
[Epoch 29] HR@10 = 0.3871, best = 0.3880 (epoch 28)
[Epoch 30] Loss: 0.0068
📄 Saved batch eval result to result/bpr_result_aug_56_dense_bpr_eval_ep_30.csv
num_hit:	@1	@3	@5	@10
		0.0721	0.1784	0.2640	0.3900	
MAP_score:	@1	@3	@5	@10
		0.0721	0.1169	0.1364	0.1531	
NDCG_score:	@1	@3	@5	@10
		0.0721	0.1326	0.1678	0.2084	
✅ [Epoch 30] New best HR@10: 0.3900, model saved to checkpoints/bpr_filtered-h-and-m_best.pt
[Epoch 31] Loss: 0.0064
📄 Saved batch eval result to result/bpr_result_aug_56_dense_bpr_eval_ep_31.csv
num_hit:	@1	@3	@5	@10
		0.0746	0.1840	0.2706	0.3918	
MAP_score:	@1	@3	@5	@10
		0.0746	0.1210	0.1407	0.1569	
NDCG_score:	@1	@3	@5	@10
		0.0746	0.1371	0.1727	0.2119	
✅ [Epoch 31] New best HR@10: 0.3918, model saved to checkpoints/bpr_filtered-h-and-m_best.pt
[Epoch 32] Loss: 0.0060
📄 Saved batch eval result to result/bpr_result_aug_56_dense_bpr_eval_ep_32.csv
num_hit:	@1	@3	@5	@10
		0.0785	0.1879	0.2719	0.3908	
MAP_score:	@1	@3	@5	@10
		0.0785	0.1245	0.1436	0.1595	
NDCG_score:	@1	@3	@5	@10
		0.0785	0.1407	0.1752	0.2137	
[Epoch 32] HR@10 = 0.3908, best = 0.3918 (epoch 31)
[Epoch 33] Loss: 0.0057
📄 Saved batch eval result to result/bpr_result_aug_56_dense_bpr_eval_ep_33.csv
num_hit:	@1	@3	@5	@10
		0.0791	0.1927	0.2745	0.3912	
MAP_score:	@1	@3	@5	@10
		0.0791	0.1267	0.1452	0.1607	
NDCG_score:	@1	@3	@5	@10
		0.0791	0.1435	0.1770	0.2147	
[Epoch 33] HR@10 = 0.3912, best = 0.3918 (epoch 31)
[Epoch 34] Loss: 0.0054
📄 Saved batch eval result to result/bpr_result_aug_56_dense_bpr_eval_ep_34.csv
num_hit:	@1	@3	@5	@10
		0.0827	0.1959	0.2753	0.3912	
MAP_score:	@1	@3	@5	@10
		0.0827	0.1303	0.1484	0.1639	
NDCG_score:	@1	@3	@5	@10
		0.0827	0.1470	0.1797	0.2172	
[Epoch 34] HR@10 = 0.3912, best = 0.3918 (epoch 31)
[Epoch 35] Loss: 0.0052
📄 Saved batch eval result to result/bpr_result_aug_56_dense_bpr_eval_ep_35.csv
num_hit:	@1	@3	@5	@10
		0.0853	0.1959	0.2748	0.3939	
MAP_score:	@1	@3	@5	@10
		0.0853	0.1319	0.1498	0.1656	
NDCG_score:	@1	@3	@5	@10
		0.0853	0.1482	0.1806	0.2191	
✅ [Epoch 35] New best HR@10: 0.3939, model saved to checkpoints/bpr_filtered-h-and-m_best.pt
[Epoch 36] Loss: 0.0048
📄 Saved batch eval result to result/bpr_result_aug_56_dense_bpr_eval_ep_36.csv
num_hit:	@1	@3	@5	@10
		0.0873	0.1993	0.2746	0.3945	
MAP_score:	@1	@3	@5	@10
		0.0873	0.1345	0.1517	0.1676	
NDCG_score:	@1	@3	@5	@10
		0.0873	0.1510	0.1820	0.2207	
✅ [Epoch 36] New best HR@10: 0.3945, model saved to checkpoints/bpr_filtered-h-and-m_best.pt
[Epoch 37] Loss: 0.0046
📄 Saved batch eval result to result/bpr_result_aug_56_dense_bpr_eval_ep_37.csv
num_hit:	@1	@3	@5	@10
		0.0893	0.2002	0.2764	0.3981	
MAP_score:	@1	@3	@5	@10
		0.0893	0.1361	0.1533	0.1694	
NDCG_score:	@1	@3	@5	@10
		0.0893	0.1525	0.1837	0.2229	
✅ [Epoch 37] New best HR@10: 0.3981, model saved to checkpoints/bpr_filtered-h-and-m_best.pt
[Epoch 38] Loss: 0.0044
📄 Saved batch eval result to result/bpr_result_aug_56_dense_bpr_eval_ep_38.csv
num_hit:	@1	@3	@5	@10
		0.0922	0.2013	0.2774	0.3964	
MAP_score:	@1	@3	@5	@10
		0.0922	0.1386	0.1559	0.1717	
NDCG_score:	@1	@3	@5	@10
		0.0922	0.1546	0.1859	0.2243	
[Epoch 38] HR@10 = 0.3964, best = 0.3981 (epoch 37)
[Epoch 39] Loss: 0.0043
📄 Saved batch eval result to result/bpr_result_aug_56_dense_bpr_eval_ep_39.csv
num_hit:	@1	@3	@5	@10
		0.0956	0.2058	0.2767	0.3936	
MAP_score:	@1	@3	@5	@10
		0.0956	0.1424	0.1585	0.1741	
NDCG_score:	@1	@3	@5	@10
		0.0956	0.1586	0.1877	0.2255	
[Epoch 39] HR@10 = 0.3936, best = 0.3981 (epoch 37)
[Epoch 40] Loss: 0.0042
📄 Saved batch eval result to result/bpr_result_aug_56_dense_bpr_eval_ep_40.csv
num_hit:	@1	@3	@5	@10
		0.0964	0.2052	0.2801	0.3942	
MAP_score:	@1	@3	@5	@10
		0.0964	0.1432	0.1603	0.1754	
NDCG_score:	@1	@3	@5	@10
		0.0964	0.1591	0.1899	0.2266	
[Epoch 40] HR@10 = 0.3942, best = 0.3981 (epoch 37)
[Epoch 41] Loss: 0.0039
📄 Saved batch eval result to result/bpr_result_aug_56_dense_bpr_eval_ep_41.csv
num_hit:	@1	@3	@5	@10
		0.0962	0.2076	0.2775	0.3941	
MAP_score:	@1	@3	@5	@10
		0.0962	0.1438	0.1598	0.1754	
NDCG_score:	@1	@3	@5	@10
		0.0962	0.1601	0.1890	0.2267	
[Epoch 41] HR@10 = 0.3941, best = 0.3981 (epoch 37)
[Epoch 42] Loss: 0.0038
📄 Saved batch eval result to result/bpr_result_aug_56_dense_bpr_eval_ep_42.csv
num_hit:	@1	@3	@5	@10
		0.0986	0.2107	0.2807	0.3961	
MAP_score:	@1	@3	@5	@10
		0.0986	0.1464	0.1624	0.1777	
NDCG_score:	@1	@3	@5	@10
		0.0986	0.1628	0.1917	0.2289	
[Epoch 42] HR@10 = 0.3961, best = 0.3981 (epoch 37)
[Epoch 43] Loss: 0.0037
📄 Saved batch eval result to result/bpr_result_aug_56_dense_bpr_eval_ep_43.csv
num_hit:	@1	@3	@5	@10
		0.0988	0.2127	0.2846	0.3934	
MAP_score:	@1	@3	@5	@10
		0.0988	0.1474	0.1637	0.1781	
NDCG_score:	@1	@3	@5	@10
		0.0988	0.1641	0.1936	0.2287	
[Epoch 43] HR@10 = 0.3934, best = 0.3981 (epoch 37)
[Epoch 44] Loss: 0.0036
📄 Saved batch eval result to result/bpr_result_aug_56_dense_bpr_eval_ep_44.csv
num_hit:	@1	@3	@5	@10
		0.1013	0.2134	0.2846	0.3961	
MAP_score:	@1	@3	@5	@10
		0.1013	0.1495	0.1657	0.1805	
NDCG_score:	@1	@3	@5	@10
		0.1013	0.1659	0.1952	0.2311	
[Epoch 44] HR@10 = 0.3961, best = 0.3981 (epoch 37)
[Epoch 45] Loss: 0.0035
📄 Saved batch eval result to result/bpr_result_aug_56_dense_bpr_eval_ep_45.csv
num_hit:	@1	@3	@5	@10
		0.1036	0.2160	0.2848	0.3954	
MAP_score:	@1	@3	@5	@10
		0.1036	0.1513	0.1671	0.1818	
NDCG_score:	@1	@3	@5	@10
		0.1036	0.1679	0.1962	0.2319	
[Epoch 45] HR@10 = 0.3954, best = 0.3981 (epoch 37)
[Epoch 46] Loss: 0.0034
📄 Saved batch eval result to result/bpr_result_aug_56_dense_bpr_eval_ep_46.csv
num_hit:	@1	@3	@5	@10
		0.1032	0.2182	0.2865	0.3954	
MAP_score:	@1	@3	@5	@10
		0.1032	0.1519	0.1674	0.1819	
NDCG_score:	@1	@3	@5	@10
		0.1032	0.1689	0.1969	0.2321	
[Epoch 46] HR@10 = 0.3954, best = 0.3981 (epoch 37)
[Epoch 47] Loss: 0.0033
📄 Saved batch eval result to result/bpr_result_aug_56_dense_bpr_eval_ep_47.csv
num_hit:	@1	@3	@5	@10
		0.1056	0.2167	0.2835	0.3946	
MAP_score:	@1	@3	@5	@10
		0.1056	0.1531	0.1684	0.1832	
NDCG_score:	@1	@3	@5	@10
		0.1056	0.1694	0.1969	0.2328	
[Epoch 47] HR@10 = 0.3946, best = 0.3981 (epoch 37)
[Epoch 48] Loss: 0.0032
📄 Saved batch eval result to result/bpr_result_aug_56_dense_bpr_eval_ep_48.csv
num_hit:	@1	@3	@5	@10
		0.1064	0.2194	0.2835	0.3968	
MAP_score:	@1	@3	@5	@10
		0.1064	0.1547	0.1694	0.1843	
NDCG_score:	@1	@3	@5	@10
		0.1064	0.1713	0.1977	0.2342	
[Epoch 48] HR@10 = 0.3968, best = 0.3981 (epoch 37)
[Epoch 49] Loss: 0.0031
📄 Saved batch eval result to result/bpr_result_aug_56_dense_bpr_eval_ep_49.csv
num_hit:	@1	@3	@5	@10
		0.1088	0.2199	0.2840	0.3954	
MAP_score:	@1	@3	@5	@10
		0.1088	0.1566	0.1711	0.1859	
NDCG_score:	@1	@3	@5	@10
		0.1088	0.1728	0.1991	0.2350	
[Epoch 49] HR@10 = 0.3954, best = 0.3981 (epoch 37)
[Epoch 50] Loss: 0.0031
📄 Saved batch eval result to result/bpr_result_aug_56_dense_bpr_eval_ep_50.csv
num_hit:	@1	@3	@5	@10
		0.1121	0.2202	0.2854	0.3969	
MAP_score:	@1	@3	@5	@10
		0.1121	0.1583	0.1732	0.1879	
NDCG_score:	@1	@3	@5	@10
		0.1121	0.1741	0.2010	0.2369	
[Epoch 50] HR@10 = 0.3969, best = 0.3981 (epoch 37)
Model saved to checkpoints/bpr_last_filtered-h-and-m.pt
