Dataset: filtered-h-and-m, Users: 1371716, Items: 75981
Generating training data...
[Epoch 1] Loss: 0.6804
num_hit:	@1	@3	@5	@10
		0.1515	0.2061	0.2400	0.2927	
MAP_score:	@1	@3	@5	@10
		0.1515	0.1756	0.1834	0.1905	
NDCG_score:	@1	@3	@5	@10
		0.1515	0.1835	0.1974	0.2145	
📄 Saved batch eval result to result/bpr_result_origin_54.csv
✅ [Epoch 1] New best HR@10: 0.2927, model saved to checkpoints/bpr_filtered-h-and-m_best.pt
[Epoch 2] Loss: 0.5641
num_hit:	@1	@3	@5	@10
		0.1684	0.2298	0.2664	0.3259	
MAP_score:	@1	@3	@5	@10
		0.1684	0.1952	0.2036	0.2114	
NDCG_score:	@1	@3	@5	@10
		0.1684	0.2041	0.2192	0.2383	
📄 Saved batch eval result to result/bpr_result_origin_54.csv
✅ [Epoch 2] New best HR@10: 0.3259, model saved to checkpoints/bpr_filtered-h-and-m_best.pt
[Epoch 3] Loss: 0.3733
num_hit:	@1	@3	@5	@10
		0.1803	0.2446	0.2820	0.3464	
MAP_score:	@1	@3	@5	@10
		0.1803	0.2081	0.2166	0.2253	
NDCG_score:	@1	@3	@5	@10
		0.1803	0.2175	0.2328	0.2537	
📄 Saved batch eval result to result/bpr_result_origin_54.csv
✅ [Epoch 3] New best HR@10: 0.3464, model saved to checkpoints/bpr_filtered-h-and-m_best.pt
[Epoch 4] Loss: 0.2238
num_hit:	@1	@3	@5	@10
		0.1856	0.2520	0.2937	0.3576	
MAP_score:	@1	@3	@5	@10
		0.1856	0.2145	0.2239	0.2325	
NDCG_score:	@1	@3	@5	@10
		0.1856	0.2241	0.2412	0.2619	
📄 Saved batch eval result to result/bpr_result_origin_54.csv
✅ [Epoch 4] New best HR@10: 0.3576, model saved to checkpoints/bpr_filtered-h-and-m_best.pt
[Epoch 5] Loss: 0.1352
num_hit:	@1	@3	@5	@10
		0.1901	0.2557	0.2977	0.3639	
MAP_score:	@1	@3	@5	@10
		0.1901	0.2185	0.2281	0.2369	
NDCG_score:	@1	@3	@5	@10
		0.1901	0.2281	0.2453	0.2667	
📄 Saved batch eval result to result/bpr_result_origin_54.csv
✅ [Epoch 5] New best HR@10: 0.3639, model saved to checkpoints/bpr_filtered-h-and-m_best.pt
[Epoch 6] Loss: 0.0857
num_hit:	@1	@3	@5	@10
		0.1919	0.2587	0.3016	0.3680	
MAP_score:	@1	@3	@5	@10
		0.1919	0.2206	0.2304	0.2392	
NDCG_score:	@1	@3	@5	@10
		0.1919	0.2304	0.2480	0.2694	
📄 Saved batch eval result to result/bpr_result_origin_54.csv
✅ [Epoch 6] New best HR@10: 0.3680, model saved to checkpoints/bpr_filtered-h-and-m_best.pt
[Epoch 7] Loss: 0.0577
num_hit:	@1	@3	@5	@10
		0.1928	0.2596	0.3033	0.3716	
MAP_score:	@1	@3	@5	@10
		0.1928	0.2216	0.2316	0.2406	
NDCG_score:	@1	@3	@5	@10
		0.1928	0.2313	0.2493	0.2713	
📄 Saved batch eval result to result/bpr_result_origin_54.csv
✅ [Epoch 7] New best HR@10: 0.3716, model saved to checkpoints/bpr_filtered-h-and-m_best.pt
[Epoch 8] Loss: 0.0409
num_hit:	@1	@3	@5	@10
		0.1928	0.2608	0.3067	0.3745	
MAP_score:	@1	@3	@5	@10
		0.1928	0.2221	0.2326	0.2415	
NDCG_score:	@1	@3	@5	@10
		0.1928	0.2320	0.2509	0.2727	
📄 Saved batch eval result to result/bpr_result_origin_54.csv
✅ [Epoch 8] New best HR@10: 0.3745, model saved to checkpoints/bpr_filtered-h-and-m_best.pt
[Epoch 9] Loss: 0.0302
num_hit:	@1	@3	@5	@10
		0.1938	0.2618	0.3070	0.3771	
MAP_score:	@1	@3	@5	@10
		0.1938	0.2232	0.2334	0.2426	
NDCG_score:	@1	@3	@5	@10
		0.1938	0.2331	0.2516	0.2741	
📄 Saved batch eval result to result/bpr_result_origin_54.csv
✅ [Epoch 9] New best HR@10: 0.3771, model saved to checkpoints/bpr_filtered-h-and-m_best.pt
[Epoch 10] Loss: 0.0233
num_hit:	@1	@3	@5	@10
		0.1940	0.2620	0.3065	0.3786	
MAP_score:	@1	@3	@5	@10
		0.1940	0.2234	0.2335	0.2430	
NDCG_score:	@1	@3	@5	@10
		0.1940	0.2333	0.2515	0.2748	
📄 Saved batch eval result to result/bpr_result_origin_54.csv
✅ [Epoch 10] New best HR@10: 0.3786, model saved to checkpoints/bpr_filtered-h-and-m_best.pt
[Epoch 11] Loss: 0.0184
num_hit:	@1	@3	@5	@10
		0.1945	0.2627	0.3065	0.3787	
MAP_score:	@1	@3	@5	@10
		0.1945	0.2240	0.2340	0.2435	
NDCG_score:	@1	@3	@5	@10
		0.1945	0.2339	0.2519	0.2752	
📄 Saved batch eval result to result/bpr_result_origin_54.csv
✅ [Epoch 11] New best HR@10: 0.3787, model saved to checkpoints/bpr_filtered-h-and-m_best.pt
[Epoch 12] Loss: 0.0149
num_hit:	@1	@3	@5	@10
		0.1954	0.2644	0.3069	0.3799	
MAP_score:	@1	@3	@5	@10
		0.1954	0.2253	0.2349	0.2446	
NDCG_score:	@1	@3	@5	@10
		0.1954	0.2353	0.2528	0.2763	
📄 Saved batch eval result to result/bpr_result_origin_54.csv
✅ [Epoch 12] New best HR@10: 0.3799, model saved to checkpoints/bpr_filtered-h-and-m_best.pt
[Epoch 13] Loss: 0.0123
num_hit:	@1	@3	@5	@10
		0.1957	0.2638	0.3078	0.3807	
MAP_score:	@1	@3	@5	@10
		0.1957	0.2252	0.2351	0.2449	
NDCG_score:	@1	@3	@5	@10
		0.1957	0.2351	0.2531	0.2767	
📄 Saved batch eval result to result/bpr_result_origin_54.csv
✅ [Epoch 13] New best HR@10: 0.3807, model saved to checkpoints/bpr_filtered-h-and-m_best.pt
[Epoch 14] Loss: 0.0103
num_hit:	@1	@3	@5	@10
		0.1958	0.2649	0.3085	0.3818	
MAP_score:	@1	@3	@5	@10
		0.1958	0.2258	0.2356	0.2454	
NDCG_score:	@1	@3	@5	@10
		0.1958	0.2358	0.2536	0.2773	
📄 Saved batch eval result to result/bpr_result_origin_54.csv
✅ [Epoch 14] New best HR@10: 0.3818, model saved to checkpoints/bpr_filtered-h-and-m_best.pt
[Epoch 15] Loss: 0.0088
num_hit:	@1	@3	@5	@10
		0.1964	0.2651	0.3097	0.3823	
MAP_score:	@1	@3	@5	@10
		0.1964	0.2260	0.2361	0.2457	
NDCG_score:	@1	@3	@5	@10
		0.1964	0.2360	0.2543	0.2777	
📄 Saved batch eval result to result/bpr_result_origin_54.csv
✅ [Epoch 15] New best HR@10: 0.3823, model saved to checkpoints/bpr_filtered-h-and-m_best.pt
[Epoch 16] Loss: 0.0076
num_hit:	@1	@3	@5	@10
		0.1959	0.2651	0.3096	0.3824	
MAP_score:	@1	@3	@5	@10
		0.1959	0.2258	0.2359	0.2455	
NDCG_score:	@1	@3	@5	@10
		0.1959	0.2359	0.2541	0.2776	
📄 Saved batch eval result to result/bpr_result_origin_54.csv
✅ [Epoch 16] New best HR@10: 0.3824, model saved to checkpoints/bpr_filtered-h-and-m_best.pt
[Epoch 17] Loss: 0.0065
num_hit:	@1	@3	@5	@10
		0.1959	0.2650	0.3096	0.3820	
MAP_score:	@1	@3	@5	@10
		0.1959	0.2257	0.2358	0.2454	
NDCG_score:	@1	@3	@5	@10
		0.1959	0.2358	0.2541	0.2774	
[Epoch 17] HR@10 = 0.3820, best = 0.3824 (epoch 16)
[Epoch 18] Loss: 0.0058
num_hit:	@1	@3	@5	@10
		0.1963	0.2647	0.3090	0.3825	
MAP_score:	@1	@3	@5	@10
		0.1963	0.2259	0.2360	0.2457	
NDCG_score:	@1	@3	@5	@10
		0.1963	0.2359	0.2540	0.2777	
📄 Saved batch eval result to result/bpr_result_origin_54.csv
✅ [Epoch 18] New best HR@10: 0.3825, model saved to checkpoints/bpr_filtered-h-and-m_best.pt
[Epoch 19] Loss: 0.0051
num_hit:	@1	@3	@5	@10
		0.1968	0.2647	0.3088	0.3838	
MAP_score:	@1	@3	@5	@10
		0.1968	0.2261	0.2361	0.2460	
NDCG_score:	@1	@3	@5	@10
		0.1968	0.2360	0.2541	0.2782	
📄 Saved batch eval result to result/bpr_result_origin_54.csv
✅ [Epoch 19] New best HR@10: 0.3838, model saved to checkpoints/bpr_filtered-h-and-m_best.pt
[Epoch 20] Loss: 0.0046
num_hit:	@1	@3	@5	@10
		0.1969	0.2654	0.3101	0.3833	
MAP_score:	@1	@3	@5	@10
		0.1969	0.2263	0.2363	0.2460	
NDCG_score:	@1	@3	@5	@10
		0.1969	0.2363	0.2546	0.2781	
[Epoch 20] HR@10 = 0.3833, best = 0.3838 (epoch 19)
[Epoch 21] Loss: 0.0041
num_hit:	@1	@3	@5	@10
		0.1974	0.2652	0.3100	0.3830	
MAP_score:	@1	@3	@5	@10
		0.1974	0.2264	0.2365	0.2462	
NDCG_score:	@1	@3	@5	@10
		0.1974	0.2364	0.2547	0.2782	
[Epoch 21] HR@10 = 0.3830, best = 0.3838 (epoch 19)
[Epoch 22] Loss: 0.0037
num_hit:	@1	@3	@5	@10
		0.1980	0.2658	0.3105	0.3831	
MAP_score:	@1	@3	@5	@10
		0.1980	0.2271	0.2371	0.2467	
NDCG_score:	@1	@3	@5	@10
		0.1980	0.2370	0.2553	0.2786	
[Epoch 22] HR@10 = 0.3831, best = 0.3838 (epoch 19)
[Epoch 23] Loss: 0.0033
num_hit:	@1	@3	@5	@10
		0.1979	0.2650	0.3103	0.3834	
MAP_score:	@1	@3	@5	@10
		0.1979	0.2267	0.2369	0.2465	
NDCG_score:	@1	@3	@5	@10
		0.1979	0.2365	0.2550	0.2785	
[Epoch 23] HR@10 = 0.3834, best = 0.3838 (epoch 19)
[Epoch 24] Loss: 0.0030
num_hit:	@1	@3	@5	@10
		0.1977	0.2660	0.3102	0.3826	
MAP_score:	@1	@3	@5	@10
		0.1977	0.2270	0.2370	0.2465	
NDCG_score:	@1	@3	@5	@10
		0.1977	0.2370	0.2551	0.2784	
[Epoch 24] HR@10 = 0.3826, best = 0.3838 (epoch 19)
[Epoch 25] Loss: 0.0028
num_hit:	@1	@3	@5	@10
		0.1978	0.2652	0.3093	0.3828	
MAP_score:	@1	@3	@5	@10
		0.1978	0.2266	0.2366	0.2463	
NDCG_score:	@1	@3	@5	@10
		0.1978	0.2365	0.2546	0.2782	
[Epoch 25] HR@10 = 0.3828, best = 0.3838 (epoch 19)
[Epoch 26] Loss: 0.0025
num_hit:	@1	@3	@5	@10
		0.1976	0.2644	0.3093	0.3835	
MAP_score:	@1	@3	@5	@10
		0.1976	0.2263	0.2365	0.2462	
NDCG_score:	@1	@3	@5	@10
		0.1976	0.2360	0.2545	0.2783	
[Epoch 26] HR@10 = 0.3835, best = 0.3838 (epoch 19)
[Epoch 27] Loss: 0.0023
num_hit:	@1	@3	@5	@10
		0.1977	0.2649	0.3091	0.3834	
MAP_score:	@1	@3	@5	@10
		0.1977	0.2266	0.2366	0.2464	
NDCG_score:	@1	@3	@5	@10
		0.1977	0.2364	0.2545	0.2784	
[Epoch 27] HR@10 = 0.3834, best = 0.3838 (epoch 19)
[Epoch 28] Loss: 0.0022
num_hit:	@1	@3	@5	@10
		0.1982	0.2650	0.3094	0.3841	
MAP_score:	@1	@3	@5	@10
		0.1982	0.2269	0.2370	0.2468	
NDCG_score:	@1	@3	@5	@10
		0.1982	0.2367	0.2549	0.2789	
📄 Saved batch eval result to result/bpr_result_origin_54.csv
✅ [Epoch 28] New best HR@10: 0.3841, model saved to checkpoints/bpr_filtered-h-and-m_best.pt
[Epoch 29] Loss: 0.0020
num_hit:	@1	@3	@5	@10
		0.1983	0.2656	0.3078	0.3833	
MAP_score:	@1	@3	@5	@10
		0.1983	0.2272	0.2368	0.2467	
NDCG_score:	@1	@3	@5	@10
		0.1983	0.2370	0.2544	0.2787	
[Epoch 29] HR@10 = 0.3833, best = 0.3841 (epoch 28)
[Epoch 30] Loss: 0.0018
num_hit:	@1	@3	@5	@10
		0.1991	0.2659	0.3079	0.3838	
MAP_score:	@1	@3	@5	@10
		0.1991	0.2275	0.2370	0.2470	
NDCG_score:	@1	@3	@5	@10
		0.1991	0.2373	0.2546	0.2790	
[Epoch 30] HR@10 = 0.3838, best = 0.3841 (epoch 28)
[Epoch 31] Loss: 0.0017
num_hit:	@1	@3	@5	@10
		0.1988	0.2658	0.3091	0.3837	
MAP_score:	@1	@3	@5	@10
		0.1988	0.2275	0.2372	0.2470	
NDCG_score:	@1	@3	@5	@10
		0.1988	0.2373	0.2550	0.2790	
[Epoch 31] HR@10 = 0.3837, best = 0.3841 (epoch 28)
[Epoch 32] Loss: 0.0016
num_hit:	@1	@3	@5	@10
		0.1994	0.2662	0.3088	0.3837	
MAP_score:	@1	@3	@5	@10
		0.1994	0.2280	0.2377	0.2476	
NDCG_score:	@1	@3	@5	@10
		0.1994	0.2378	0.2553	0.2794	
[Epoch 32] HR@10 = 0.3837, best = 0.3841 (epoch 28)
[Epoch 33] Loss: 0.0015
num_hit:	@1	@3	@5	@10
		0.1994	0.2653	0.3084	0.3842	
MAP_score:	@1	@3	@5	@10
		0.1994	0.2277	0.2375	0.2475	
NDCG_score:	@1	@3	@5	@10
		0.1994	0.2373	0.2550	0.2794	
📄 Saved batch eval result to result/bpr_result_origin_54.csv
✅ [Epoch 33] New best HR@10: 0.3842, model saved to checkpoints/bpr_filtered-h-and-m_best.pt
[Epoch 34] Loss: 0.0015
num_hit:	@1	@3	@5	@10
		0.1997	0.2648	0.3092	0.3836	
MAP_score:	@1	@3	@5	@10
		0.1997	0.2277	0.2378	0.2475	
NDCG_score:	@1	@3	@5	@10
		0.1997	0.2372	0.2554	0.2793	
[Epoch 34] HR@10 = 0.3836, best = 0.3842 (epoch 33)
[Epoch 35] Loss: 0.0014
num_hit:	@1	@3	@5	@10
		0.1989	0.2655	0.3083	0.3839	
MAP_score:	@1	@3	@5	@10
		0.1989	0.2275	0.2372	0.2472	
NDCG_score:	@1	@3	@5	@10
		0.1989	0.2372	0.2548	0.2791	
[Epoch 35] HR@10 = 0.3839, best = 0.3842 (epoch 33)
[Epoch 36] Loss: 0.0013
num_hit:	@1	@3	@5	@10
		0.1990	0.2640	0.3078	0.3845	
MAP_score:	@1	@3	@5	@10
		0.1990	0.2268	0.2367	0.2468	
NDCG_score:	@1	@3	@5	@10
		0.1990	0.2363	0.2543	0.2789	
📄 Saved batch eval result to result/bpr_result_origin_54.csv
✅ [Epoch 36] New best HR@10: 0.3845, model saved to checkpoints/bpr_filtered-h-and-m_best.pt
[Epoch 37] Loss: 0.0012
num_hit:	@1	@3	@5	@10
		0.1989	0.2632	0.3075	0.3848	
MAP_score:	@1	@3	@5	@10
		0.1989	0.2265	0.2366	0.2467	
NDCG_score:	@1	@3	@5	@10
		0.1989	0.2359	0.2541	0.2789	
📄 Saved batch eval result to result/bpr_result_origin_54.csv
✅ [Epoch 37] New best HR@10: 0.3848, model saved to checkpoints/bpr_filtered-h-and-m_best.pt
[Epoch 38] Loss: 0.0011
num_hit:	@1	@3	@5	@10
		0.1992	0.2630	0.3082	0.3837	
MAP_score:	@1	@3	@5	@10
		0.1992	0.2266	0.2369	0.2467	
NDCG_score:	@1	@3	@5	@10
		0.1992	0.2359	0.2545	0.2787	
[Epoch 38] HR@10 = 0.3837, best = 0.3848 (epoch 37)
[Epoch 39] Loss: 0.0011
num_hit:	@1	@3	@5	@10
		0.1996	0.2630	0.3065	0.3835	
MAP_score:	@1	@3	@5	@10
		0.1996	0.2268	0.2367	0.2468	
NDCG_score:	@1	@3	@5	@10
		0.1996	0.2361	0.2539	0.2787	
[Epoch 39] HR@10 = 0.3835, best = 0.3848 (epoch 37)
[Epoch 40] Loss: 0.0010
num_hit:	@1	@3	@5	@10
		0.1994	0.2636	0.3069	0.3844	
MAP_score:	@1	@3	@5	@10
		0.1994	0.2270	0.2368	0.2469	
NDCG_score:	@1	@3	@5	@10
		0.1994	0.2363	0.2541	0.2789	
[Epoch 40] HR@10 = 0.3844, best = 0.3848 (epoch 37)
[Epoch 41] Loss: 0.0009
num_hit:	@1	@3	@5	@10
		0.1999	0.2646	0.3061	0.3833	
MAP_score:	@1	@3	@5	@10
		0.1999	0.2276	0.2370	0.2471	
NDCG_score:	@1	@3	@5	@10
		0.1999	0.2371	0.2541	0.2789	
[Epoch 41] HR@10 = 0.3833, best = 0.3848 (epoch 37)
[Epoch 42] Loss: 0.0010
num_hit:	@1	@3	@5	@10
		0.2007	0.2635	0.3065	0.3831	
MAP_score:	@1	@3	@5	@10
		0.2007	0.2276	0.2373	0.2474	
NDCG_score:	@1	@3	@5	@10
		0.2007	0.2368	0.2544	0.2790	
[Epoch 42] HR@10 = 0.3831, best = 0.3848 (epoch 37)
[Epoch 43] Loss: 0.0009
num_hit:	@1	@3	@5	@10
		0.2001	0.2635	0.3060	0.3838	
MAP_score:	@1	@3	@5	@10
		0.2001	0.2273	0.2369	0.2471	
NDCG_score:	@1	@3	@5	@10
		0.2001	0.2366	0.2540	0.2790	
[Epoch 43] HR@10 = 0.3838, best = 0.3848 (epoch 37)
[Epoch 44] Loss: 0.0008
num_hit:	@1	@3	@5	@10
		0.1992	0.2632	0.3054	0.3845	
MAP_score:	@1	@3	@5	@10
		0.1992	0.2266	0.2362	0.2465	
NDCG_score:	@1	@3	@5	@10
		0.1992	0.2360	0.2533	0.2787	
[Epoch 44] HR@10 = 0.3845, best = 0.3848 (epoch 37)
[Epoch 45] Loss: 0.0008
num_hit:	@1	@3	@5	@10
		0.1980	0.2637	0.3053	0.3842	
MAP_score:	@1	@3	@5	@10
		0.1980	0.2262	0.2356	0.2460	
NDCG_score:	@1	@3	@5	@10
		0.1980	0.2358	0.2529	0.2782	
[Epoch 45] HR@10 = 0.3842, best = 0.3848 (epoch 37)
[Epoch 46] Loss: 0.0008
num_hit:	@1	@3	@5	@10
		0.1992	0.2634	0.3057	0.3848	
MAP_score:	@1	@3	@5	@10
		0.1992	0.2267	0.2363	0.2466	
NDCG_score:	@1	@3	@5	@10
		0.1992	0.2361	0.2534	0.2788	
[Epoch 46] HR@10 = 0.3848, best = 0.3848 (epoch 37)
[Epoch 47] Loss: 0.0007
num_hit:	@1	@3	@5	@10
		0.1995	0.2630	0.3053	0.3843	
MAP_score:	@1	@3	@5	@10
		0.1995	0.2268	0.2364	0.2468	
NDCG_score:	@1	@3	@5	@10
		0.1995	0.2361	0.2534	0.2788	
[Epoch 47] HR@10 = 0.3843, best = 0.3848 (epoch 37)
[Epoch 48] Loss: 0.0007
num_hit:	@1	@3	@5	@10
		0.2001	0.2640	0.3054	0.3842	
MAP_score:	@1	@3	@5	@10
		0.2001	0.2274	0.2367	0.2471	
NDCG_score:	@1	@3	@5	@10
		0.2001	0.2368	0.2537	0.2790	
[Epoch 48] HR@10 = 0.3842, best = 0.3848 (epoch 37)
[Epoch 49] Loss: 0.0007
num_hit:	@1	@3	@5	@10
		0.1998	0.2633	0.3050	0.3847	
MAP_score:	@1	@3	@5	@10
		0.1998	0.2270	0.2365	0.2469	
NDCG_score:	@1	@3	@5	@10
		0.1998	0.2363	0.2534	0.2790	
[Epoch 49] HR@10 = 0.3847, best = 0.3848 (epoch 37)
[Epoch 50] Loss: 0.0007
num_hit:	@1	@3	@5	@10
		0.1991	0.2632	0.3050	0.3843	
MAP_score:	@1	@3	@5	@10
		0.1991	0.2265	0.2360	0.2464	
NDCG_score:	@1	@3	@5	@10
		0.1991	0.2359	0.2531	0.2785	
[Epoch 50] HR@10 = 0.3843, best = 0.3848 (epoch 37)
Model saved to checkpoints/bpr_last_filtered-h-and-m.pt
