Dataset: filtered-h-and-m, Users: 1371716, Items: 105491
Generating training data...
[Epoch 1] Loss: 0.5329
num_hit:	@1	@3	@5	@10
		0.0549	0.1469	0.2193	0.3354	
MAP_score:	@1	@3	@5	@10
		0.0549	0.0940	0.1104	0.1258	
NDCG_score:	@1	@3	@5	@10
		0.0549	0.1075	0.1372	0.1747	
📄 Saved batch eval result to result/bpr_result_aug_short_56_tfidf.csv
✅ [Epoch 1] New best HR@10: 0.3354, model saved to checkpoints/bpr_filtered-h-and-m_best.pt
[Epoch 2] Loss: 0.1699
num_hit:	@1	@3	@5	@10
		0.0541	0.1496	0.2195	0.3388	
MAP_score:	@1	@3	@5	@10
		0.0541	0.0945	0.1102	0.1260	
NDCG_score:	@1	@3	@5	@10
		0.0541	0.1086	0.1372	0.1756	
📄 Saved batch eval result to result/bpr_result_aug_short_56_tfidf.csv
✅ [Epoch 2] New best HR@10: 0.3388, model saved to checkpoints/bpr_filtered-h-and-m_best.pt
[Epoch 3] Loss: 0.0908
num_hit:	@1	@3	@5	@10
		0.0573	0.1491	0.2178	0.3406	
MAP_score:	@1	@3	@5	@10
		0.0573	0.0956	0.1112	0.1273	
NDCG_score:	@1	@3	@5	@10
		0.0573	0.1093	0.1375	0.1769	
📄 Saved batch eval result to result/bpr_result_aug_short_56_tfidf.csv
✅ [Epoch 3] New best HR@10: 0.3406, model saved to checkpoints/bpr_filtered-h-and-m_best.pt
[Epoch 4] Loss: 0.0697
num_hit:	@1	@3	@5	@10
		0.0581	0.1499	0.2214	0.3422	
MAP_score:	@1	@3	@5	@10
		0.0581	0.0969	0.1130	0.1289	
NDCG_score:	@1	@3	@5	@10
		0.0581	0.1104	0.1397	0.1785	
📄 Saved batch eval result to result/bpr_result_aug_short_56_tfidf.csv
✅ [Epoch 4] New best HR@10: 0.3422, model saved to checkpoints/bpr_filtered-h-and-m_best.pt
[Epoch 5] Loss: 0.0600
num_hit:	@1	@3	@5	@10
		0.0581	0.1534	0.2229	0.3406	
MAP_score:	@1	@3	@5	@10
		0.0581	0.0983	0.1141	0.1297	
NDCG_score:	@1	@3	@5	@10
		0.0581	0.1123	0.1409	0.1789	
[Epoch 5] HR@10 = 0.3406, best = 0.3422 (epoch 4)
[Epoch 6] Loss: 0.0537
num_hit:	@1	@3	@5	@10
		0.0589	0.1552	0.2234	0.3456	
MAP_score:	@1	@3	@5	@10
		0.0589	0.0995	0.1149	0.1311	
NDCG_score:	@1	@3	@5	@10
		0.0589	0.1137	0.1417	0.1811	
📄 Saved batch eval result to result/bpr_result_aug_short_56_tfidf.csv
✅ [Epoch 6] New best HR@10: 0.3456, model saved to checkpoints/bpr_filtered-h-and-m_best.pt
[Epoch 7] Loss: 0.0497
num_hit:	@1	@3	@5	@10
		0.0601	0.1566	0.2261	0.3467	
MAP_score:	@1	@3	@5	@10
		0.0601	0.1011	0.1169	0.1330	
NDCG_score:	@1	@3	@5	@10
		0.0601	0.1153	0.1438	0.1828	
📄 Saved batch eval result to result/bpr_result_aug_short_56_tfidf.csv
✅ [Epoch 7] New best HR@10: 0.3467, model saved to checkpoints/bpr_filtered-h-and-m_best.pt
[Epoch 8] Loss: 0.0458
num_hit:	@1	@3	@5	@10
		0.0631	0.1607	0.2308	0.3499	
MAP_score:	@1	@3	@5	@10
		0.0631	0.1045	0.1203	0.1359	
NDCG_score:	@1	@3	@5	@10
		0.0631	0.1188	0.1475	0.1858	
📄 Saved batch eval result to result/bpr_result_aug_short_56_tfidf.csv
✅ [Epoch 8] New best HR@10: 0.3499, model saved to checkpoints/bpr_filtered-h-and-m_best.pt
[Epoch 9] Loss: 0.0430
num_hit:	@1	@3	@5	@10
		0.0656	0.1648	0.2328	0.3540	
MAP_score:	@1	@3	@5	@10
		0.0656	0.1078	0.1231	0.1392	
NDCG_score:	@1	@3	@5	@10
		0.0656	0.1224	0.1502	0.1892	
📄 Saved batch eval result to result/bpr_result_aug_short_56_tfidf.csv
✅ [Epoch 9] New best HR@10: 0.3540, model saved to checkpoints/bpr_filtered-h-and-m_best.pt
[Epoch 10] Loss: 0.0399
num_hit:	@1	@3	@5	@10
		0.0668	0.1653	0.2374	0.3576	
MAP_score:	@1	@3	@5	@10
		0.0668	0.1080	0.1243	0.1401	
NDCG_score:	@1	@3	@5	@10
		0.0668	0.1226	0.1521	0.1908	
📄 Saved batch eval result to result/bpr_result_aug_short_56_tfidf.csv
✅ [Epoch 10] New best HR@10: 0.3576, model saved to checkpoints/bpr_filtered-h-and-m_best.pt
[Epoch 11] Loss: 0.0373
num_hit:	@1	@3	@5	@10
		0.0691	0.1707	0.2427	0.3631	
MAP_score:	@1	@3	@5	@10
		0.0691	0.1117	0.1280	0.1440	
NDCG_score:	@1	@3	@5	@10
		0.0691	0.1268	0.1563	0.1951	
📄 Saved batch eval result to result/bpr_result_aug_short_56_tfidf.csv
✅ [Epoch 11] New best HR@10: 0.3631, model saved to checkpoints/bpr_filtered-h-and-m_best.pt
[Epoch 12] Loss: 0.0349
num_hit:	@1	@3	@5	@10
		0.0692	0.1705	0.2429	0.3655	
MAP_score:	@1	@3	@5	@10
		0.0692	0.1120	0.1283	0.1446	
NDCG_score:	@1	@3	@5	@10
		0.0692	0.1269	0.1566	0.1962	
📄 Saved batch eval result to result/bpr_result_aug_short_56_tfidf.csv
✅ [Epoch 12] New best HR@10: 0.3655, model saved to checkpoints/bpr_filtered-h-and-m_best.pt
[Epoch 13] Loss: 0.0325
num_hit:	@1	@3	@5	@10
		0.0713	0.1745	0.2486	0.3724	
MAP_score:	@1	@3	@5	@10
		0.0713	0.1150	0.1319	0.1482	
NDCG_score:	@1	@3	@5	@10
		0.0713	0.1302	0.1607	0.2004	
📄 Saved batch eval result to result/bpr_result_aug_short_56_tfidf.csv
✅ [Epoch 13] New best HR@10: 0.3724, model saved to checkpoints/bpr_filtered-h-and-m_best.pt
[Epoch 14] Loss: 0.0305
num_hit:	@1	@3	@5	@10
		0.0746	0.1775	0.2507	0.3782	
MAP_score:	@1	@3	@5	@10
		0.0746	0.1188	0.1353	0.1520	
NDCG_score:	@1	@3	@5	@10
		0.0746	0.1338	0.1638	0.2047	
📄 Saved batch eval result to result/bpr_result_aug_short_56_tfidf.csv
✅ [Epoch 14] New best HR@10: 0.3782, model saved to checkpoints/bpr_filtered-h-and-m_best.pt
[Epoch 15] Loss: 0.0281
num_hit:	@1	@3	@5	@10
		0.0772	0.1793	0.2565	0.3818	
MAP_score:	@1	@3	@5	@10
		0.0772	0.1209	0.1384	0.1549	
NDCG_score:	@1	@3	@5	@10
		0.0772	0.1358	0.1675	0.2079	
📄 Saved batch eval result to result/bpr_result_aug_short_56_tfidf.csv
✅ [Epoch 15] New best HR@10: 0.3818, model saved to checkpoints/bpr_filtered-h-and-m_best.pt
[Epoch 16] Loss: 0.0263
num_hit:	@1	@3	@5	@10
		0.0751	0.1834	0.2616	0.3838	
MAP_score:	@1	@3	@5	@10
		0.0751	0.1213	0.1391	0.1552	
NDCG_score:	@1	@3	@5	@10
		0.0751	0.1372	0.1694	0.2086	
📄 Saved batch eval result to result/bpr_result_aug_short_56_tfidf.csv
✅ [Epoch 16] New best HR@10: 0.3838, model saved to checkpoints/bpr_filtered-h-and-m_best.pt
[Epoch 17] Loss: 0.0244
num_hit:	@1	@3	@5	@10
		0.0815	0.1912	0.2675	0.3875	
MAP_score:	@1	@3	@5	@10
		0.0815	0.1285	0.1460	0.1620	
NDCG_score:	@1	@3	@5	@10
		0.0815	0.1446	0.1760	0.2148	
📄 Saved batch eval result to result/bpr_result_aug_short_56_tfidf.csv
✅ [Epoch 17] New best HR@10: 0.3875, model saved to checkpoints/bpr_filtered-h-and-m_best.pt
[Epoch 18] Loss: 0.0226
num_hit:	@1	@3	@5	@10
		0.0842	0.1973	0.2707	0.3973	
MAP_score:	@1	@3	@5	@10
		0.0842	0.1325	0.1493	0.1658	
NDCG_score:	@1	@3	@5	@10
		0.0842	0.1491	0.1793	0.2199	
📄 Saved batch eval result to result/bpr_result_aug_short_56_tfidf.csv
✅ [Epoch 18] New best HR@10: 0.3973, model saved to checkpoints/bpr_filtered-h-and-m_best.pt
[Epoch 19] Loss: 0.0209
num_hit:	@1	@3	@5	@10
		0.0885	0.2009	0.2767	0.4021	
MAP_score:	@1	@3	@5	@10
		0.0885	0.1366	0.1538	0.1704	
NDCG_score:	@1	@3	@5	@10
		0.0885	0.1530	0.1842	0.2246	
📄 Saved batch eval result to result/bpr_result_aug_short_56_tfidf.csv
✅ [Epoch 19] New best HR@10: 0.4021, model saved to checkpoints/bpr_filtered-h-and-m_best.pt
[Epoch 20] Loss: 0.0194
num_hit:	@1	@3	@5	@10
		0.0892	0.2049	0.2805	0.4056	
MAP_score:	@1	@3	@5	@10
		0.0892	0.1388	0.1559	0.1725	
NDCG_score:	@1	@3	@5	@10
		0.0892	0.1557	0.1867	0.2271	
📄 Saved batch eval result to result/bpr_result_aug_short_56_tfidf.csv
✅ [Epoch 20] New best HR@10: 0.4056, model saved to checkpoints/bpr_filtered-h-and-m_best.pt
[Epoch 21] Loss: 0.0181
num_hit:	@1	@3	@5	@10
		0.0942	0.2080	0.2854	0.4095	
MAP_score:	@1	@3	@5	@10
		0.0942	0.1430	0.1606	0.1769	
NDCG_score:	@1	@3	@5	@10
		0.0942	0.1597	0.1914	0.2313	
📄 Saved batch eval result to result/bpr_result_aug_short_56_tfidf.csv
✅ [Epoch 21] New best HR@10: 0.4095, model saved to checkpoints/bpr_filtered-h-and-m_best.pt
[Epoch 22] Loss: 0.0168
num_hit:	@1	@3	@5	@10
		0.0989	0.2122	0.2895	0.4111	
MAP_score:	@1	@3	@5	@10
		0.0989	0.1476	0.1651	0.1814	
NDCG_score:	@1	@3	@5	@10
		0.0989	0.1642	0.1959	0.2352	
📄 Saved batch eval result to result/bpr_result_aug_short_56_tfidf.csv
✅ [Epoch 22] New best HR@10: 0.4111, model saved to checkpoints/bpr_filtered-h-and-m_best.pt
[Epoch 23] Loss: 0.0156
num_hit:	@1	@3	@5	@10
		0.1013	0.2152	0.2900	0.4182	
MAP_score:	@1	@3	@5	@10
		0.1013	0.1499	0.1669	0.1841	
NDCG_score:	@1	@3	@5	@10
		0.1013	0.1666	0.1974	0.2388	
📄 Saved batch eval result to result/bpr_result_aug_short_56_tfidf.csv
✅ [Epoch 23] New best HR@10: 0.4182, model saved to checkpoints/bpr_filtered-h-and-m_best.pt
[Epoch 24] Loss: 0.0142
num_hit:	@1	@3	@5	@10
		0.1039	0.2184	0.2991	0.4176	
MAP_score:	@1	@3	@5	@10
		0.1039	0.1531	0.1714	0.1871	
NDCG_score:	@1	@3	@5	@10
		0.1039	0.1698	0.2029	0.2411	
[Epoch 24] HR@10 = 0.4176, best = 0.4182 (epoch 23)
[Epoch 25] Loss: 0.0132
num_hit:	@1	@3	@5	@10
		0.1068	0.2259	0.3033	0.4187	
MAP_score:	@1	@3	@5	@10
		0.1068	0.1582	0.1758	0.1911	
NDCG_score:	@1	@3	@5	@10
		0.1068	0.1755	0.2073	0.2446	
📄 Saved batch eval result to result/bpr_result_aug_short_56_tfidf.csv
✅ [Epoch 25] New best HR@10: 0.4187, model saved to checkpoints/bpr_filtered-h-and-m_best.pt
[Epoch 26] Loss: 0.0121
num_hit:	@1	@3	@5	@10
		0.1095	0.2304	0.3060	0.4238	
MAP_score:	@1	@3	@5	@10
		0.1095	0.1615	0.1787	0.1942	
NDCG_score:	@1	@3	@5	@10
		0.1095	0.1791	0.2102	0.2481	
📄 Saved batch eval result to result/bpr_result_aug_short_56_tfidf.csv
✅ [Epoch 26] New best HR@10: 0.4238, model saved to checkpoints/bpr_filtered-h-and-m_best.pt
[Epoch 27] Loss: 0.0113
num_hit:	@1	@3	@5	@10
		0.1149	0.2336	0.3085	0.4216	
MAP_score:	@1	@3	@5	@10
		0.1149	0.1654	0.1824	0.1974	
NDCG_score:	@1	@3	@5	@10
		0.1149	0.1828	0.2136	0.2501	
[Epoch 27] HR@10 = 0.4216, best = 0.4238 (epoch 26)
[Epoch 28] Loss: 0.0104
num_hit:	@1	@3	@5	@10
		0.1178	0.2389	0.3128	0.4253	
MAP_score:	@1	@3	@5	@10
		0.1178	0.1697	0.1865	0.2014	
NDCG_score:	@1	@3	@5	@10
		0.1178	0.1874	0.2177	0.2541	
📄 Saved batch eval result to result/bpr_result_aug_short_56_tfidf.csv
✅ [Epoch 28] New best HR@10: 0.4253, model saved to checkpoints/bpr_filtered-h-and-m_best.pt
[Epoch 29] Loss: 0.0097
num_hit:	@1	@3	@5	@10
		0.1202	0.2429	0.3154	0.4284	
MAP_score:	@1	@3	@5	@10
		0.1202	0.1724	0.1889	0.2040	
NDCG_score:	@1	@3	@5	@10
		0.1202	0.1904	0.2202	0.2568	
📄 Saved batch eval result to result/bpr_result_aug_short_56_tfidf.csv
✅ [Epoch 29] New best HR@10: 0.4284, model saved to checkpoints/bpr_filtered-h-and-m_best.pt
[Epoch 30] Loss: 0.0092
num_hit:	@1	@3	@5	@10
		0.1241	0.2448	0.3218	0.4307	
MAP_score:	@1	@3	@5	@10
		0.1241	0.1758	0.1933	0.2078	
NDCG_score:	@1	@3	@5	@10
		0.1241	0.1934	0.2251	0.2602	
📄 Saved batch eval result to result/bpr_result_aug_short_56_tfidf.csv
✅ [Epoch 30] New best HR@10: 0.4307, model saved to checkpoints/bpr_filtered-h-and-m_best.pt
[Epoch 31] Loss: 0.0083
num_hit:	@1	@3	@5	@10
		0.1248	0.2525	0.3235	0.4312	
MAP_score:	@1	@3	@5	@10
		0.1248	0.1794	0.1955	0.2098	
NDCG_score:	@1	@3	@5	@10
		0.1248	0.1981	0.2272	0.2620	
📄 Saved batch eval result to result/bpr_result_aug_short_56_tfidf.csv
✅ [Epoch 31] New best HR@10: 0.4312, model saved to checkpoints/bpr_filtered-h-and-m_best.pt
[Epoch 32] Loss: 0.0078
num_hit:	@1	@3	@5	@10
		0.1262	0.2551	0.3213	0.4299	
MAP_score:	@1	@3	@5	@10
		0.1262	0.1815	0.1966	0.2112	
NDCG_score:	@1	@3	@5	@10
		0.1262	0.2003	0.2276	0.2628	
[Epoch 32] HR@10 = 0.4299, best = 0.4312 (epoch 31)
[Epoch 33] Loss: 0.0073
num_hit:	@1	@3	@5	@10
		0.1295	0.2567	0.3241	0.4331	
MAP_score:	@1	@3	@5	@10
		0.1295	0.1840	0.1994	0.2139	
NDCG_score:	@1	@3	@5	@10
		0.1295	0.2026	0.2304	0.2656	
📄 Saved batch eval result to result/bpr_result_aug_short_56_tfidf.csv
✅ [Epoch 33] New best HR@10: 0.4331, model saved to checkpoints/bpr_filtered-h-and-m_best.pt
[Epoch 34] Loss: 0.0068
num_hit:	@1	@3	@5	@10
		0.1329	0.2552	0.3266	0.4351	
MAP_score:	@1	@3	@5	@10
		0.1329	0.1858	0.2020	0.2164	
NDCG_score:	@1	@3	@5	@10
		0.1329	0.2035	0.2329	0.2679	
📄 Saved batch eval result to result/bpr_result_aug_short_56_tfidf.csv
✅ [Epoch 34] New best HR@10: 0.4351, model saved to checkpoints/bpr_filtered-h-and-m_best.pt
[Epoch 35] Loss: 0.0063
num_hit:	@1	@3	@5	@10
		0.1373	0.2599	0.3311	0.4328	
MAP_score:	@1	@3	@5	@10
		0.1373	0.1899	0.2063	0.2197	
NDCG_score:	@1	@3	@5	@10
		0.1373	0.2078	0.2372	0.2700	
[Epoch 35] HR@10 = 0.4328, best = 0.4351 (epoch 34)
[Epoch 36] Loss: 0.0059
num_hit:	@1	@3	@5	@10
		0.1387	0.2618	0.3320	0.4329	
MAP_score:	@1	@3	@5	@10
		0.1387	0.1924	0.2085	0.2219	
NDCG_score:	@1	@3	@5	@10
		0.1387	0.2102	0.2392	0.2718	
[Epoch 36] HR@10 = 0.4329, best = 0.4351 (epoch 34)
[Epoch 37] Loss: 0.0055
num_hit:	@1	@3	@5	@10
		0.1425	0.2648	0.3348	0.4368	
MAP_score:	@1	@3	@5	@10
		0.1425	0.1953	0.2112	0.2247	
NDCG_score:	@1	@3	@5	@10
		0.1425	0.2131	0.2418	0.2747	
📄 Saved batch eval result to result/bpr_result_aug_short_56_tfidf.csv
✅ [Epoch 37] New best HR@10: 0.4368, model saved to checkpoints/bpr_filtered-h-and-m_best.pt
[Epoch 38] Loss: 0.0053
num_hit:	@1	@3	@5	@10
		0.1466	0.2658	0.3369	0.4339	
MAP_score:	@1	@3	@5	@10
		0.1466	0.1979	0.2141	0.2271	
NDCG_score:	@1	@3	@5	@10
		0.1466	0.2153	0.2445	0.2759	
[Epoch 38] HR@10 = 0.4339, best = 0.4368 (epoch 37)
[Epoch 39] Loss: 0.0049
num_hit:	@1	@3	@5	@10
		0.1475	0.2678	0.3355	0.4351	
MAP_score:	@1	@3	@5	@10
		0.1475	0.1993	0.2148	0.2282	
NDCG_score:	@1	@3	@5	@10
		0.1475	0.2169	0.2447	0.2771	
[Epoch 39] HR@10 = 0.4351, best = 0.4368 (epoch 37)
[Epoch 40] Loss: 0.0046
num_hit:	@1	@3	@5	@10
		0.1496	0.2681	0.3362	0.4378	
MAP_score:	@1	@3	@5	@10
		0.1496	0.2006	0.2161	0.2298	
NDCG_score:	@1	@3	@5	@10
		0.1496	0.2179	0.2459	0.2788	
📄 Saved batch eval result to result/bpr_result_aug_short_56_tfidf.csv
✅ [Epoch 40] New best HR@10: 0.4378, model saved to checkpoints/bpr_filtered-h-and-m_best.pt
[Epoch 41] Loss: 0.0043
num_hit:	@1	@3	@5	@10
		0.1515	0.2695	0.3401	0.4379	
MAP_score:	@1	@3	@5	@10
		0.1515	0.2024	0.2185	0.2316	
NDCG_score:	@1	@3	@5	@10
		0.1515	0.2196	0.2486	0.2803	
📄 Saved batch eval result to result/bpr_result_aug_short_56_tfidf.csv
✅ [Epoch 41] New best HR@10: 0.4379, model saved to checkpoints/bpr_filtered-h-and-m_best.pt
[Epoch 42] Loss: 0.0041
num_hit:	@1	@3	@5	@10
		0.1531	0.2722	0.3406	0.4389	
MAP_score:	@1	@3	@5	@10
		0.1531	0.2049	0.2205	0.2335	
NDCG_score:	@1	@3	@5	@10
		0.1531	0.2222	0.2503	0.2820	
📄 Saved batch eval result to result/bpr_result_aug_short_56_tfidf.csv
✅ [Epoch 42] New best HR@10: 0.4389, model saved to checkpoints/bpr_filtered-h-and-m_best.pt
[Epoch 43] Loss: 0.0039
num_hit:	@1	@3	@5	@10
		0.1569	0.2700	0.3406	0.4375	
MAP_score:	@1	@3	@5	@10
		0.1569	0.2059	0.2220	0.2349	
NDCG_score:	@1	@3	@5	@10
		0.1569	0.2223	0.2513	0.2827	
[Epoch 43] HR@10 = 0.4375, best = 0.4389 (epoch 42)
[Epoch 44] Loss: 0.0037
num_hit:	@1	@3	@5	@10
		0.1594	0.2738	0.3428	0.4386	
MAP_score:	@1	@3	@5	@10
		0.1594	0.2087	0.2243	0.2371	
NDCG_score:	@1	@3	@5	@10
		0.1594	0.2253	0.2537	0.2846	
[Epoch 44] HR@10 = 0.4386, best = 0.4389 (epoch 42)
[Epoch 45] Loss: 0.0035
num_hit:	@1	@3	@5	@10
		0.1613	0.2766	0.3425	0.4388	
MAP_score:	@1	@3	@5	@10
		0.1613	0.2107	0.2257	0.2386	
NDCG_score:	@1	@3	@5	@10
		0.1613	0.2276	0.2546	0.2858	
[Epoch 45] HR@10 = 0.4388, best = 0.4389 (epoch 42)
[Epoch 46] Loss: 0.0033
num_hit:	@1	@3	@5	@10
		0.1633	0.2782	0.3402	0.4372	
MAP_score:	@1	@3	@5	@10
		0.1633	0.2128	0.2269	0.2399	
NDCG_score:	@1	@3	@5	@10
		0.1633	0.2296	0.2550	0.2864	
[Epoch 46] HR@10 = 0.4372, best = 0.4389 (epoch 42)
[Epoch 47] Loss: 0.0032
num_hit:	@1	@3	@5	@10
		0.1622	0.2787	0.3413	0.4382	
MAP_score:	@1	@3	@5	@10
		0.1622	0.2123	0.2266	0.2395	
NDCG_score:	@1	@3	@5	@10
		0.1622	0.2293	0.2551	0.2864	
[Epoch 47] HR@10 = 0.4382, best = 0.4389 (epoch 42)
[Epoch 48] Loss: 0.0030
num_hit:	@1	@3	@5	@10
		0.1618	0.2765	0.3421	0.4380	
MAP_score:	@1	@3	@5	@10
		0.1618	0.2115	0.2266	0.2392	
NDCG_score:	@1	@3	@5	@10
		0.1618	0.2282	0.2553	0.2861	
[Epoch 48] HR@10 = 0.4380, best = 0.4389 (epoch 42)
[Epoch 49] Loss: 0.0029
num_hit:	@1	@3	@5	@10
		0.1640	0.2791	0.3432	0.4388	
MAP_score:	@1	@3	@5	@10
		0.1640	0.2139	0.2285	0.2411	
NDCG_score:	@1	@3	@5	@10
		0.1640	0.2306	0.2569	0.2877	
[Epoch 49] HR@10 = 0.4388, best = 0.4389 (epoch 42)
[Epoch 50] Loss: 0.0027
num_hit:	@1	@3	@5	@10
		0.1658	0.2793	0.3448	0.4376	
MAP_score:	@1	@3	@5	@10
		0.1658	0.2149	0.2299	0.2422	
NDCG_score:	@1	@3	@5	@10
		0.1658	0.2314	0.2584	0.2884	
[Epoch 50] HR@10 = 0.4376, best = 0.4389 (epoch 42)
Model saved to checkpoints/bpr_last_filtered-h-and-m.pt
