Dataset: filtered-h-and-m, Users: 1371716, Items: 105522
Generating training data...
[Epoch 1] Loss: 0.2636
📄 Saved batch eval result to result/bpr_result_aug_56_bpr_eval_ep_1.csv
num_hit:	@1	@3	@5	@10
		0.0276	0.1143	0.1945	0.3207	
MAP_score:	@1	@3	@5	@10
		0.0276	0.0634	0.0817	0.0983	
NDCG_score:	@1	@3	@5	@10
		0.0276	0.0764	0.1094	0.1500	
✅ [Epoch 1] New best HR@10: 0.3207, model saved to checkpoints/bpr_filtered-h-and-m_best.pt
[Epoch 2] Loss: 0.0473
📄 Saved batch eval result to result/bpr_result_aug_56_bpr_eval_ep_2.csv
num_hit:	@1	@3	@5	@10
		0.0279	0.1144	0.1904	0.3155	
MAP_score:	@1	@3	@5	@10
		0.0279	0.0636	0.0809	0.0974	
NDCG_score:	@1	@3	@5	@10
		0.0279	0.0766	0.1078	0.1480	
[Epoch 2] HR@10 = 0.3155, best = 0.3207 (epoch 1)
[Epoch 3] Loss: 0.0339
📄 Saved batch eval result to result/bpr_result_aug_56_bpr_eval_ep_3.csv
num_hit:	@1	@3	@5	@10
		0.0290	0.1103	0.1923	0.3145	
MAP_score:	@1	@3	@5	@10
		0.0290	0.0629	0.0815	0.0976	
NDCG_score:	@1	@3	@5	@10
		0.0290	0.0750	0.1087	0.1480	
[Epoch 3] HR@10 = 0.3145, best = 0.3207 (epoch 1)
[Epoch 4] Loss: 0.0300
📄 Saved batch eval result to result/bpr_result_aug_56_bpr_eval_ep_4.csv
num_hit:	@1	@3	@5	@10
		0.0277	0.1120	0.1885	0.3139	
MAP_score:	@1	@3	@5	@10
		0.0277	0.0623	0.0796	0.0963	
NDCG_score:	@1	@3	@5	@10
		0.0277	0.0749	0.1063	0.1468	
[Epoch 4] HR@10 = 0.3139, best = 0.3207 (epoch 1)
[Epoch 5] Loss: 0.0280
📄 Saved batch eval result to result/bpr_result_aug_56_bpr_eval_ep_5.csv
num_hit:	@1	@3	@5	@10
		0.0276	0.1103	0.1862	0.3135	
MAP_score:	@1	@3	@5	@10
		0.0276	0.0618	0.0790	0.0958	
NDCG_score:	@1	@3	@5	@10
		0.0276	0.0741	0.1053	0.1462	
[Epoch 5] HR@10 = 0.3135, best = 0.3207 (epoch 1)
[Epoch 6] Loss: 0.0266
📄 Saved batch eval result to result/bpr_result_aug_56_bpr_eval_ep_6.csv
num_hit:	@1	@3	@5	@10
		0.0269	0.1143	0.1883	0.3158	
MAP_score:	@1	@3	@5	@10
		0.0269	0.0630	0.0797	0.0966	
NDCG_score:	@1	@3	@5	@10
		0.0269	0.0760	0.1064	0.1475	
[Epoch 6] HR@10 = 0.3158, best = 0.3207 (epoch 1)
[Epoch 7] Loss: 0.0255
📄 Saved batch eval result to result/bpr_result_aug_56_bpr_eval_ep_7.csv
num_hit:	@1	@3	@5	@10
		0.0278	0.1157	0.1920	0.3198	
MAP_score:	@1	@3	@5	@10
		0.0278	0.0638	0.0812	0.0981	
NDCG_score:	@1	@3	@5	@10
		0.0278	0.0770	0.1084	0.1496	
[Epoch 7] HR@10 = 0.3198, best = 0.3207 (epoch 1)
[Epoch 8] Loss: 0.0244
📄 Saved batch eval result to result/bpr_result_aug_56_bpr_eval_ep_8.csv
num_hit:	@1	@3	@5	@10
		0.0275	0.1154	0.1897	0.3203	
MAP_score:	@1	@3	@5	@10
		0.0275	0.0639	0.0808	0.0981	
NDCG_score:	@1	@3	@5	@10
		0.0275	0.0771	0.1076	0.1496	
[Epoch 8] HR@10 = 0.3203, best = 0.3207 (epoch 1)
[Epoch 9] Loss: 0.0230
📄 Saved batch eval result to result/bpr_result_aug_56_bpr_eval_ep_9.csv
num_hit:	@1	@3	@5	@10
		0.0291	0.1128	0.1869	0.3206	
MAP_score:	@1	@3	@5	@10
		0.0291	0.0641	0.0809	0.0986	
NDCG_score:	@1	@3	@5	@10
		0.0291	0.0765	0.1069	0.1500	
[Epoch 9] HR@10 = 0.3206, best = 0.3207 (epoch 1)
[Epoch 10] Loss: 0.0219
📄 Saved batch eval result to result/bpr_result_aug_56_bpr_eval_ep_10.csv
num_hit:	@1	@3	@5	@10
		0.0263	0.1113	0.1901	0.3233	
MAP_score:	@1	@3	@5	@10
		0.0263	0.0619	0.0797	0.0973	
NDCG_score:	@1	@3	@5	@10
		0.0263	0.0745	0.1068	0.1497	
✅ [Epoch 10] New best HR@10: 0.3233, model saved to checkpoints/bpr_filtered-h-and-m_best.pt
[Epoch 11] Loss: 0.0206
📄 Saved batch eval result to result/bpr_result_aug_56_bpr_eval_ep_11.csv
num_hit:	@1	@3	@5	@10
		0.0300	0.1146	0.1896	0.3233	
MAP_score:	@1	@3	@5	@10
		0.0300	0.0647	0.0818	0.0996	
NDCG_score:	@1	@3	@5	@10
		0.0300	0.0774	0.1083	0.1514	
[Epoch 11] HR@10 = 0.3233, best = 0.3233 (epoch 10)
[Epoch 12] Loss: 0.0190
📄 Saved batch eval result to result/bpr_result_aug_56_bpr_eval_ep_12.csv
num_hit:	@1	@3	@5	@10
		0.0283	0.1193	0.1973	0.3293	
MAP_score:	@1	@3	@5	@10
		0.0283	0.0659	0.0836	0.1011	
NDCG_score:	@1	@3	@5	@10
		0.0283	0.0795	0.1116	0.1540	
✅ [Epoch 12] New best HR@10: 0.3293, model saved to checkpoints/bpr_filtered-h-and-m_best.pt
[Epoch 13] Loss: 0.0178
📄 Saved batch eval result to result/bpr_result_aug_56_bpr_eval_ep_13.csv
num_hit:	@1	@3	@5	@10
		0.0294	0.1233	0.2055	0.3385	
MAP_score:	@1	@3	@5	@10
		0.0294	0.0683	0.0870	0.1045	
NDCG_score:	@1	@3	@5	@10
		0.0294	0.0823	0.1161	0.1589	
✅ [Epoch 13] New best HR@10: 0.3385, model saved to checkpoints/bpr_filtered-h-and-m_best.pt
[Epoch 14] Loss: 0.0165
📄 Saved batch eval result to result/bpr_result_aug_56_bpr_eval_ep_14.csv
num_hit:	@1	@3	@5	@10
		0.0321	0.1283	0.2089	0.3441	
MAP_score:	@1	@3	@5	@10
		0.0321	0.0714	0.0896	0.1074	
NDCG_score:	@1	@3	@5	@10
		0.0321	0.0859	0.1189	0.1624	
✅ [Epoch 14] New best HR@10: 0.3441, model saved to checkpoints/bpr_filtered-h-and-m_best.pt
[Epoch 15] Loss: 0.0150
📄 Saved batch eval result to result/bpr_result_aug_56_bpr_eval_ep_15.csv
num_hit:	@1	@3	@5	@10
		0.0341	0.1298	0.2122	0.3462	
MAP_score:	@1	@3	@5	@10
		0.0341	0.0739	0.0926	0.1104	
NDCG_score:	@1	@3	@5	@10
		0.0341	0.0882	0.1220	0.1652	
✅ [Epoch 15] New best HR@10: 0.3462, model saved to checkpoints/bpr_filtered-h-and-m_best.pt
[Epoch 16] Loss: 0.0139
📄 Saved batch eval result to result/bpr_result_aug_56_bpr_eval_ep_16.csv
num_hit:	@1	@3	@5	@10
		0.0381	0.1344	0.2201	0.3526	
MAP_score:	@1	@3	@5	@10
		0.0381	0.0780	0.0974	0.1151	
NDCG_score:	@1	@3	@5	@10
		0.0381	0.0924	0.1276	0.1703	
✅ [Epoch 16] New best HR@10: 0.3526, model saved to checkpoints/bpr_filtered-h-and-m_best.pt
[Epoch 17] Loss: 0.0126
📄 Saved batch eval result to result/bpr_result_aug_56_bpr_eval_ep_17.csv
num_hit:	@1	@3	@5	@10
		0.0386	0.1397	0.2227	0.3600	
MAP_score:	@1	@3	@5	@10
		0.0386	0.0809	0.0997	0.1180	
NDCG_score:	@1	@3	@5	@10
		0.0386	0.0959	0.1300	0.1743	
✅ [Epoch 17] New best HR@10: 0.3600, model saved to checkpoints/bpr_filtered-h-and-m_best.pt
[Epoch 18] Loss: 0.0114
📄 Saved batch eval result to result/bpr_result_aug_56_bpr_eval_ep_18.csv
num_hit:	@1	@3	@5	@10
		0.0405	0.1429	0.2318	0.3663	
MAP_score:	@1	@3	@5	@10
		0.0405	0.0834	0.1036	0.1214	
NDCG_score:	@1	@3	@5	@10
		0.0405	0.0985	0.1351	0.1784	
✅ [Epoch 18] New best HR@10: 0.3663, model saved to checkpoints/bpr_filtered-h-and-m_best.pt
[Epoch 19] Loss: 0.0104
📄 Saved batch eval result to result/bpr_result_aug_56_bpr_eval_ep_19.csv
num_hit:	@1	@3	@5	@10
		0.0436	0.1503	0.2330	0.3712	
MAP_score:	@1	@3	@5	@10
		0.0436	0.0882	0.1070	0.1255	
NDCG_score:	@1	@3	@5	@10
		0.0436	0.1040	0.1380	0.1828	
✅ [Epoch 19] New best HR@10: 0.3712, model saved to checkpoints/bpr_filtered-h-and-m_best.pt
[Epoch 20] Loss: 0.0095
📄 Saved batch eval result to result/bpr_result_aug_56_bpr_eval_ep_20.csv
num_hit:	@1	@3	@5	@10
		0.0470	0.1523	0.2399	0.3762	
MAP_score:	@1	@3	@5	@10
		0.0470	0.0908	0.1107	0.1288	
NDCG_score:	@1	@3	@5	@10
		0.0470	0.1065	0.1425	0.1865	
✅ [Epoch 20] New best HR@10: 0.3762, model saved to checkpoints/bpr_filtered-h-and-m_best.pt
[Epoch 21] Loss: 0.0085
📄 Saved batch eval result to result/bpr_result_aug_56_bpr_eval_ep_21.csv
num_hit:	@1	@3	@5	@10
		0.0520	0.1614	0.2459	0.3833	
MAP_score:	@1	@3	@5	@10
		0.0520	0.0974	0.1165	0.1347	
NDCG_score:	@1	@3	@5	@10
		0.0520	0.1137	0.1484	0.1927	
✅ [Epoch 21] New best HR@10: 0.3833, model saved to checkpoints/bpr_filtered-h-and-m_best.pt
[Epoch 22] Loss: 0.0079
📄 Saved batch eval result to result/bpr_result_aug_56_bpr_eval_ep_22.csv
num_hit:	@1	@3	@5	@10
		0.0558	0.1646	0.2511	0.3904	
MAP_score:	@1	@3	@5	@10
		0.0558	0.1008	0.1203	0.1387	
NDCG_score:	@1	@3	@5	@10
		0.0558	0.1171	0.1524	0.1973	
✅ [Epoch 22] New best HR@10: 0.3904, model saved to checkpoints/bpr_filtered-h-and-m_best.pt
[Epoch 23] Loss: 0.0072
📄 Saved batch eval result to result/bpr_result_aug_56_bpr_eval_ep_23.csv
num_hit:	@1	@3	@5	@10
		0.0535	0.1691	0.2575	0.3920	
MAP_score:	@1	@3	@5	@10
		0.0535	0.1024	0.1226	0.1405	
NDCG_score:	@1	@3	@5	@10
		0.0535	0.1195	0.1558	0.1993	
✅ [Epoch 23] New best HR@10: 0.3920, model saved to checkpoints/bpr_filtered-h-and-m_best.pt
[Epoch 24] Loss: 0.0065
📄 Saved batch eval result to result/bpr_result_aug_56_bpr_eval_ep_24.csv
num_hit:	@1	@3	@5	@10
		0.0583	0.1724	0.2598	0.3963	
MAP_score:	@1	@3	@5	@10
		0.0583	0.1062	0.1262	0.1444	
NDCG_score:	@1	@3	@5	@10
		0.0583	0.1231	0.1591	0.2033	
✅ [Epoch 24] New best HR@10: 0.3963, model saved to checkpoints/bpr_filtered-h-and-m_best.pt
[Epoch 25] Loss: 0.0060
📄 Saved batch eval result to result/bpr_result_aug_56_bpr_eval_ep_25.csv
num_hit:	@1	@3	@5	@10
		0.0627	0.1782	0.2626	0.3943	
MAP_score:	@1	@3	@5	@10
		0.0627	0.1113	0.1304	0.1479	
NDCG_score:	@1	@3	@5	@10
		0.0627	0.1283	0.1630	0.2055	
[Epoch 25] HR@10 = 0.3943, best = 0.3963 (epoch 24)
[Epoch 26] Loss: 0.0055
📄 Saved batch eval result to result/bpr_result_aug_56_bpr_eval_ep_26.csv
num_hit:	@1	@3	@5	@10
		0.0654	0.1836	0.2708	0.4007	
MAP_score:	@1	@3	@5	@10
		0.0654	0.1149	0.1347	0.1519	
NDCG_score:	@1	@3	@5	@10
		0.0654	0.1324	0.1682	0.2101	
✅ [Epoch 26] New best HR@10: 0.4007, model saved to checkpoints/bpr_filtered-h-and-m_best.pt
[Epoch 27] Loss: 0.0051
📄 Saved batch eval result to result/bpr_result_aug_56_bpr_eval_ep_27.csv
num_hit:	@1	@3	@5	@10
		0.0711	0.1856	0.2725	0.3991	
MAP_score:	@1	@3	@5	@10
		0.0711	0.1192	0.1390	0.1560	
NDCG_score:	@1	@3	@5	@10
		0.0711	0.1362	0.1719	0.2129	
[Epoch 27] HR@10 = 0.3991, best = 0.4007 (epoch 26)
[Epoch 28] Loss: 0.0047
📄 Saved batch eval result to result/bpr_result_aug_56_bpr_eval_ep_28.csv
num_hit:	@1	@3	@5	@10
		0.0704	0.1929	0.2785	0.3989	
MAP_score:	@1	@3	@5	@10
		0.0704	0.1217	0.1411	0.1571	
NDCG_score:	@1	@3	@5	@10
		0.0704	0.1399	0.1750	0.2138	
[Epoch 28] HR@10 = 0.3989, best = 0.4007 (epoch 26)
[Epoch 29] Loss: 0.0043
📄 Saved batch eval result to result/bpr_result_aug_56_bpr_eval_ep_29.csv
num_hit:	@1	@3	@5	@10
		0.0748	0.1925	0.2765	0.4017	
MAP_score:	@1	@3	@5	@10
		0.0748	0.1244	0.1435	0.1600	
NDCG_score:	@1	@3	@5	@10
		0.0748	0.1418	0.1763	0.2166	
✅ [Epoch 29] New best HR@10: 0.4017, model saved to checkpoints/bpr_filtered-h-and-m_best.pt
[Epoch 30] Loss: 0.0040
📄 Saved batch eval result to result/bpr_result_aug_56_bpr_eval_ep_30.csv
num_hit:	@1	@3	@5	@10
		0.0786	0.1954	0.2818	0.4010	
MAP_score:	@1	@3	@5	@10
		0.0786	0.1282	0.1478	0.1637	
NDCG_score:	@1	@3	@5	@10
		0.0786	0.1454	0.1808	0.2194	
[Epoch 30] HR@10 = 0.4010, best = 0.4017 (epoch 29)
[Epoch 31] Loss: 0.0038
📄 Saved batch eval result to result/bpr_result_aug_56_bpr_eval_ep_31.csv
num_hit:	@1	@3	@5	@10
		0.0804	0.2016	0.2836	0.4030	
MAP_score:	@1	@3	@5	@10
		0.0804	0.1314	0.1500	0.1660	
NDCG_score:	@1	@3	@5	@10
		0.0804	0.1493	0.1830	0.2216	
✅ [Epoch 31] New best HR@10: 0.4030, model saved to checkpoints/bpr_filtered-h-and-m_best.pt
[Epoch 32] Loss: 0.0035
📄 Saved batch eval result to result/bpr_result_aug_56_bpr_eval_ep_32.csv
num_hit:	@1	@3	@5	@10
		0.0827	0.2033	0.2848	0.4045	
MAP_score:	@1	@3	@5	@10
		0.0827	0.1336	0.1522	0.1681	
NDCG_score:	@1	@3	@5	@10
		0.0827	0.1514	0.1849	0.2236	
✅ [Epoch 32] New best HR@10: 0.4045, model saved to checkpoints/bpr_filtered-h-and-m_best.pt
[Epoch 33] Loss: 0.0034
📄 Saved batch eval result to result/bpr_result_aug_56_bpr_eval_ep_33.csv
num_hit:	@1	@3	@5	@10
		0.0848	0.2051	0.2832	0.4030	
MAP_score:	@1	@3	@5	@10
		0.0848	0.1357	0.1535	0.1696	
NDCG_score:	@1	@3	@5	@10
		0.0848	0.1534	0.1855	0.2244	
[Epoch 33] HR@10 = 0.4030, best = 0.4045 (epoch 32)
[Epoch 34] Loss: 0.0032
📄 Saved batch eval result to result/bpr_result_aug_56_bpr_eval_ep_34.csv
num_hit:	@1	@3	@5	@10
		0.0869	0.2088	0.2865	0.4076	
MAP_score:	@1	@3	@5	@10
		0.0869	0.1384	0.1561	0.1720	
NDCG_score:	@1	@3	@5	@10
		0.0869	0.1564	0.1883	0.2273	
✅ [Epoch 34] New best HR@10: 0.4076, model saved to checkpoints/bpr_filtered-h-and-m_best.pt
[Epoch 35] Loss: 0.0030
📄 Saved batch eval result to result/bpr_result_aug_56_bpr_eval_ep_35.csv
num_hit:	@1	@3	@5	@10
		0.0900	0.2145	0.2922	0.4038	
MAP_score:	@1	@3	@5	@10
		0.0900	0.1422	0.1599	0.1746	
NDCG_score:	@1	@3	@5	@10
		0.0900	0.1607	0.1926	0.2285	
[Epoch 35] HR@10 = 0.4038, best = 0.4076 (epoch 34)
[Epoch 36] Loss: 0.0028
📄 Saved batch eval result to result/bpr_result_aug_56_bpr_eval_ep_36.csv
num_hit:	@1	@3	@5	@10
		0.0922	0.2130	0.2918	0.4053	
MAP_score:	@1	@3	@5	@10
		0.0922	0.1431	0.1610	0.1761	
NDCG_score:	@1	@3	@5	@10
		0.0922	0.1610	0.1933	0.2300	
[Epoch 36] HR@10 = 0.4053, best = 0.4076 (epoch 34)
[Epoch 37] Loss: 0.0027
📄 Saved batch eval result to result/bpr_result_aug_56_bpr_eval_ep_37.csv
num_hit:	@1	@3	@5	@10
		0.0929	0.2154	0.2889	0.4029	
MAP_score:	@1	@3	@5	@10
		0.0929	0.1446	0.1614	0.1766	
NDCG_score:	@1	@3	@5	@10
		0.0929	0.1627	0.1930	0.2299	
[Epoch 37] HR@10 = 0.4029, best = 0.4076 (epoch 34)
[Epoch 38] Loss: 0.0025
📄 Saved batch eval result to result/bpr_result_aug_56_bpr_eval_ep_38.csv
num_hit:	@1	@3	@5	@10
		0.0927	0.2148	0.2910	0.4022	
MAP_score:	@1	@3	@5	@10
		0.0927	0.1442	0.1615	0.1763	
NDCG_score:	@1	@3	@5	@10
		0.0927	0.1622	0.1935	0.2295	
[Epoch 38] HR@10 = 0.4022, best = 0.4076 (epoch 34)
[Epoch 39] Loss: 0.0024
📄 Saved batch eval result to result/bpr_result_aug_56_bpr_eval_ep_39.csv
num_hit:	@1	@3	@5	@10
		0.0931	0.2163	0.2910	0.4029	
MAP_score:	@1	@3	@5	@10
		0.0931	0.1456	0.1626	0.1775	
NDCG_score:	@1	@3	@5	@10
		0.0931	0.1637	0.1944	0.2305	
[Epoch 39] HR@10 = 0.4029, best = 0.4076 (epoch 34)
[Epoch 40] Loss: 0.0024
📄 Saved batch eval result to result/bpr_result_aug_56_bpr_eval_ep_40.csv
num_hit:	@1	@3	@5	@10
		0.0969	0.2198	0.2945	0.4055	
MAP_score:	@1	@3	@5	@10
		0.0969	0.1490	0.1659	0.1805	
NDCG_score:	@1	@3	@5	@10
		0.0969	0.1671	0.1977	0.2334	
[Epoch 40] HR@10 = 0.4055, best = 0.4076 (epoch 34)
[Epoch 41] Loss: 0.0022
📄 Saved batch eval result to result/bpr_result_aug_56_bpr_eval_ep_41.csv
num_hit:	@1	@3	@5	@10
		0.0988	0.2201	0.2926	0.4019	
MAP_score:	@1	@3	@5	@10
		0.0988	0.1502	0.1667	0.1811	
NDCG_score:	@1	@3	@5	@10
		0.0988	0.1681	0.1978	0.2330	
[Epoch 41] HR@10 = 0.4019, best = 0.4076 (epoch 34)
[Epoch 42] Loss: 0.0021
📄 Saved batch eval result to result/bpr_result_aug_56_bpr_eval_ep_42.csv
num_hit:	@1	@3	@5	@10
		0.1021	0.2181	0.2961	0.4026	
MAP_score:	@1	@3	@5	@10
		0.1021	0.1516	0.1693	0.1835	
NDCG_score:	@1	@3	@5	@10
		0.1021	0.1686	0.2006	0.2350	
[Epoch 42] HR@10 = 0.4026, best = 0.4076 (epoch 34)
[Epoch 43] Loss: 0.0022
📄 Saved batch eval result to result/bpr_result_aug_56_bpr_eval_ep_43.csv
num_hit:	@1	@3	@5	@10
		0.1046	0.2225	0.2970	0.4049	
MAP_score:	@1	@3	@5	@10
		0.1046	0.1549	0.1719	0.1863	
NDCG_score:	@1	@3	@5	@10
		0.1046	0.1722	0.2029	0.2377	
[Epoch 43] HR@10 = 0.4049, best = 0.4076 (epoch 34)
[Epoch 44] Loss: 0.0019
📄 Saved batch eval result to result/bpr_result_aug_56_bpr_eval_ep_44.csv
num_hit:	@1	@3	@5	@10
		0.1054	0.2224	0.2944	0.4060	
MAP_score:	@1	@3	@5	@10
		0.1054	0.1553	0.1716	0.1864	
NDCG_score:	@1	@3	@5	@10
		0.1054	0.1725	0.2020	0.2380	
[Epoch 44] HR@10 = 0.4060, best = 0.4076 (epoch 34)
[Epoch 45] Loss: 0.0019
📄 Saved batch eval result to result/bpr_result_aug_56_bpr_eval_ep_45.csv
num_hit:	@1	@3	@5	@10
		0.1083	0.2231	0.2956	0.4070	
MAP_score:	@1	@3	@5	@10
		0.1083	0.1576	0.1740	0.1887	
NDCG_score:	@1	@3	@5	@10
		0.1083	0.1744	0.2041	0.2400	
[Epoch 45] HR@10 = 0.4070, best = 0.4076 (epoch 34)
[Epoch 46] Loss: 0.0019
📄 Saved batch eval result to result/bpr_result_aug_56_bpr_eval_ep_46.csv
num_hit:	@1	@3	@5	@10
		0.1100	0.2241	0.2951	0.4080	
MAP_score:	@1	@3	@5	@10
		0.1100	0.1590	0.1752	0.1901	
NDCG_score:	@1	@3	@5	@10
		0.1100	0.1757	0.2049	0.2412	
✅ [Epoch 46] New best HR@10: 0.4080, model saved to checkpoints/bpr_filtered-h-and-m_best.pt
[Epoch 47] Loss: 0.0018
📄 Saved batch eval result to result/bpr_result_aug_56_bpr_eval_ep_47.csv
num_hit:	@1	@3	@5	@10
		0.1101	0.2271	0.2939	0.4086	
MAP_score:	@1	@3	@5	@10
		0.1101	0.1604	0.1756	0.1907	
NDCG_score:	@1	@3	@5	@10
		0.1101	0.1775	0.2049	0.2418	
✅ [Epoch 47] New best HR@10: 0.4086, model saved to checkpoints/bpr_filtered-h-and-m_best.pt
[Epoch 48] Loss: 0.0017
📄 Saved batch eval result to result/bpr_result_aug_56_bpr_eval_ep_48.csv
num_hit:	@1	@3	@5	@10
		0.1123	0.2284	0.2980	0.4041	
MAP_score:	@1	@3	@5	@10
		0.1123	0.1620	0.1777	0.1918	
NDCG_score:	@1	@3	@5	@10
		0.1123	0.1790	0.2075	0.2417	
[Epoch 48] HR@10 = 0.4041, best = 0.4086 (epoch 47)
[Epoch 49] Loss: 0.0017
📄 Saved batch eval result to result/bpr_result_aug_56_bpr_eval_ep_49.csv
num_hit:	@1	@3	@5	@10
		0.1131	0.2280	0.2959	0.4059	
MAP_score:	@1	@3	@5	@10
		0.1131	0.1619	0.1774	0.1919	
NDCG_score:	@1	@3	@5	@10
		0.1131	0.1788	0.2067	0.2421	
[Epoch 49] HR@10 = 0.4059, best = 0.4086 (epoch 47)
[Epoch 50] Loss: 0.0016
📄 Saved batch eval result to result/bpr_result_aug_56_bpr_eval_ep_50.csv
num_hit:	@1	@3	@5	@10
		0.1135	0.2268	0.2960	0.4069	
MAP_score:	@1	@3	@5	@10
		0.1135	0.1618	0.1776	0.1923	
NDCG_score:	@1	@3	@5	@10
		0.1135	0.1784	0.2069	0.2427	
[Epoch 50] HR@10 = 0.4069, best = 0.4086 (epoch 47)
Model saved to checkpoints/bpr_last_filtered-h-and-m.pt
