Dataset: filtered-h-and-m, Users: 1371716, Items: 105541
Generating training data...
[Epoch 1] Loss: 0.5765
num_hit:	@1	@3	@5	@10
		0.0344	0.1161	0.1907	0.3214	
MAP_score:	@1	@3	@5	@10
		0.0344	0.0680	0.0849	0.1022	
NDCG_score:	@1	@3	@5	@10
		0.0344	0.0803	0.1108	0.1530	
📄 Saved batch eval result to result/bpr_result_aug_short_56_dense.csv
✅ [Epoch 1] New best HR@10: 0.3214, model saved to checkpoints/bpr_filtered-h-and-m_best.pt
[Epoch 2] Loss: 0.1998
num_hit:	@1	@3	@5	@10
		0.0340	0.1212	0.1962	0.3261	
MAP_score:	@1	@3	@5	@10
		0.0340	0.0700	0.0869	0.1042	
NDCG_score:	@1	@3	@5	@10
		0.0340	0.0830	0.1137	0.1557	
📄 Saved batch eval result to result/bpr_result_aug_short_56_dense.csv
✅ [Epoch 2] New best HR@10: 0.3261, model saved to checkpoints/bpr_filtered-h-and-m_best.pt
[Epoch 3] Loss: 0.0989
num_hit:	@1	@3	@5	@10
		0.0362	0.1239	0.1967	0.3298	
MAP_score:	@1	@3	@5	@10
		0.0362	0.0728	0.0894	0.1071	
NDCG_score:	@1	@3	@5	@10
		0.0362	0.0859	0.1158	0.1588	
📄 Saved batch eval result to result/bpr_result_aug_short_56_dense.csv
✅ [Epoch 3] New best HR@10: 0.3298, model saved to checkpoints/bpr_filtered-h-and-m_best.pt
[Epoch 4] Loss: 0.0719
num_hit:	@1	@3	@5	@10
		0.0385	0.1276	0.2004	0.3319	
MAP_score:	@1	@3	@5	@10
		0.0385	0.0756	0.0921	0.1096	
NDCG_score:	@1	@3	@5	@10
		0.0385	0.0889	0.1187	0.1612	
📄 Saved batch eval result to result/bpr_result_aug_short_56_dense.csv
✅ [Epoch 4] New best HR@10: 0.3319, model saved to checkpoints/bpr_filtered-h-and-m_best.pt
[Epoch 5] Loss: 0.0595
num_hit:	@1	@3	@5	@10
		0.0413	0.1318	0.2073	0.3389	
MAP_score:	@1	@3	@5	@10
		0.0413	0.0792	0.0963	0.1138	
NDCG_score:	@1	@3	@5	@10
		0.0413	0.0926	0.1236	0.1661	
📄 Saved batch eval result to result/bpr_result_aug_short_56_dense.csv
✅ [Epoch 5] New best HR@10: 0.3389, model saved to checkpoints/bpr_filtered-h-and-m_best.pt
[Epoch 6] Loss: 0.0521
num_hit:	@1	@3	@5	@10
		0.0420	0.1322	0.2107	0.3445	
MAP_score:	@1	@3	@5	@10
		0.0420	0.0803	0.0981	0.1159	
NDCG_score:	@1	@3	@5	@10
		0.0420	0.0935	0.1258	0.1689	
📄 Saved batch eval result to result/bpr_result_aug_short_56_dense.csv
✅ [Epoch 6] New best HR@10: 0.3445, model saved to checkpoints/bpr_filtered-h-and-m_best.pt
[Epoch 7] Loss: 0.0464
num_hit:	@1	@3	@5	@10
		0.0440	0.1388	0.2205	0.3486	
MAP_score:	@1	@3	@5	@10
		0.0440	0.0841	0.1025	0.1193	
NDCG_score:	@1	@3	@5	@10
		0.0440	0.0981	0.1315	0.1727	
📄 Saved batch eval result to result/bpr_result_aug_short_56_dense.csv
✅ [Epoch 7] New best HR@10: 0.3486, model saved to checkpoints/bpr_filtered-h-and-m_best.pt
[Epoch 8] Loss: 0.0421
num_hit:	@1	@3	@5	@10
		0.0478	0.1427	0.2231	0.3539	
MAP_score:	@1	@3	@5	@10
		0.0478	0.0878	0.1059	0.1233	
NDCG_score:	@1	@3	@5	@10
		0.0478	0.1019	0.1347	0.1769	
📄 Saved batch eval result to result/bpr_result_aug_short_56_dense.csv
✅ [Epoch 8] New best HR@10: 0.3539, model saved to checkpoints/bpr_filtered-h-and-m_best.pt
[Epoch 9] Loss: 0.0382
num_hit:	@1	@3	@5	@10
		0.0512	0.1487	0.2274	0.3586	
MAP_score:	@1	@3	@5	@10
		0.0512	0.0920	0.1098	0.1272	
NDCG_score:	@1	@3	@5	@10
		0.0512	0.1065	0.1387	0.1811	
📄 Saved batch eval result to result/bpr_result_aug_short_56_dense.csv
✅ [Epoch 9] New best HR@10: 0.3586, model saved to checkpoints/bpr_filtered-h-and-m_best.pt
[Epoch 10] Loss: 0.0354
num_hit:	@1	@3	@5	@10
		0.0553	0.1551	0.2328	0.3632	
MAP_score:	@1	@3	@5	@10
		0.0553	0.0973	0.1150	0.1321	
NDCG_score:	@1	@3	@5	@10
		0.0553	0.1121	0.1440	0.1859	
📄 Saved batch eval result to result/bpr_result_aug_short_56_dense.csv
✅ [Epoch 10] New best HR@10: 0.3632, model saved to checkpoints/bpr_filtered-h-and-m_best.pt
[Epoch 11] Loss: 0.0323
num_hit:	@1	@3	@5	@10
		0.0574	0.1594	0.2373	0.3631	
MAP_score:	@1	@3	@5	@10
		0.0574	0.1000	0.1177	0.1343	
NDCG_score:	@1	@3	@5	@10
		0.0574	0.1152	0.1471	0.1876	
[Epoch 11] HR@10 = 0.3631, best = 0.3632 (epoch 10)
[Epoch 12] Loss: 0.0299
num_hit:	@1	@3	@5	@10
		0.0599	0.1609	0.2434	0.3667	
MAP_score:	@1	@3	@5	@10
		0.0599	0.1025	0.1213	0.1375	
NDCG_score:	@1	@3	@5	@10
		0.0599	0.1174	0.1514	0.1910	
📄 Saved batch eval result to result/bpr_result_aug_short_56_dense.csv
✅ [Epoch 12] New best HR@10: 0.3667, model saved to checkpoints/bpr_filtered-h-and-m_best.pt
[Epoch 13] Loss: 0.0277
num_hit:	@1	@3	@5	@10
		0.0620	0.1667	0.2432	0.3734	
MAP_score:	@1	@3	@5	@10
		0.0620	0.1065	0.1240	0.1411	
NDCG_score:	@1	@3	@5	@10
		0.0620	0.1219	0.1534	0.1952	
📄 Saved batch eval result to result/bpr_result_aug_short_56_dense.csv
✅ [Epoch 13] New best HR@10: 0.3734, model saved to checkpoints/bpr_filtered-h-and-m_best.pt
[Epoch 14] Loss: 0.0255
num_hit:	@1	@3	@5	@10
		0.0662	0.1718	0.2506	0.3793	
MAP_score:	@1	@3	@5	@10
		0.0662	0.1112	0.1292	0.1461	
NDCG_score:	@1	@3	@5	@10
		0.0662	0.1267	0.1591	0.2004	
📄 Saved batch eval result to result/bpr_result_aug_short_56_dense.csv
✅ [Epoch 14] New best HR@10: 0.3793, model saved to checkpoints/bpr_filtered-h-and-m_best.pt
[Epoch 15] Loss: 0.0237
num_hit:	@1	@3	@5	@10
		0.0686	0.1792	0.2528	0.3787	
MAP_score:	@1	@3	@5	@10
		0.0686	0.1156	0.1324	0.1490	
NDCG_score:	@1	@3	@5	@10
		0.0686	0.1319	0.1621	0.2027	
[Epoch 15] HR@10 = 0.3787, best = 0.3793 (epoch 14)
[Epoch 16] Loss: 0.0217
num_hit:	@1	@3	@5	@10
		0.0736	0.1816	0.2581	0.3815	
MAP_score:	@1	@3	@5	@10
		0.0736	0.1194	0.1368	0.1532	
NDCG_score:	@1	@3	@5	@10
		0.0736	0.1353	0.1667	0.2065	
📄 Saved batch eval result to result/bpr_result_aug_short_56_dense.csv
✅ [Epoch 16] New best HR@10: 0.3815, model saved to checkpoints/bpr_filtered-h-and-m_best.pt
[Epoch 17] Loss: 0.0202
num_hit:	@1	@3	@5	@10
		0.0782	0.1856	0.2611	0.3901	
MAP_score:	@1	@3	@5	@10
		0.0782	0.1235	0.1405	0.1575	
NDCG_score:	@1	@3	@5	@10
		0.0782	0.1394	0.1702	0.2117	
📄 Saved batch eval result to result/bpr_result_aug_short_56_dense.csv
✅ [Epoch 17] New best HR@10: 0.3901, model saved to checkpoints/bpr_filtered-h-and-m_best.pt
[Epoch 18] Loss: 0.0189
num_hit:	@1	@3	@5	@10
		0.0794	0.1862	0.2656	0.3931	
MAP_score:	@1	@3	@5	@10
		0.0794	0.1250	0.1430	0.1600	
NDCG_score:	@1	@3	@5	@10
		0.0794	0.1407	0.1732	0.2144	
📄 Saved batch eval result to result/bpr_result_aug_short_56_dense.csv
✅ [Epoch 18] New best HR@10: 0.3931, model saved to checkpoints/bpr_filtered-h-and-m_best.pt
[Epoch 19] Loss: 0.0175
num_hit:	@1	@3	@5	@10
		0.0824	0.1915	0.2669	0.3985	
MAP_score:	@1	@3	@5	@10
		0.0824	0.1287	0.1457	0.1632	
NDCG_score:	@1	@3	@5	@10
		0.0824	0.1447	0.1756	0.2181	
📄 Saved batch eval result to result/bpr_result_aug_short_56_dense.csv
✅ [Epoch 19] New best HR@10: 0.3985, model saved to checkpoints/bpr_filtered-h-and-m_best.pt
[Epoch 20] Loss: 0.0161
num_hit:	@1	@3	@5	@10
		0.0856	0.1952	0.2713	0.4039	
MAP_score:	@1	@3	@5	@10
		0.0856	0.1320	0.1493	0.1669	
NDCG_score:	@1	@3	@5	@10
		0.0856	0.1482	0.1794	0.2222	
📄 Saved batch eval result to result/bpr_result_aug_short_56_dense.csv
✅ [Epoch 20] New best HR@10: 0.4039, model saved to checkpoints/bpr_filtered-h-and-m_best.pt
[Epoch 21] Loss: 0.0152
num_hit:	@1	@3	@5	@10
		0.0876	0.1973	0.2764	0.4039	
MAP_score:	@1	@3	@5	@10
		0.0876	0.1342	0.1521	0.1691	
NDCG_score:	@1	@3	@5	@10
		0.0876	0.1503	0.1828	0.2240	
[Epoch 21] HR@10 = 0.4039, best = 0.4039 (epoch 20)
[Epoch 22] Loss: 0.0139
num_hit:	@1	@3	@5	@10
		0.0899	0.2015	0.2816	0.4039	
MAP_score:	@1	@3	@5	@10
		0.0899	0.1376	0.1557	0.1720	
NDCG_score:	@1	@3	@5	@10
		0.0899	0.1539	0.1868	0.2263	
[Epoch 22] HR@10 = 0.4039, best = 0.4039 (epoch 20)
[Epoch 23] Loss: 0.0130
num_hit:	@1	@3	@5	@10
		0.0942	0.2087	0.2859	0.4055	
MAP_score:	@1	@3	@5	@10
		0.0942	0.1426	0.1600	0.1760	
NDCG_score:	@1	@3	@5	@10
		0.0942	0.1595	0.1911	0.2298	
📄 Saved batch eval result to result/bpr_result_aug_short_56_dense.csv
✅ [Epoch 23] New best HR@10: 0.4055, model saved to checkpoints/bpr_filtered-h-and-m_best.pt
[Epoch 24] Loss: 0.0121
num_hit:	@1	@3	@5	@10
		0.0968	0.2098	0.2829	0.4062	
MAP_score:	@1	@3	@5	@10
		0.0968	0.1450	0.1616	0.1781	
NDCG_score:	@1	@3	@5	@10
		0.0968	0.1616	0.1916	0.2315	
📄 Saved batch eval result to result/bpr_result_aug_short_56_dense.csv
✅ [Epoch 24] New best HR@10: 0.4062, model saved to checkpoints/bpr_filtered-h-and-m_best.pt
[Epoch 25] Loss: 0.0114
num_hit:	@1	@3	@5	@10
		0.0993	0.2113	0.2898	0.4067	
MAP_score:	@1	@3	@5	@10
		0.0993	0.1474	0.1651	0.1808	
NDCG_score:	@1	@3	@5	@10
		0.0993	0.1637	0.1959	0.2338	
📄 Saved batch eval result to result/bpr_result_aug_short_56_dense.csv
✅ [Epoch 25] New best HR@10: 0.4067, model saved to checkpoints/bpr_filtered-h-and-m_best.pt
[Epoch 26] Loss: 0.0106
num_hit:	@1	@3	@5	@10
		0.1012	0.2142	0.2902	0.4067	
MAP_score:	@1	@3	@5	@10
		0.1012	0.1496	0.1669	0.1826	
NDCG_score:	@1	@3	@5	@10
		0.1012	0.1662	0.1974	0.2352	
[Epoch 26] HR@10 = 0.4067, best = 0.4067 (epoch 25)
[Epoch 27] Loss: 0.0098
num_hit:	@1	@3	@5	@10
		0.1047	0.2178	0.2931	0.4113	
MAP_score:	@1	@3	@5	@10
		0.1047	0.1529	0.1700	0.1858	
NDCG_score:	@1	@3	@5	@10
		0.1047	0.1695	0.2004	0.2387	
📄 Saved batch eval result to result/bpr_result_aug_short_56_dense.csv
✅ [Epoch 27] New best HR@10: 0.4113, model saved to checkpoints/bpr_filtered-h-and-m_best.pt
[Epoch 28] Loss: 0.0092
num_hit:	@1	@3	@5	@10
		0.1073	0.2211	0.2966	0.4105	
MAP_score:	@1	@3	@5	@10
		0.1073	0.1564	0.1735	0.1887	
NDCG_score:	@1	@3	@5	@10
		0.1073	0.1729	0.2040	0.2408	
[Epoch 28] HR@10 = 0.4105, best = 0.4113 (epoch 27)
[Epoch 29] Loss: 0.0087
num_hit:	@1	@3	@5	@10
		0.1105	0.2258	0.2993	0.4104	
MAP_score:	@1	@3	@5	@10
		0.1105	0.1603	0.1769	0.1918	
NDCG_score:	@1	@3	@5	@10
		0.1105	0.1770	0.2072	0.2432	
[Epoch 29] HR@10 = 0.4104, best = 0.4113 (epoch 27)
[Epoch 30] Loss: 0.0083
num_hit:	@1	@3	@5	@10
		0.1139	0.2295	0.3035	0.4107	
MAP_score:	@1	@3	@5	@10
		0.1139	0.1636	0.1804	0.1946	
NDCG_score:	@1	@3	@5	@10
		0.1139	0.1805	0.2109	0.2454	
[Epoch 30] HR@10 = 0.4107, best = 0.4113 (epoch 27)
[Epoch 31] Loss: 0.0078
num_hit:	@1	@3	@5	@10
		0.1174	0.2309	0.3034	0.4118	
MAP_score:	@1	@3	@5	@10
		0.1174	0.1663	0.1827	0.1972	
NDCG_score:	@1	@3	@5	@10
		0.1174	0.1828	0.2126	0.2476	
📄 Saved batch eval result to result/bpr_result_aug_short_56_dense.csv
✅ [Epoch 31] New best HR@10: 0.4118, model saved to checkpoints/bpr_filtered-h-and-m_best.pt
[Epoch 32] Loss: 0.0073
num_hit:	@1	@3	@5	@10
		0.1206	0.2340	0.3076	0.4122	
MAP_score:	@1	@3	@5	@10
		0.1206	0.1691	0.1857	0.1997	
NDCG_score:	@1	@3	@5	@10
		0.1206	0.1857	0.2159	0.2497	
📄 Saved batch eval result to result/bpr_result_aug_short_56_dense.csv
✅ [Epoch 32] New best HR@10: 0.4122, model saved to checkpoints/bpr_filtered-h-and-m_best.pt
[Epoch 33] Loss: 0.0070
num_hit:	@1	@3	@5	@10
		0.1236	0.2371	0.3081	0.4145	
MAP_score:	@1	@3	@5	@10
		0.1236	0.1723	0.1886	0.2027	
NDCG_score:	@1	@3	@5	@10
		0.1236	0.1889	0.2182	0.2525	
📄 Saved batch eval result to result/bpr_result_aug_short_56_dense.csv
✅ [Epoch 33] New best HR@10: 0.4145, model saved to checkpoints/bpr_filtered-h-and-m_best.pt
[Epoch 34] Loss: 0.0065
num_hit:	@1	@3	@5	@10
		0.1235	0.2399	0.3081	0.4167	
MAP_score:	@1	@3	@5	@10
		0.1235	0.1737	0.1892	0.2037	
NDCG_score:	@1	@3	@5	@10
		0.1235	0.1907	0.2187	0.2538	
📄 Saved batch eval result to result/bpr_result_aug_short_56_dense.csv
✅ [Epoch 34] New best HR@10: 0.4167, model saved to checkpoints/bpr_filtered-h-and-m_best.pt
[Epoch 35] Loss: 0.0062
num_hit:	@1	@3	@5	@10
		0.1262	0.2421	0.3061	0.4182	
MAP_score:	@1	@3	@5	@10
		0.1262	0.1764	0.1911	0.2059	
NDCG_score:	@1	@3	@5	@10
		0.1262	0.1932	0.2196	0.2557	
📄 Saved batch eval result to result/bpr_result_aug_short_56_dense.csv
✅ [Epoch 35] New best HR@10: 0.4182, model saved to checkpoints/bpr_filtered-h-and-m_best.pt
[Epoch 36] Loss: 0.0058
num_hit:	@1	@3	@5	@10
		0.1272	0.2428	0.3104	0.4169	
MAP_score:	@1	@3	@5	@10
		0.1272	0.1771	0.1924	0.2065	
NDCG_score:	@1	@3	@5	@10
		0.1272	0.1939	0.2216	0.2560	
[Epoch 36] HR@10 = 0.4169, best = 0.4182 (epoch 35)
[Epoch 37] Loss: 0.0055
num_hit:	@1	@3	@5	@10
		0.1314	0.2472	0.3134	0.4158	
MAP_score:	@1	@3	@5	@10
		0.1314	0.1812	0.1961	0.2096	
NDCG_score:	@1	@3	@5	@10
		0.1314	0.1981	0.2252	0.2581	
[Epoch 37] HR@10 = 0.4158, best = 0.4182 (epoch 35)
[Epoch 38] Loss: 0.0053
num_hit:	@1	@3	@5	@10
		0.1340	0.2473	0.3131	0.4174	
MAP_score:	@1	@3	@5	@10
		0.1340	0.1830	0.1980	0.2118	
NDCG_score:	@1	@3	@5	@10
		0.1340	0.1995	0.2265	0.2601	
[Epoch 38] HR@10 = 0.4174, best = 0.4182 (epoch 35)
[Epoch 39] Loss: 0.0050
num_hit:	@1	@3	@5	@10
		0.1353	0.2484	0.3113	0.4166	
MAP_score:	@1	@3	@5	@10
		0.1353	0.1840	0.1983	0.2124	
NDCG_score:	@1	@3	@5	@10
		0.1353	0.2004	0.2263	0.2604	
[Epoch 39] HR@10 = 0.4166, best = 0.4182 (epoch 35)
[Epoch 40] Loss: 0.0048
num_hit:	@1	@3	@5	@10
		0.1365	0.2504	0.3113	0.4159	
MAP_score:	@1	@3	@5	@10
		0.1365	0.1855	0.1994	0.2132	
NDCG_score:	@1	@3	@5	@10
		0.1365	0.2021	0.2271	0.2609	
[Epoch 40] HR@10 = 0.4159, best = 0.4182 (epoch 35)
[Epoch 41] Loss: 0.0047
num_hit:	@1	@3	@5	@10
		0.1392	0.2500	0.3107	0.4181	
MAP_score:	@1	@3	@5	@10
		0.1392	0.1868	0.2006	0.2148	
NDCG_score:	@1	@3	@5	@10
		0.1392	0.2030	0.2279	0.2626	
[Epoch 41] HR@10 = 0.4181, best = 0.4182 (epoch 35)
[Epoch 42] Loss: 0.0044
num_hit:	@1	@3	@5	@10
		0.1395	0.2507	0.3120	0.4167	
MAP_score:	@1	@3	@5	@10
		0.1395	0.1875	0.2015	0.2155	
NDCG_score:	@1	@3	@5	@10
		0.1395	0.2037	0.2290	0.2628	
[Epoch 42] HR@10 = 0.4167, best = 0.4182 (epoch 35)
[Epoch 43] Loss: 0.0042
num_hit:	@1	@3	@5	@10
		0.1419	0.2519	0.3159	0.4172	
MAP_score:	@1	@3	@5	@10
		0.1419	0.1891	0.2038	0.2173	
NDCG_score:	@1	@3	@5	@10
		0.1419	0.2052	0.2316	0.2643	
[Epoch 43] HR@10 = 0.4172, best = 0.4182 (epoch 35)
[Epoch 44] Loss: 0.0040
num_hit:	@1	@3	@5	@10
		0.1431	0.2546	0.3179	0.4191	
MAP_score:	@1	@3	@5	@10
		0.1431	0.1911	0.2055	0.2189	
NDCG_score:	@1	@3	@5	@10
		0.1431	0.2073	0.2334	0.2660	
📄 Saved batch eval result to result/bpr_result_aug_short_56_dense.csv
✅ [Epoch 44] New best HR@10: 0.4191, model saved to checkpoints/bpr_filtered-h-and-m_best.pt
[Epoch 45] Loss: 0.0039
num_hit:	@1	@3	@5	@10
		0.1428	0.2549	0.3189	0.4178	
MAP_score:	@1	@3	@5	@10
		0.1428	0.1914	0.2059	0.2191	
NDCG_score:	@1	@3	@5	@10
		0.1428	0.2077	0.2340	0.2658	
[Epoch 45] HR@10 = 0.4178, best = 0.4191 (epoch 44)
[Epoch 46] Loss: 0.0037
num_hit:	@1	@3	@5	@10
		0.1455	0.2535	0.3168	0.4175	
MAP_score:	@1	@3	@5	@10
		0.1455	0.1926	0.2070	0.2205	
NDCG_score:	@1	@3	@5	@10
		0.1455	0.2082	0.2342	0.2668	
[Epoch 46] HR@10 = 0.4175, best = 0.4191 (epoch 44)
[Epoch 47] Loss: 0.0035
num_hit:	@1	@3	@5	@10
		0.1482	0.2553	0.3174	0.4188	
MAP_score:	@1	@3	@5	@10
		0.1482	0.1947	0.2089	0.2224	
NDCG_score:	@1	@3	@5	@10
		0.1482	0.2103	0.2358	0.2686	
[Epoch 47] HR@10 = 0.4188, best = 0.4191 (epoch 44)
[Epoch 48] Loss: 0.0035
num_hit:	@1	@3	@5	@10
		0.1502	0.2554	0.3185	0.4172	
MAP_score:	@1	@3	@5	@10
		0.1502	0.1955	0.2099	0.2230	
NDCG_score:	@1	@3	@5	@10
		0.1502	0.2108	0.2368	0.2687	
[Epoch 48] HR@10 = 0.4172, best = 0.4191 (epoch 44)
[Epoch 49] Loss: 0.0033
num_hit:	@1	@3	@5	@10
		0.1507	0.2584	0.3195	0.4191	
MAP_score:	@1	@3	@5	@10
		0.1507	0.1972	0.2111	0.2243	
NDCG_score:	@1	@3	@5	@10
		0.1507	0.2129	0.2380	0.2701	
[Epoch 49] HR@10 = 0.4191, best = 0.4191 (epoch 44)
[Epoch 50] Loss: 0.0032
num_hit:	@1	@3	@5	@10
		0.1524	0.2587	0.3215	0.4187	
MAP_score:	@1	@3	@5	@10
		0.1524	0.1979	0.2122	0.2251	
NDCG_score:	@1	@3	@5	@10
		0.1524	0.2135	0.2392	0.2706	
[Epoch 50] HR@10 = 0.4187, best = 0.4191 (epoch 44)
Model saved to checkpoints/bpr_last_filtered-h-and-m.pt
