Dataset: filtered-h-and-m, Users: 1371716, Items: 105491
Generating training data...
[Epoch 1] Loss: 0.2562
📄 Saved batch eval result to result/bpr_result_aug_56_bpr_eval_ep_1.csv
num_hit:	@1	@3	@5	@10
		0.0382	0.1352	0.2065	0.3278	
MAP_score:	@1	@3	@5	@10
		0.0382	0.0791	0.0952	0.1113	
NDCG_score:	@1	@3	@5	@10
		0.0382	0.0934	0.1226	0.1617	
✅ [Epoch 1] New best HR@10: 0.3278, model saved to checkpoints/bpr_filtered-h-and-m_best.pt
[Epoch 2] Loss: 0.0454
📄 Saved batch eval result to result/bpr_result_aug_56_bpr_eval_ep_2.csv
num_hit:	@1	@3	@5	@10
		0.0357	0.1324	0.2071	0.3250	
MAP_score:	@1	@3	@5	@10
		0.0357	0.0765	0.0934	0.1090	
NDCG_score:	@1	@3	@5	@10
		0.0357	0.0907	0.1214	0.1593	
[Epoch 2] HR@10 = 0.3250, best = 0.3278 (epoch 1)
[Epoch 3] Loss: 0.0319
📄 Saved batch eval result to result/bpr_result_aug_56_bpr_eval_ep_3.csv
num_hit:	@1	@3	@5	@10
		0.0379	0.1333	0.2041	0.3277	
MAP_score:	@1	@3	@5	@10
		0.0379	0.0781	0.0941	0.1103	
NDCG_score:	@1	@3	@5	@10
		0.0379	0.0922	0.1212	0.1609	
[Epoch 3] HR@10 = 0.3277, best = 0.3278 (epoch 1)
[Epoch 4] Loss: 0.0280
📄 Saved batch eval result to result/bpr_result_aug_56_bpr_eval_ep_4.csv
num_hit:	@1	@3	@5	@10
		0.0365	0.1305	0.1990	0.3244	
MAP_score:	@1	@3	@5	@10
		0.0365	0.0762	0.0919	0.1084	
NDCG_score:	@1	@3	@5	@10
		0.0365	0.0900	0.1183	0.1587	
[Epoch 4] HR@10 = 0.3244, best = 0.3278 (epoch 1)
[Epoch 5] Loss: 0.0265
📄 Saved batch eval result to result/bpr_result_aug_56_bpr_eval_ep_5.csv
num_hit:	@1	@3	@5	@10
		0.0349	0.1275	0.1983	0.3207	
MAP_score:	@1	@3	@5	@10
		0.0349	0.0737	0.0898	0.1058	
NDCG_score:	@1	@3	@5	@10
		0.0349	0.0874	0.1165	0.1558	
[Epoch 5] HR@10 = 0.3207, best = 0.3278 (epoch 1)
[Epoch 6] Loss: 0.0250
📄 Saved batch eval result to result/bpr_result_aug_56_bpr_eval_ep_6.csv
num_hit:	@1	@3	@5	@10
		0.0390	0.1304	0.2015	0.3217	
MAP_score:	@1	@3	@5	@10
		0.0390	0.0772	0.0931	0.1089	
NDCG_score:	@1	@3	@5	@10
		0.0390	0.0907	0.1198	0.1584	
[Epoch 6] HR@10 = 0.3217, best = 0.3278 (epoch 1)
[Epoch 7] Loss: 0.0239
📄 Saved batch eval result to result/bpr_result_aug_56_bpr_eval_ep_7.csv
num_hit:	@1	@3	@5	@10
		0.0368	0.1269	0.2033	0.3264	
MAP_score:	@1	@3	@5	@10
		0.0368	0.0750	0.0924	0.1087	
NDCG_score:	@1	@3	@5	@10
		0.0368	0.0882	0.1197	0.1593	
[Epoch 7] HR@10 = 0.3264, best = 0.3278 (epoch 1)
[Epoch 8] Loss: 0.0230
📄 Saved batch eval result to result/bpr_result_aug_56_bpr_eval_ep_8.csv
num_hit:	@1	@3	@5	@10
		0.0352	0.1299	0.2055	0.3238	
MAP_score:	@1	@3	@5	@10
		0.0352	0.0747	0.0920	0.1076	
NDCG_score:	@1	@3	@5	@10
		0.0352	0.0888	0.1199	0.1580	
[Epoch 8] HR@10 = 0.3238, best = 0.3278 (epoch 1)
[Epoch 9] Loss: 0.0218
📄 Saved batch eval result to result/bpr_result_aug_56_bpr_eval_ep_9.csv
num_hit:	@1	@3	@5	@10
		0.0366	0.1328	0.2036	0.3244	
MAP_score:	@1	@3	@5	@10
		0.0366	0.0770	0.0932	0.1092	
NDCG_score:	@1	@3	@5	@10
		0.0366	0.0913	0.1204	0.1593	
[Epoch 9] HR@10 = 0.3244, best = 0.3278 (epoch 1)
[Epoch 10] Loss: 0.0204
📄 Saved batch eval result to result/bpr_result_aug_56_bpr_eval_ep_10.csv
num_hit:	@1	@3	@5	@10
		0.0361	0.1328	0.2067	0.3327	
MAP_score:	@1	@3	@5	@10
		0.0361	0.0765	0.0931	0.1098	
NDCG_score:	@1	@3	@5	@10
		0.0361	0.0908	0.1211	0.1617	
✅ [Epoch 10] New best HR@10: 0.3327, model saved to checkpoints/bpr_filtered-h-and-m_best.pt
[Epoch 11] Loss: 0.0196
📄 Saved batch eval result to result/bpr_result_aug_56_bpr_eval_ep_11.csv
num_hit:	@1	@3	@5	@10
		0.0357	0.1358	0.2092	0.3321	
MAP_score:	@1	@3	@5	@10
		0.0357	0.0777	0.0944	0.1106	
NDCG_score:	@1	@3	@5	@10
		0.0357	0.0925	0.1227	0.1623	
[Epoch 11] HR@10 = 0.3321, best = 0.3327 (epoch 10)
[Epoch 12] Loss: 0.0181
📄 Saved batch eval result to result/bpr_result_aug_56_bpr_eval_ep_12.csv
num_hit:	@1	@3	@5	@10
		0.0370	0.1359	0.2085	0.3344	
MAP_score:	@1	@3	@5	@10
		0.0370	0.0789	0.0954	0.1120	
NDCG_score:	@1	@3	@5	@10
		0.0370	0.0935	0.1233	0.1638	
✅ [Epoch 12] New best HR@10: 0.3344, model saved to checkpoints/bpr_filtered-h-and-m_best.pt
[Epoch 13] Loss: 0.0168
📄 Saved batch eval result to result/bpr_result_aug_56_bpr_eval_ep_13.csv
num_hit:	@1	@3	@5	@10
		0.0379	0.1360	0.2160	0.3417	
MAP_score:	@1	@3	@5	@10
		0.0379	0.0795	0.0976	0.1142	
NDCG_score:	@1	@3	@5	@10
		0.0379	0.0939	0.1268	0.1672	
✅ [Epoch 13] New best HR@10: 0.3417, model saved to checkpoints/bpr_filtered-h-and-m_best.pt
[Epoch 14] Loss: 0.0154
📄 Saved batch eval result to result/bpr_result_aug_56_bpr_eval_ep_14.csv
num_hit:	@1	@3	@5	@10
		0.0426	0.1413	0.2155	0.3477	
MAP_score:	@1	@3	@5	@10
		0.0426	0.0841	0.1008	0.1183	
NDCG_score:	@1	@3	@5	@10
		0.0426	0.0987	0.1290	0.1716	
✅ [Epoch 14] New best HR@10: 0.3477, model saved to checkpoints/bpr_filtered-h-and-m_best.pt
[Epoch 15] Loss: 0.0143
📄 Saved batch eval result to result/bpr_result_aug_56_bpr_eval_ep_15.csv
num_hit:	@1	@3	@5	@10
		0.0430	0.1421	0.2228	0.3571	
MAP_score:	@1	@3	@5	@10
		0.0430	0.0844	0.1027	0.1204	
NDCG_score:	@1	@3	@5	@10
		0.0430	0.0991	0.1322	0.1755	
✅ [Epoch 15] New best HR@10: 0.3571, model saved to checkpoints/bpr_filtered-h-and-m_best.pt
[Epoch 16] Loss: 0.0129
📄 Saved batch eval result to result/bpr_result_aug_56_bpr_eval_ep_16.csv
num_hit:	@1	@3	@5	@10
		0.0465	0.1514	0.2311	0.3621	
MAP_score:	@1	@3	@5	@10
		0.0465	0.0904	0.1084	0.1258	
NDCG_score:	@1	@3	@5	@10
		0.0465	0.1059	0.1386	0.1809	
✅ [Epoch 16] New best HR@10: 0.3621, model saved to checkpoints/bpr_filtered-h-and-m_best.pt
[Epoch 17] Loss: 0.0116
📄 Saved batch eval result to result/bpr_result_aug_56_bpr_eval_ep_17.csv
num_hit:	@1	@3	@5	@10
		0.0491	0.1548	0.2354	0.3719	
MAP_score:	@1	@3	@5	@10
		0.0491	0.0936	0.1119	0.1299	
NDCG_score:	@1	@3	@5	@10
		0.0491	0.1093	0.1424	0.1863	
✅ [Epoch 17] New best HR@10: 0.3719, model saved to checkpoints/bpr_filtered-h-and-m_best.pt
[Epoch 18] Loss: 0.0105
📄 Saved batch eval result to result/bpr_result_aug_56_bpr_eval_ep_18.csv
num_hit:	@1	@3	@5	@10
		0.0531	0.1586	0.2435	0.3739	
MAP_score:	@1	@3	@5	@10
		0.0531	0.0976	0.1168	0.1342	
NDCG_score:	@1	@3	@5	@10
		0.0531	0.1132	0.1480	0.1901	
✅ [Epoch 18] New best HR@10: 0.3739, model saved to checkpoints/bpr_filtered-h-and-m_best.pt
[Epoch 19] Loss: 0.0094
📄 Saved batch eval result to result/bpr_result_aug_56_bpr_eval_ep_19.csv
num_hit:	@1	@3	@5	@10
		0.0547	0.1671	0.2510	0.3806	
MAP_score:	@1	@3	@5	@10
		0.0547	0.1025	0.1215	0.1388	
NDCG_score:	@1	@3	@5	@10
		0.0547	0.1190	0.1534	0.1953	
✅ [Epoch 19] New best HR@10: 0.3806, model saved to checkpoints/bpr_filtered-h-and-m_best.pt
[Epoch 20] Loss: 0.0086
📄 Saved batch eval result to result/bpr_result_aug_56_bpr_eval_ep_20.csv
num_hit:	@1	@3	@5	@10
		0.0587	0.1767	0.2578	0.3887	
MAP_score:	@1	@3	@5	@10
		0.0587	0.1084	0.1268	0.1441	
NDCG_score:	@1	@3	@5	@10
		0.0587	0.1258	0.1591	0.2013	
✅ [Epoch 20] New best HR@10: 0.3887, model saved to checkpoints/bpr_filtered-h-and-m_best.pt
[Epoch 21] Loss: 0.0077
📄 Saved batch eval result to result/bpr_result_aug_56_bpr_eval_ep_21.csv
num_hit:	@1	@3	@5	@10
		0.0613	0.1832	0.2642	0.3937	
MAP_score:	@1	@3	@5	@10
		0.0613	0.1128	0.1312	0.1482	
NDCG_score:	@1	@3	@5	@10
		0.0613	0.1308	0.1641	0.2057	
✅ [Epoch 21] New best HR@10: 0.3937, model saved to checkpoints/bpr_filtered-h-and-m_best.pt
[Epoch 22] Loss: 0.0070
📄 Saved batch eval result to result/bpr_result_aug_56_bpr_eval_ep_22.csv
num_hit:	@1	@3	@5	@10
		0.0667	0.1888	0.2712	0.3980	
MAP_score:	@1	@3	@5	@10
		0.0667	0.1183	0.1372	0.1540	
NDCG_score:	@1	@3	@5	@10
		0.0667	0.1363	0.1703	0.2112	
✅ [Epoch 22] New best HR@10: 0.3980, model saved to checkpoints/bpr_filtered-h-and-m_best.pt
[Epoch 23] Loss: 0.0064
📄 Saved batch eval result to result/bpr_result_aug_56_bpr_eval_ep_23.csv
num_hit:	@1	@3	@5	@10
		0.0713	0.1941	0.2779	0.4020	
MAP_score:	@1	@3	@5	@10
		0.0713	0.1231	0.1421	0.1586	
NDCG_score:	@1	@3	@5	@10
		0.0713	0.1413	0.1757	0.2157	
✅ [Epoch 23] New best HR@10: 0.4020, model saved to checkpoints/bpr_filtered-h-and-m_best.pt
[Epoch 24] Loss: 0.0057
📄 Saved batch eval result to result/bpr_result_aug_56_bpr_eval_ep_24.csv
num_hit:	@1	@3	@5	@10
		0.0738	0.1973	0.2775	0.4049	
MAP_score:	@1	@3	@5	@10
		0.0738	0.1263	0.1447	0.1614	
NDCG_score:	@1	@3	@5	@10
		0.0738	0.1445	0.1775	0.2185	
✅ [Epoch 24] New best HR@10: 0.4049, model saved to checkpoints/bpr_filtered-h-and-m_best.pt
[Epoch 25] Loss: 0.0052
📄 Saved batch eval result to result/bpr_result_aug_56_bpr_eval_ep_25.csv
num_hit:	@1	@3	@5	@10
		0.0779	0.2000	0.2837	0.4065	
MAP_score:	@1	@3	@5	@10
		0.0779	0.1300	0.1490	0.1655	
NDCG_score:	@1	@3	@5	@10
		0.0779	0.1479	0.1823	0.2221	
✅ [Epoch 25] New best HR@10: 0.4065, model saved to checkpoints/bpr_filtered-h-and-m_best.pt
[Epoch 26] Loss: 0.0047
📄 Saved batch eval result to result/bpr_result_aug_56_bpr_eval_ep_26.csv
num_hit:	@1	@3	@5	@10
		0.0797	0.2063	0.2875	0.4120	
MAP_score:	@1	@3	@5	@10
		0.0797	0.1335	0.1521	0.1686	
NDCG_score:	@1	@3	@5	@10
		0.0797	0.1522	0.1856	0.2258	
✅ [Epoch 26] New best HR@10: 0.4120, model saved to checkpoints/bpr_filtered-h-and-m_best.pt
[Epoch 27] Loss: 0.0043
📄 Saved batch eval result to result/bpr_result_aug_56_bpr_eval_ep_27.csv
num_hit:	@1	@3	@5	@10
		0.0817	0.2103	0.2888	0.4107	
MAP_score:	@1	@3	@5	@10
		0.0817	0.1367	0.1546	0.1709	
NDCG_score:	@1	@3	@5	@10
		0.0817	0.1556	0.1878	0.2273	
[Epoch 27] HR@10 = 0.4107, best = 0.4120 (epoch 26)
[Epoch 28] Loss: 0.0039
📄 Saved batch eval result to result/bpr_result_aug_56_bpr_eval_ep_28.csv
num_hit:	@1	@3	@5	@10
		0.0833	0.2148	0.2993	0.4122	
MAP_score:	@1	@3	@5	@10
		0.0833	0.1393	0.1585	0.1734	
NDCG_score:	@1	@3	@5	@10
		0.0833	0.1586	0.1933	0.2297	
✅ [Epoch 28] New best HR@10: 0.4122, model saved to checkpoints/bpr_filtered-h-and-m_best.pt
[Epoch 29] Loss: 0.0036
📄 Saved batch eval result to result/bpr_result_aug_56_bpr_eval_ep_29.csv
num_hit:	@1	@3	@5	@10
		0.0887	0.2180	0.2984	0.4127	
MAP_score:	@1	@3	@5	@10
		0.0887	0.1433	0.1617	0.1770	
NDCG_score:	@1	@3	@5	@10
		0.0887	0.1624	0.1955	0.2325	
✅ [Epoch 29] New best HR@10: 0.4127, model saved to checkpoints/bpr_filtered-h-and-m_best.pt
[Epoch 30] Loss: 0.0033
📄 Saved batch eval result to result/bpr_result_aug_56_bpr_eval_ep_30.csv
num_hit:	@1	@3	@5	@10
		0.0937	0.2217	0.2985	0.4137	
MAP_score:	@1	@3	@5	@10
		0.0937	0.1482	0.1658	0.1810	
NDCG_score:	@1	@3	@5	@10
		0.0937	0.1670	0.1987	0.2358	
✅ [Epoch 30] New best HR@10: 0.4137, model saved to checkpoints/bpr_filtered-h-and-m_best.pt
[Epoch 31] Loss: 0.0031
📄 Saved batch eval result to result/bpr_result_aug_56_bpr_eval_ep_31.csv
num_hit:	@1	@3	@5	@10
		0.0922	0.2231	0.2988	0.4149	
MAP_score:	@1	@3	@5	@10
		0.0922	0.1481	0.1653	0.1808	
NDCG_score:	@1	@3	@5	@10
		0.0922	0.1673	0.1984	0.2359	
✅ [Epoch 31] New best HR@10: 0.4149, model saved to checkpoints/bpr_filtered-h-and-m_best.pt
[Epoch 32] Loss: 0.0028
📄 Saved batch eval result to result/bpr_result_aug_56_bpr_eval_ep_32.csv
num_hit:	@1	@3	@5	@10
		0.0962	0.2246	0.3045	0.4171	
MAP_score:	@1	@3	@5	@10
		0.0962	0.1510	0.1692	0.1840	
NDCG_score:	@1	@3	@5	@10
		0.0962	0.1698	0.2027	0.2389	
✅ [Epoch 32] New best HR@10: 0.4171, model saved to checkpoints/bpr_filtered-h-and-m_best.pt
[Epoch 33] Loss: 0.0026
📄 Saved batch eval result to result/bpr_result_aug_56_bpr_eval_ep_33.csv
num_hit:	@1	@3	@5	@10
		0.0996	0.2311	0.3063	0.4207	
MAP_score:	@1	@3	@5	@10
		0.0996	0.1553	0.1725	0.1877	
NDCG_score:	@1	@3	@5	@10
		0.0996	0.1747	0.2056	0.2426	
✅ [Epoch 33] New best HR@10: 0.4207, model saved to checkpoints/bpr_filtered-h-and-m_best.pt
[Epoch 34] Loss: 0.0024
📄 Saved batch eval result to result/bpr_result_aug_56_bpr_eval_ep_34.csv
num_hit:	@1	@3	@5	@10
		0.1015	0.2322	0.3064	0.4203	
MAP_score:	@1	@3	@5	@10
		0.1015	0.1573	0.1741	0.1892	
NDCG_score:	@1	@3	@5	@10
		0.1015	0.1764	0.2069	0.2436	
[Epoch 34] HR@10 = 0.4203, best = 0.4207 (epoch 33)
[Epoch 35] Loss: 0.0023
📄 Saved batch eval result to result/bpr_result_aug_56_bpr_eval_ep_35.csv
num_hit:	@1	@3	@5	@10
		0.1055	0.2311	0.3059	0.4173	
MAP_score:	@1	@3	@5	@10
		0.1055	0.1587	0.1758	0.1907	
NDCG_score:	@1	@3	@5	@10
		0.1055	0.1772	0.2080	0.2441	
[Epoch 35] HR@10 = 0.4173, best = 0.4207 (epoch 33)
[Epoch 36] Loss: 0.0021
📄 Saved batch eval result to result/bpr_result_aug_56_bpr_eval_ep_36.csv
num_hit:	@1	@3	@5	@10
		0.1091	0.2335	0.3070	0.4186	
MAP_score:	@1	@3	@5	@10
		0.1091	0.1624	0.1791	0.1940	
NDCG_score:	@1	@3	@5	@10
		0.1091	0.1806	0.2108	0.2468	
[Epoch 36] HR@10 = 0.4186, best = 0.4207 (epoch 33)
[Epoch 37] Loss: 0.0019
📄 Saved batch eval result to result/bpr_result_aug_56_bpr_eval_ep_37.csv
num_hit:	@1	@3	@5	@10
		0.1086	0.2395	0.3105	0.4200	
MAP_score:	@1	@3	@5	@10
		0.1086	0.1643	0.1804	0.1950	
NDCG_score:	@1	@3	@5	@10
		0.1086	0.1835	0.2127	0.2481	
[Epoch 37] HR@10 = 0.4200, best = 0.4207 (epoch 33)
[Epoch 38] Loss: 0.0019
📄 Saved batch eval result to result/bpr_result_aug_56_bpr_eval_ep_38.csv
num_hit:	@1	@3	@5	@10
		0.1104	0.2392	0.3094	0.4234	
MAP_score:	@1	@3	@5	@10
		0.1104	0.1660	0.1818	0.1969	
NDCG_score:	@1	@3	@5	@10
		0.1104	0.1847	0.2135	0.2502	
✅ [Epoch 38] New best HR@10: 0.4234, model saved to checkpoints/bpr_filtered-h-and-m_best.pt
[Epoch 39] Loss: 0.0018
📄 Saved batch eval result to result/bpr_result_aug_56_bpr_eval_ep_39.csv
num_hit:	@1	@3	@5	@10
		0.1138	0.2400	0.3101	0.4233	
MAP_score:	@1	@3	@5	@10
		0.1138	0.1678	0.1838	0.1987	
NDCG_score:	@1	@3	@5	@10
		0.1138	0.1862	0.2151	0.2516	
[Epoch 39] HR@10 = 0.4233, best = 0.4234 (epoch 38)
[Epoch 40] Loss: 0.0017
📄 Saved batch eval result to result/bpr_result_aug_56_bpr_eval_ep_40.csv
num_hit:	@1	@3	@5	@10
		0.1158	0.2405	0.3129	0.4235	
MAP_score:	@1	@3	@5	@10
		0.1158	0.1694	0.1858	0.2005	
NDCG_score:	@1	@3	@5	@10
		0.1158	0.1876	0.2173	0.2530	
✅ [Epoch 40] New best HR@10: 0.4235, model saved to checkpoints/bpr_filtered-h-and-m_best.pt
[Epoch 41] Loss: 0.0016
📄 Saved batch eval result to result/bpr_result_aug_56_bpr_eval_ep_41.csv
num_hit:	@1	@3	@5	@10
		0.1187	0.2441	0.3111	0.4208	
MAP_score:	@1	@3	@5	@10
		0.1187	0.1726	0.1879	0.2024	
NDCG_score:	@1	@3	@5	@10
		0.1187	0.1909	0.2185	0.2538	
[Epoch 41] HR@10 = 0.4208, best = 0.4235 (epoch 40)
[Epoch 42] Loss: 0.0016
📄 Saved batch eval result to result/bpr_result_aug_56_bpr_eval_ep_42.csv
num_hit:	@1	@3	@5	@10
		0.1188	0.2426	0.3118	0.4206	
MAP_score:	@1	@3	@5	@10
		0.1188	0.1723	0.1881	0.2026	
NDCG_score:	@1	@3	@5	@10
		0.1188	0.1903	0.2188	0.2539	
[Epoch 42] HR@10 = 0.4206, best = 0.4235 (epoch 40)
[Epoch 43] Loss: 0.0015
📄 Saved batch eval result to result/bpr_result_aug_56_bpr_eval_ep_43.csv
num_hit:	@1	@3	@5	@10
		0.1212	0.2452	0.3158	0.4183	
MAP_score:	@1	@3	@5	@10
		0.1212	0.1743	0.1904	0.2040	
NDCG_score:	@1	@3	@5	@10
		0.1212	0.1925	0.2215	0.2545	
[Epoch 43] HR@10 = 0.4183, best = 0.4235 (epoch 40)
[Epoch 44] Loss: 0.0014
📄 Saved batch eval result to result/bpr_result_aug_56_bpr_eval_ep_44.csv
num_hit:	@1	@3	@5	@10
		0.1227	0.2472	0.3120	0.4208	
MAP_score:	@1	@3	@5	@10
		0.1227	0.1759	0.1908	0.2052	
NDCG_score:	@1	@3	@5	@10
		0.1227	0.1942	0.2209	0.2560	
[Epoch 44] HR@10 = 0.4208, best = 0.4235 (epoch 40)
[Epoch 45] Loss: 0.0014
📄 Saved batch eval result to result/bpr_result_aug_56_bpr_eval_ep_45.csv
num_hit:	@1	@3	@5	@10
		0.1247	0.2447	0.3141	0.4209	
MAP_score:	@1	@3	@5	@10
		0.1247	0.1766	0.1924	0.2066	
NDCG_score:	@1	@3	@5	@10
		0.1247	0.1941	0.2226	0.2570	
[Epoch 45] HR@10 = 0.4209, best = 0.4235 (epoch 40)
[Epoch 46] Loss: 0.0013
📄 Saved batch eval result to result/bpr_result_aug_56_bpr_eval_ep_46.csv
num_hit:	@1	@3	@5	@10
		0.1247	0.2492	0.3138	0.4199	
MAP_score:	@1	@3	@5	@10
		0.1247	0.1790	0.1936	0.2077	
NDCG_score:	@1	@3	@5	@10
		0.1247	0.1970	0.2235	0.2577	
[Epoch 46] HR@10 = 0.4199, best = 0.4235 (epoch 40)
[Epoch 47] Loss: 0.0013
📄 Saved batch eval result to result/bpr_result_aug_56_bpr_eval_ep_47.csv
num_hit:	@1	@3	@5	@10
		0.1273	0.2489	0.3142	0.4201	
MAP_score:	@1	@3	@5	@10
		0.1273	0.1800	0.1950	0.2089	
NDCG_score:	@1	@3	@5	@10
		0.1273	0.1977	0.2246	0.2586	
[Epoch 47] HR@10 = 0.4201, best = 0.4235 (epoch 40)
[Epoch 48] Loss: 0.0012
📄 Saved batch eval result to result/bpr_result_aug_56_bpr_eval_ep_48.csv
num_hit:	@1	@3	@5	@10
		0.1290	0.2505	0.3129	0.4196	
MAP_score:	@1	@3	@5	@10
		0.1290	0.1819	0.1962	0.2103	
NDCG_score:	@1	@3	@5	@10
		0.1290	0.1995	0.2252	0.2596	
[Epoch 48] HR@10 = 0.4196, best = 0.4235 (epoch 40)
[Epoch 49] Loss: 0.0012
📄 Saved batch eval result to result/bpr_result_aug_56_bpr_eval_ep_49.csv
num_hit:	@1	@3	@5	@10
		0.1284	0.2502	0.3139	0.4193	
MAP_score:	@1	@3	@5	@10
		0.1284	0.1808	0.1952	0.2092	
NDCG_score:	@1	@3	@5	@10
		0.1284	0.1985	0.2247	0.2587	
[Epoch 49] HR@10 = 0.4193, best = 0.4235 (epoch 40)
[Epoch 50] Loss: 0.0011
📄 Saved batch eval result to result/bpr_result_aug_56_bpr_eval_ep_50.csv
num_hit:	@1	@3	@5	@10
		0.1300	0.2519	0.3150	0.4197	
MAP_score:	@1	@3	@5	@10
		0.1300	0.1829	0.1973	0.2110	
NDCG_score:	@1	@3	@5	@10
		0.1300	0.2006	0.2265	0.2602	
[Epoch 50] HR@10 = 0.4197, best = 0.4235 (epoch 40)
Model saved to checkpoints/bpr_last_filtered-h-and-m.pt
