Dataset: filtered-h-and-m, Users: 1371716, Items: 105541
Generating training data...
[Epoch 1] Loss: 0.5140
num_hit:	@1	@3	@5	@10
		0.0200	0.0959	0.1726	0.3089	
MAP_score:	@1	@3	@5	@10
		0.0200	0.0514	0.0688	0.0868	
NDCG_score:	@1	@3	@5	@10
		0.0200	0.0628	0.0942	0.1381	
📄 Saved batch eval result to result/bpr_result_aug_short_54_dense.csv
✅ [Epoch 1] New best HR@10: 0.3089, model saved to checkpoints/bpr_filtered-h-and-m_best.pt
[Epoch 2] Loss: 0.1442
num_hit:	@1	@3	@5	@10
		0.0222	0.1030	0.1781	0.3155	
MAP_score:	@1	@3	@5	@10
		0.0222	0.0554	0.0725	0.0906	
NDCG_score:	@1	@3	@5	@10
		0.0222	0.0675	0.0984	0.1426	
📄 Saved batch eval result to result/bpr_result_aug_short_54_dense.csv
✅ [Epoch 2] New best HR@10: 0.3155, model saved to checkpoints/bpr_filtered-h-and-m_best.pt
[Epoch 3] Loss: 0.0768
num_hit:	@1	@3	@5	@10
		0.0233	0.1044	0.1805	0.3166	
MAP_score:	@1	@3	@5	@10
		0.0233	0.0569	0.0742	0.0921	
NDCG_score:	@1	@3	@5	@10
		0.0233	0.0690	0.1002	0.1441	
📄 Saved batch eval result to result/bpr_result_aug_short_54_dense.csv
✅ [Epoch 3] New best HR@10: 0.3166, model saved to checkpoints/bpr_filtered-h-and-m_best.pt
[Epoch 4] Loss: 0.0581
num_hit:	@1	@3	@5	@10
		0.0264	0.1054	0.1818	0.3182	
MAP_score:	@1	@3	@5	@10
		0.0264	0.0591	0.0764	0.0944	
NDCG_score:	@1	@3	@5	@10
		0.0264	0.0709	0.1022	0.1461	
📄 Saved batch eval result to result/bpr_result_aug_short_54_dense.csv
✅ [Epoch 4] New best HR@10: 0.3182, model saved to checkpoints/bpr_filtered-h-and-m_best.pt
[Epoch 5] Loss: 0.0497
num_hit:	@1	@3	@5	@10
		0.0261	0.1089	0.1851	0.3256	
MAP_score:	@1	@3	@5	@10
		0.0261	0.0602	0.0774	0.0960	
NDCG_score:	@1	@3	@5	@10
		0.0261	0.0726	0.1038	0.1491	
📄 Saved batch eval result to result/bpr_result_aug_short_54_dense.csv
✅ [Epoch 5] New best HR@10: 0.3256, model saved to checkpoints/bpr_filtered-h-and-m_best.pt
[Epoch 6] Loss: 0.0441
num_hit:	@1	@3	@5	@10
		0.0266	0.1069	0.1870	0.3252	
MAP_score:	@1	@3	@5	@10
		0.0266	0.0599	0.0780	0.0964	
NDCG_score:	@1	@3	@5	@10
		0.0266	0.0719	0.1047	0.1493	
[Epoch 6] HR@10 = 0.3252, best = 0.3256 (epoch 5)
[Epoch 7] Loss: 0.0398
num_hit:	@1	@3	@5	@10
		0.0270	0.1129	0.1890	0.3286	
MAP_score:	@1	@3	@5	@10
		0.0270	0.0622	0.0794	0.0980	
NDCG_score:	@1	@3	@5	@10
		0.0270	0.0751	0.1063	0.1514	
📄 Saved batch eval result to result/bpr_result_aug_short_54_dense.csv
✅ [Epoch 7] New best HR@10: 0.3286, model saved to checkpoints/bpr_filtered-h-and-m_best.pt
[Epoch 8] Loss: 0.0363
num_hit:	@1	@3	@5	@10
		0.0295	0.1119	0.1912	0.3348	
MAP_score:	@1	@3	@5	@10
		0.0295	0.0634	0.0814	0.1004	
NDCG_score:	@1	@3	@5	@10
		0.0295	0.0758	0.1083	0.1545	
📄 Saved batch eval result to result/bpr_result_aug_short_54_dense.csv
✅ [Epoch 8] New best HR@10: 0.3348, model saved to checkpoints/bpr_filtered-h-and-m_best.pt
[Epoch 9] Loss: 0.0339
num_hit:	@1	@3	@5	@10
		0.0318	0.1187	0.1947	0.3377	
MAP_score:	@1	@3	@5	@10
		0.0318	0.0675	0.0846	0.1035	
NDCG_score:	@1	@3	@5	@10
		0.0318	0.0805	0.1116	0.1577	
📄 Saved batch eval result to result/bpr_result_aug_short_54_dense.csv
✅ [Epoch 9] New best HR@10: 0.3377, model saved to checkpoints/bpr_filtered-h-and-m_best.pt
[Epoch 10] Loss: 0.0310
num_hit:	@1	@3	@5	@10
		0.0318	0.1212	0.1985	0.3423	
MAP_score:	@1	@3	@5	@10
		0.0318	0.0688	0.0863	0.1053	
NDCG_score:	@1	@3	@5	@10
		0.0318	0.0822	0.1138	0.1602	
📄 Saved batch eval result to result/bpr_result_aug_short_54_dense.csv
✅ [Epoch 10] New best HR@10: 0.3423, model saved to checkpoints/bpr_filtered-h-and-m_best.pt
[Epoch 11] Loss: 0.0289
num_hit:	@1	@3	@5	@10
		0.0334	0.1239	0.2010	0.3484	
MAP_score:	@1	@3	@5	@10
		0.0334	0.0709	0.0884	0.1078	
NDCG_score:	@1	@3	@5	@10
		0.0334	0.0844	0.1161	0.1635	
📄 Saved batch eval result to result/bpr_result_aug_short_54_dense.csv
✅ [Epoch 11] New best HR@10: 0.3484, model saved to checkpoints/bpr_filtered-h-and-m_best.pt
[Epoch 12] Loss: 0.0270
num_hit:	@1	@3	@5	@10
		0.0361	0.1277	0.2051	0.3500	
MAP_score:	@1	@3	@5	@10
		0.0361	0.0742	0.0917	0.1108	
NDCG_score:	@1	@3	@5	@10
		0.0361	0.0878	0.1195	0.1662	
📄 Saved batch eval result to result/bpr_result_aug_short_54_dense.csv
✅ [Epoch 12] New best HR@10: 0.3500, model saved to checkpoints/bpr_filtered-h-and-m_best.pt
[Epoch 13] Loss: 0.0247
num_hit:	@1	@3	@5	@10
		0.0388	0.1308	0.2112	0.3549	
MAP_score:	@1	@3	@5	@10
		0.0388	0.0767	0.0950	0.1139	
NDCG_score:	@1	@3	@5	@10
		0.0388	0.0905	0.1235	0.1697	
📄 Saved batch eval result to result/bpr_result_aug_short_54_dense.csv
✅ [Epoch 13] New best HR@10: 0.3549, model saved to checkpoints/bpr_filtered-h-and-m_best.pt
[Epoch 14] Loss: 0.0228
num_hit:	@1	@3	@5	@10
		0.0409	0.1342	0.2147	0.3593	
MAP_score:	@1	@3	@5	@10
		0.0409	0.0799	0.0981	0.1171	
NDCG_score:	@1	@3	@5	@10
		0.0409	0.0937	0.1268	0.1732	
📄 Saved batch eval result to result/bpr_result_aug_short_54_dense.csv
✅ [Epoch 14] New best HR@10: 0.3593, model saved to checkpoints/bpr_filtered-h-and-m_best.pt
[Epoch 15] Loss: 0.0217
num_hit:	@1	@3	@5	@10
		0.0433	0.1378	0.2185	0.3598	
MAP_score:	@1	@3	@5	@10
		0.0433	0.0827	0.1009	0.1196	
NDCG_score:	@1	@3	@5	@10
		0.0433	0.0967	0.1298	0.1754	
📄 Saved batch eval result to result/bpr_result_aug_short_54_dense.csv
✅ [Epoch 15] New best HR@10: 0.3598, model saved to checkpoints/bpr_filtered-h-and-m_best.pt
[Epoch 16] Loss: 0.0200
num_hit:	@1	@3	@5	@10
		0.0452	0.1402	0.2219	0.3656	
MAP_score:	@1	@3	@5	@10
		0.0452	0.0846	0.1032	0.1222	
NDCG_score:	@1	@3	@5	@10
		0.0452	0.0988	0.1324	0.1787	
📄 Saved batch eval result to result/bpr_result_aug_short_54_dense.csv
✅ [Epoch 16] New best HR@10: 0.3656, model saved to checkpoints/bpr_filtered-h-and-m_best.pt
[Epoch 17] Loss: 0.0184
num_hit:	@1	@3	@5	@10
		0.0471	0.1430	0.2287	0.3689	
MAP_score:	@1	@3	@5	@10
		0.0471	0.0871	0.1065	0.1249	
NDCG_score:	@1	@3	@5	@10
		0.0471	0.1014	0.1365	0.1815	
📄 Saved batch eval result to result/bpr_result_aug_short_54_dense.csv
✅ [Epoch 17] New best HR@10: 0.3689, model saved to checkpoints/bpr_filtered-h-and-m_best.pt
[Epoch 18] Loss: 0.0170
num_hit:	@1	@3	@5	@10
		0.0490	0.1487	0.2332	0.3730	
MAP_score:	@1	@3	@5	@10
		0.0490	0.0906	0.1097	0.1282	
NDCG_score:	@1	@3	@5	@10
		0.0490	0.1054	0.1400	0.1851	
📄 Saved batch eval result to result/bpr_result_aug_short_54_dense.csv
✅ [Epoch 18] New best HR@10: 0.3730, model saved to checkpoints/bpr_filtered-h-and-m_best.pt
[Epoch 19] Loss: 0.0160
num_hit:	@1	@3	@5	@10
		0.0523	0.1522	0.2373	0.3754	
MAP_score:	@1	@3	@5	@10
		0.0523	0.0944	0.1137	0.1321	
NDCG_score:	@1	@3	@5	@10
		0.0523	0.1092	0.1441	0.1887	
📄 Saved batch eval result to result/bpr_result_aug_short_54_dense.csv
✅ [Epoch 19] New best HR@10: 0.3754, model saved to checkpoints/bpr_filtered-h-and-m_best.pt
[Epoch 20] Loss: 0.0151
num_hit:	@1	@3	@5	@10
		0.0547	0.1542	0.2441	0.3784	
MAP_score:	@1	@3	@5	@10
		0.0547	0.0964	0.1167	0.1345	
NDCG_score:	@1	@3	@5	@10
		0.0547	0.1112	0.1479	0.1913	
📄 Saved batch eval result to result/bpr_result_aug_short_54_dense.csv
✅ [Epoch 20] New best HR@10: 0.3784, model saved to checkpoints/bpr_filtered-h-and-m_best.pt
[Epoch 21] Loss: 0.0138
num_hit:	@1	@3	@5	@10
		0.0584	0.1621	0.2455	0.3803	
MAP_score:	@1	@3	@5	@10
		0.0584	0.1020	0.1209	0.1389	
NDCG_score:	@1	@3	@5	@10
		0.0584	0.1174	0.1515	0.1951	
📄 Saved batch eval result to result/bpr_result_aug_short_54_dense.csv
✅ [Epoch 21] New best HR@10: 0.3803, model saved to checkpoints/bpr_filtered-h-and-m_best.pt
[Epoch 22] Loss: 0.0127
num_hit:	@1	@3	@5	@10
		0.0622	0.1647	0.2485	0.3853	
MAP_score:	@1	@3	@5	@10
		0.0622	0.1053	0.1242	0.1425	
NDCG_score:	@1	@3	@5	@10
		0.0622	0.1205	0.1548	0.1990	
📄 Saved batch eval result to result/bpr_result_aug_short_54_dense.csv
✅ [Epoch 22] New best HR@10: 0.3853, model saved to checkpoints/bpr_filtered-h-and-m_best.pt
[Epoch 23] Loss: 0.0119
num_hit:	@1	@3	@5	@10
		0.0648	0.1708	0.2511	0.3879	
MAP_score:	@1	@3	@5	@10
		0.0648	0.1096	0.1277	0.1460	
NDCG_score:	@1	@3	@5	@10
		0.0648	0.1252	0.1581	0.2023	
📄 Saved batch eval result to result/bpr_result_aug_short_54_dense.csv
✅ [Epoch 23] New best HR@10: 0.3879, model saved to checkpoints/bpr_filtered-h-and-m_best.pt
[Epoch 24] Loss: 0.0112
num_hit:	@1	@3	@5	@10
		0.0662	0.1749	0.2578	0.3884	
MAP_score:	@1	@3	@5	@10
		0.0662	0.1120	0.1309	0.1483	
NDCG_score:	@1	@3	@5	@10
		0.0662	0.1281	0.1621	0.2043	
📄 Saved batch eval result to result/bpr_result_aug_short_54_dense.csv
✅ [Epoch 24] New best HR@10: 0.3884, model saved to checkpoints/bpr_filtered-h-and-m_best.pt
[Epoch 25] Loss: 0.0103
num_hit:	@1	@3	@5	@10
		0.0707	0.1778	0.2607	0.3919	
MAP_score:	@1	@3	@5	@10
		0.0707	0.1158	0.1346	0.1520	
NDCG_score:	@1	@3	@5	@10
		0.0707	0.1317	0.1656	0.2080	
📄 Saved batch eval result to result/bpr_result_aug_short_54_dense.csv
✅ [Epoch 25] New best HR@10: 0.3919, model saved to checkpoints/bpr_filtered-h-and-m_best.pt
[Epoch 26] Loss: 0.0097
num_hit:	@1	@3	@5	@10
		0.0736	0.1789	0.2637	0.3926	
MAP_score:	@1	@3	@5	@10
		0.0736	0.1179	0.1371	0.1542	
NDCG_score:	@1	@3	@5	@10
		0.0736	0.1335	0.1682	0.2099	
📄 Saved batch eval result to result/bpr_result_aug_short_54_dense.csv
✅ [Epoch 26] New best HR@10: 0.3926, model saved to checkpoints/bpr_filtered-h-and-m_best.pt
[Epoch 27] Loss: 0.0090
num_hit:	@1	@3	@5	@10
		0.0747	0.1827	0.2660	0.3933	
MAP_score:	@1	@3	@5	@10
		0.0747	0.1202	0.1391	0.1559	
NDCG_score:	@1	@3	@5	@10
		0.0747	0.1361	0.1703	0.2113	
📄 Saved batch eval result to result/bpr_result_aug_short_54_dense.csv
✅ [Epoch 27] New best HR@10: 0.3933, model saved to checkpoints/bpr_filtered-h-and-m_best.pt
[Epoch 28] Loss: 0.0084
num_hit:	@1	@3	@5	@10
		0.0784	0.1859	0.2675	0.3985	
MAP_score:	@1	@3	@5	@10
		0.0784	0.1237	0.1422	0.1596	
NDCG_score:	@1	@3	@5	@10
		0.0784	0.1396	0.1730	0.2153	
📄 Saved batch eval result to result/bpr_result_aug_short_54_dense.csv
✅ [Epoch 28] New best HR@10: 0.3985, model saved to checkpoints/bpr_filtered-h-and-m_best.pt
[Epoch 29] Loss: 0.0080
num_hit:	@1	@3	@5	@10
		0.0815	0.1902	0.2729	0.3959	
MAP_score:	@1	@3	@5	@10
		0.0815	0.1272	0.1459	0.1623	
NDCG_score:	@1	@3	@5	@10
		0.0815	0.1433	0.1772	0.2169	
[Epoch 29] HR@10 = 0.3959, best = 0.3985 (epoch 28)
[Epoch 30] Loss: 0.0076
num_hit:	@1	@3	@5	@10
		0.0842	0.1920	0.2723	0.3946	
MAP_score:	@1	@3	@5	@10
		0.0842	0.1297	0.1480	0.1644	
NDCG_score:	@1	@3	@5	@10
		0.0842	0.1456	0.1786	0.2183	
[Epoch 30] HR@10 = 0.3946, best = 0.3985 (epoch 28)
[Epoch 31] Loss: 0.0070
num_hit:	@1	@3	@5	@10
		0.0877	0.1962	0.2768	0.4002	
MAP_score:	@1	@3	@5	@10
		0.0877	0.1336	0.1520	0.1684	
NDCG_score:	@1	@3	@5	@10
		0.0877	0.1496	0.1827	0.2226	
📄 Saved batch eval result to result/bpr_result_aug_short_54_dense.csv
✅ [Epoch 31] New best HR@10: 0.4002, model saved to checkpoints/bpr_filtered-h-and-m_best.pt
[Epoch 32] Loss: 0.0066
num_hit:	@1	@3	@5	@10
		0.0891	0.1993	0.2782	0.3978	
MAP_score:	@1	@3	@5	@10
		0.0891	0.1356	0.1535	0.1696	
NDCG_score:	@1	@3	@5	@10
		0.0891	0.1519	0.1843	0.2231	
[Epoch 32] HR@10 = 0.3978, best = 0.4002 (epoch 31)
[Epoch 33] Loss: 0.0063
num_hit:	@1	@3	@5	@10
		0.0926	0.2025	0.2829	0.3991	
MAP_score:	@1	@3	@5	@10
		0.0926	0.1389	0.1571	0.1725	
NDCG_score:	@1	@3	@5	@10
		0.0926	0.1551	0.1881	0.2256	
[Epoch 33] HR@10 = 0.3991, best = 0.4002 (epoch 31)
[Epoch 34] Loss: 0.0059
num_hit:	@1	@3	@5	@10
		0.0960	0.2074	0.2835	0.3982	
MAP_score:	@1	@3	@5	@10
		0.0960	0.1427	0.1600	0.1753	
NDCG_score:	@1	@3	@5	@10
		0.0960	0.1592	0.1904	0.2275	
[Epoch 34] HR@10 = 0.3982, best = 0.4002 (epoch 31)
[Epoch 35] Loss: 0.0055
num_hit:	@1	@3	@5	@10
		0.0962	0.2060	0.2802	0.4004	
MAP_score:	@1	@3	@5	@10
		0.0962	0.1428	0.1596	0.1757	
NDCG_score:	@1	@3	@5	@10
		0.0962	0.1589	0.1894	0.2283	
📄 Saved batch eval result to result/bpr_result_aug_short_54_dense.csv
✅ [Epoch 35] New best HR@10: 0.4004, model saved to checkpoints/bpr_filtered-h-and-m_best.pt
[Epoch 36] Loss: 0.0052
num_hit:	@1	@3	@5	@10
		0.0970	0.2096	0.2837	0.3996	
MAP_score:	@1	@3	@5	@10
		0.0970	0.1447	0.1616	0.1770	
NDCG_score:	@1	@3	@5	@10
		0.0970	0.1613	0.1918	0.2292	
[Epoch 36] HR@10 = 0.3996, best = 0.4004 (epoch 35)
[Epoch 37] Loss: 0.0050
num_hit:	@1	@3	@5	@10
		0.1012	0.2132	0.2848	0.3972	
MAP_score:	@1	@3	@5	@10
		0.1012	0.1486	0.1648	0.1798	
NDCG_score:	@1	@3	@5	@10
		0.1012	0.1651	0.1945	0.2308	
[Epoch 37] HR@10 = 0.3972, best = 0.4004 (epoch 35)
[Epoch 38] Loss: 0.0048
num_hit:	@1	@3	@5	@10
		0.1034	0.2143	0.2878	0.4009	
MAP_score:	@1	@3	@5	@10
		0.1034	0.1505	0.1672	0.1823	
NDCG_score:	@1	@3	@5	@10
		0.1034	0.1668	0.1970	0.2336	
📄 Saved batch eval result to result/bpr_result_aug_short_54_dense.csv
✅ [Epoch 38] New best HR@10: 0.4009, model saved to checkpoints/bpr_filtered-h-and-m_best.pt
[Epoch 39] Loss: 0.0045
num_hit:	@1	@3	@5	@10
		0.1036	0.2140	0.2856	0.4010	
MAP_score:	@1	@3	@5	@10
		0.1036	0.1509	0.1672	0.1827	
NDCG_score:	@1	@3	@5	@10
		0.1036	0.1671	0.1965	0.2339	
📄 Saved batch eval result to result/bpr_result_aug_short_54_dense.csv
✅ [Epoch 39] New best HR@10: 0.4010, model saved to checkpoints/bpr_filtered-h-and-m_best.pt
[Epoch 40] Loss: 0.0043
num_hit:	@1	@3	@5	@10
		0.1065	0.2150	0.2866	0.3986	
MAP_score:	@1	@3	@5	@10
		0.1065	0.1529	0.1692	0.1841	
NDCG_score:	@1	@3	@5	@10
		0.1065	0.1688	0.1982	0.2344	
[Epoch 40] HR@10 = 0.3986, best = 0.4010 (epoch 39)
[Epoch 41] Loss: 0.0042
num_hit:	@1	@3	@5	@10
		0.1080	0.2182	0.2893	0.4021	
MAP_score:	@1	@3	@5	@10
		0.1080	0.1553	0.1715	0.1866	
NDCG_score:	@1	@3	@5	@10
		0.1080	0.1714	0.2007	0.2372	
📄 Saved batch eval result to result/bpr_result_aug_short_54_dense.csv
✅ [Epoch 41] New best HR@10: 0.4021, model saved to checkpoints/bpr_filtered-h-and-m_best.pt
[Epoch 42] Loss: 0.0039
num_hit:	@1	@3	@5	@10
		0.1091	0.2173	0.2892	0.4028	
MAP_score:	@1	@3	@5	@10
		0.1091	0.1557	0.1722	0.1872	
NDCG_score:	@1	@3	@5	@10
		0.1091	0.1715	0.2012	0.2377	
📄 Saved batch eval result to result/bpr_result_aug_short_54_dense.csv
✅ [Epoch 42] New best HR@10: 0.4028, model saved to checkpoints/bpr_filtered-h-and-m_best.pt
[Epoch 43] Loss: 0.0038
num_hit:	@1	@3	@5	@10
		0.1107	0.2201	0.2896	0.4040	
MAP_score:	@1	@3	@5	@10
		0.1107	0.1578	0.1736	0.1888	
NDCG_score:	@1	@3	@5	@10
		0.1107	0.1738	0.2023	0.2392	
📄 Saved batch eval result to result/bpr_result_aug_short_54_dense.csv
✅ [Epoch 43] New best HR@10: 0.4040, model saved to checkpoints/bpr_filtered-h-and-m_best.pt
[Epoch 44] Loss: 0.0036
num_hit:	@1	@3	@5	@10
		0.1125	0.2229	0.2928	0.4018	
MAP_score:	@1	@3	@5	@10
		0.1125	0.1597	0.1756	0.1900	
NDCG_score:	@1	@3	@5	@10
		0.1125	0.1759	0.2046	0.2397	
[Epoch 44] HR@10 = 0.4018, best = 0.4040 (epoch 43)
[Epoch 45] Loss: 0.0035
num_hit:	@1	@3	@5	@10
		0.1134	0.2223	0.2915	0.4024	
MAP_score:	@1	@3	@5	@10
		0.1134	0.1604	0.1762	0.1910	
NDCG_score:	@1	@3	@5	@10
		0.1134	0.1763	0.2048	0.2406	
[Epoch 45] HR@10 = 0.4024, best = 0.4040 (epoch 43)
[Epoch 46] Loss: 0.0034
num_hit:	@1	@3	@5	@10
		0.1151	0.2239	0.2901	0.4020	
MAP_score:	@1	@3	@5	@10
		0.1151	0.1621	0.1771	0.1919	
NDCG_score:	@1	@3	@5	@10
		0.1151	0.1779	0.2051	0.2411	
[Epoch 46] HR@10 = 0.4020, best = 0.4040 (epoch 43)
[Epoch 47] Loss: 0.0032
num_hit:	@1	@3	@5	@10
		0.1165	0.2259	0.2920	0.4043	
MAP_score:	@1	@3	@5	@10
		0.1165	0.1632	0.1783	0.1931	
NDCG_score:	@1	@3	@5	@10
		0.1165	0.1793	0.2064	0.2426	
📄 Saved batch eval result to result/bpr_result_aug_short_54_dense.csv
✅ [Epoch 47] New best HR@10: 0.4043, model saved to checkpoints/bpr_filtered-h-and-m_best.pt
[Epoch 48] Loss: 0.0031
num_hit:	@1	@3	@5	@10
		0.1190	0.2256	0.2901	0.4026	
MAP_score:	@1	@3	@5	@10
		0.1190	0.1649	0.1795	0.1945	
NDCG_score:	@1	@3	@5	@10
		0.1190	0.1804	0.2069	0.2432	
[Epoch 48] HR@10 = 0.4026, best = 0.4043 (epoch 47)
[Epoch 49] Loss: 0.0030
num_hit:	@1	@3	@5	@10
		0.1209	0.2235	0.2908	0.4016	
MAP_score:	@1	@3	@5	@10
		0.1209	0.1648	0.1801	0.1949	
NDCG_score:	@1	@3	@5	@10
		0.1209	0.1798	0.2075	0.2433	
[Epoch 49] HR@10 = 0.4016, best = 0.4043 (epoch 47)
[Epoch 50] Loss: 0.0029
num_hit:	@1	@3	@5	@10
		0.1216	0.2270	0.2917	0.4039	
MAP_score:	@1	@3	@5	@10
		0.1216	0.1669	0.1816	0.1965	
NDCG_score:	@1	@3	@5	@10
		0.1216	0.1823	0.2089	0.2451	
[Epoch 50] HR@10 = 0.4039, best = 0.4043 (epoch 47)
Model saved to checkpoints/bpr_last_filtered-h-and-m.pt
