Dataset: filtered-h-and-m, Users: 1371716, Items: 105439
Generating training data...
[Epoch 1] Loss: 0.4714
num_hit:	@1	@3	@5	@10
		0.0493	0.1475	0.2198	0.3413	
MAP_score:	@1	@3	@5	@10
		0.0493	0.0907	0.1070	0.1231	
NDCG_score:	@1	@3	@5	@10
		0.0493	0.1052	0.1348	0.1740	
📄 Saved batch eval result to result/bpr_result_aug_short_54_bm25.csv
✅ [Epoch 1] New best HR@10: 0.3413, model saved to checkpoints/bpr_filtered-h-and-m_best.pt
[Epoch 2] Loss: 0.1251
num_hit:	@1	@3	@5	@10
		0.0496	0.1497	0.2179	0.3447	
MAP_score:	@1	@3	@5	@10
		0.0496	0.0917	0.1071	0.1239	
NDCG_score:	@1	@3	@5	@10
		0.0496	0.1065	0.1345	0.1753	
📄 Saved batch eval result to result/bpr_result_aug_short_54_bm25.csv
✅ [Epoch 2] New best HR@10: 0.3447, model saved to checkpoints/bpr_filtered-h-and-m_best.pt
[Epoch 3] Loss: 0.0689
num_hit:	@1	@3	@5	@10
		0.0492	0.1489	0.2193	0.3429	
MAP_score:	@1	@3	@5	@10
		0.0492	0.0915	0.1076	0.1239	
NDCG_score:	@1	@3	@5	@10
		0.0492	0.1062	0.1351	0.1750	
[Epoch 3] HR@10 = 0.3429, best = 0.3447 (epoch 2)
[Epoch 4] Loss: 0.0532
num_hit:	@1	@3	@5	@10
		0.0494	0.1470	0.2198	0.3413	
MAP_score:	@1	@3	@5	@10
		0.0494	0.0905	0.1069	0.1231	
NDCG_score:	@1	@3	@5	@10
		0.0494	0.1049	0.1347	0.1740	
[Epoch 4] HR@10 = 0.3413, best = 0.3447 (epoch 2)
[Epoch 5] Loss: 0.0459
num_hit:	@1	@3	@5	@10
		0.0495	0.1485	0.2192	0.3436	
MAP_score:	@1	@3	@5	@10
		0.0495	0.0916	0.1075	0.1242	
NDCG_score:	@1	@3	@5	@10
		0.0495	0.1061	0.1351	0.1753	
[Epoch 5] HR@10 = 0.3436, best = 0.3447 (epoch 2)
[Epoch 6] Loss: 0.0414
num_hit:	@1	@3	@5	@10
		0.0511	0.1481	0.2237	0.3449	
MAP_score:	@1	@3	@5	@10
		0.0511	0.0923	0.1093	0.1253	
NDCG_score:	@1	@3	@5	@10
		0.0511	0.1066	0.1375	0.1765	
📄 Saved batch eval result to result/bpr_result_aug_short_54_bm25.csv
✅ [Epoch 6] New best HR@10: 0.3449, model saved to checkpoints/bpr_filtered-h-and-m_best.pt
[Epoch 7] Loss: 0.0381
num_hit:	@1	@3	@5	@10
		0.0515	0.1516	0.2226	0.3521	
MAP_score:	@1	@3	@5	@10
		0.0515	0.0939	0.1100	0.1270	
NDCG_score:	@1	@3	@5	@10
		0.0515	0.1086	0.1378	0.1794	
📄 Saved batch eval result to result/bpr_result_aug_short_54_bm25.csv
✅ [Epoch 7] New best HR@10: 0.3521, model saved to checkpoints/bpr_filtered-h-and-m_best.pt
[Epoch 8] Loss: 0.0353
num_hit:	@1	@3	@5	@10
		0.0539	0.1535	0.2276	0.3531	
MAP_score:	@1	@3	@5	@10
		0.0539	0.0960	0.1127	0.1293	
NDCG_score:	@1	@3	@5	@10
		0.0539	0.1107	0.1410	0.1815	
📄 Saved batch eval result to result/bpr_result_aug_short_54_bm25.csv
✅ [Epoch 8] New best HR@10: 0.3531, model saved to checkpoints/bpr_filtered-h-and-m_best.pt
[Epoch 9] Loss: 0.0330
num_hit:	@1	@3	@5	@10
		0.0550	0.1556	0.2332	0.3578	
MAP_score:	@1	@3	@5	@10
		0.0550	0.0977	0.1151	0.1317	
NDCG_score:	@1	@3	@5	@10
		0.0550	0.1125	0.1442	0.1844	
📄 Saved batch eval result to result/bpr_result_aug_short_54_bm25.csv
✅ [Epoch 9] New best HR@10: 0.3578, model saved to checkpoints/bpr_filtered-h-and-m_best.pt
[Epoch 10] Loss: 0.0309
num_hit:	@1	@3	@5	@10
		0.0564	0.1608	0.2343	0.3590	
MAP_score:	@1	@3	@5	@10
		0.0564	0.1009	0.1175	0.1339	
NDCG_score:	@1	@3	@5	@10
		0.0564	0.1162	0.1463	0.1865	
📄 Saved batch eval result to result/bpr_result_aug_short_54_bm25.csv
✅ [Epoch 10] New best HR@10: 0.3590, model saved to checkpoints/bpr_filtered-h-and-m_best.pt
[Epoch 11] Loss: 0.0293
num_hit:	@1	@3	@5	@10
		0.0590	0.1625	0.2360	0.3658	
MAP_score:	@1	@3	@5	@10
		0.0590	0.1028	0.1195	0.1367	
NDCG_score:	@1	@3	@5	@10
		0.0590	0.1180	0.1482	0.1901	
📄 Saved batch eval result to result/bpr_result_aug_short_54_bm25.csv
✅ [Epoch 11] New best HR@10: 0.3658, model saved to checkpoints/bpr_filtered-h-and-m_best.pt
[Epoch 12] Loss: 0.0273
num_hit:	@1	@3	@5	@10
		0.0619	0.1659	0.2415	0.3644	
MAP_score:	@1	@3	@5	@10
		0.0619	0.1061	0.1232	0.1395	
NDCG_score:	@1	@3	@5	@10
		0.0619	0.1214	0.1524	0.1921	
[Epoch 12] HR@10 = 0.3644, best = 0.3658 (epoch 11)
[Epoch 13] Loss: 0.0251
num_hit:	@1	@3	@5	@10
		0.0639	0.1695	0.2426	0.3733	
MAP_score:	@1	@3	@5	@10
		0.0639	0.1086	0.1252	0.1424	
NDCG_score:	@1	@3	@5	@10
		0.0639	0.1242	0.1541	0.1962	
📄 Saved batch eval result to result/bpr_result_aug_short_54_bm25.csv
✅ [Epoch 13] New best HR@10: 0.3733, model saved to checkpoints/bpr_filtered-h-and-m_best.pt
[Epoch 14] Loss: 0.0236
num_hit:	@1	@3	@5	@10
		0.0649	0.1684	0.2487	0.3741	
MAP_score:	@1	@3	@5	@10
		0.0649	0.1088	0.1270	0.1437	
NDCG_score:	@1	@3	@5	@10
		0.0649	0.1240	0.1570	0.1975	
📄 Saved batch eval result to result/bpr_result_aug_short_54_bm25.csv
✅ [Epoch 14] New best HR@10: 0.3741, model saved to checkpoints/bpr_filtered-h-and-m_best.pt
[Epoch 15] Loss: 0.0220
num_hit:	@1	@3	@5	@10
		0.0640	0.1704	0.2482	0.3776	
MAP_score:	@1	@3	@5	@10
		0.0640	0.1094	0.1270	0.1441	
NDCG_score:	@1	@3	@5	@10
		0.0640	0.1250	0.1569	0.1986	
📄 Saved batch eval result to result/bpr_result_aug_short_54_bm25.csv
✅ [Epoch 15] New best HR@10: 0.3776, model saved to checkpoints/bpr_filtered-h-and-m_best.pt
[Epoch 16] Loss: 0.0205
num_hit:	@1	@3	@5	@10
		0.0683	0.1742	0.2517	0.3782	
MAP_score:	@1	@3	@5	@10
		0.0683	0.1137	0.1312	0.1481	
NDCG_score:	@1	@3	@5	@10
		0.0683	0.1292	0.1609	0.2018	
📄 Saved batch eval result to result/bpr_result_aug_short_54_bm25.csv
✅ [Epoch 16] New best HR@10: 0.3782, model saved to checkpoints/bpr_filtered-h-and-m_best.pt
[Epoch 17] Loss: 0.0190
num_hit:	@1	@3	@5	@10
		0.0713	0.1801	0.2580	0.3851	
MAP_score:	@1	@3	@5	@10
		0.0713	0.1175	0.1352	0.1519	
NDCG_score:	@1	@3	@5	@10
		0.0713	0.1335	0.1655	0.2064	
📄 Saved batch eval result to result/bpr_result_aug_short_54_bm25.csv
✅ [Epoch 17] New best HR@10: 0.3851, model saved to checkpoints/bpr_filtered-h-and-m_best.pt
[Epoch 18] Loss: 0.0175
num_hit:	@1	@3	@5	@10
		0.0737	0.1851	0.2601	0.3893	
MAP_score:	@1	@3	@5	@10
		0.0737	0.1212	0.1382	0.1553	
NDCG_score:	@1	@3	@5	@10
		0.0737	0.1375	0.1683	0.2100	
📄 Saved batch eval result to result/bpr_result_aug_short_54_bm25.csv
✅ [Epoch 18] New best HR@10: 0.3893, model saved to checkpoints/bpr_filtered-h-and-m_best.pt
[Epoch 19] Loss: 0.0163
num_hit:	@1	@3	@5	@10
		0.0722	0.1862	0.2674	0.3939	
MAP_score:	@1	@3	@5	@10
		0.0722	0.1206	0.1390	0.1557	
NDCG_score:	@1	@3	@5	@10
		0.0722	0.1373	0.1707	0.2114	
📄 Saved batch eval result to result/bpr_result_aug_short_54_bm25.csv
✅ [Epoch 19] New best HR@10: 0.3939, model saved to checkpoints/bpr_filtered-h-and-m_best.pt
[Epoch 20] Loss: 0.0152
num_hit:	@1	@3	@5	@10
		0.0755	0.1928	0.2708	0.3995	
MAP_score:	@1	@3	@5	@10
		0.0755	0.1253	0.1430	0.1601	
NDCG_score:	@1	@3	@5	@10
		0.0755	0.1426	0.1746	0.2161	
📄 Saved batch eval result to result/bpr_result_aug_short_54_bm25.csv
✅ [Epoch 20] New best HR@10: 0.3995, model saved to checkpoints/bpr_filtered-h-and-m_best.pt
[Epoch 21] Loss: 0.0141
num_hit:	@1	@3	@5	@10
		0.0760	0.1915	0.2764	0.4066	
MAP_score:	@1	@3	@5	@10
		0.0760	0.1251	0.1444	0.1616	
NDCG_score:	@1	@3	@5	@10
		0.0760	0.1421	0.1769	0.2189	
📄 Saved batch eval result to result/bpr_result_aug_short_54_bm25.csv
✅ [Epoch 21] New best HR@10: 0.4066, model saved to checkpoints/bpr_filtered-h-and-m_best.pt
[Epoch 22] Loss: 0.0131
num_hit:	@1	@3	@5	@10
		0.0792	0.1960	0.2782	0.4072	
MAP_score:	@1	@3	@5	@10
		0.0792	0.1292	0.1478	0.1649	
NDCG_score:	@1	@3	@5	@10
		0.0792	0.1463	0.1800	0.2216	
📄 Saved batch eval result to result/bpr_result_aug_short_54_bm25.csv
✅ [Epoch 22] New best HR@10: 0.4072, model saved to checkpoints/bpr_filtered-h-and-m_best.pt
[Epoch 23] Loss: 0.0121
num_hit:	@1	@3	@5	@10
		0.0850	0.1989	0.2818	0.4084	
MAP_score:	@1	@3	@5	@10
		0.0850	0.1339	0.1528	0.1697	
NDCG_score:	@1	@3	@5	@10
		0.0850	0.1506	0.1847	0.2256	
📄 Saved batch eval result to result/bpr_result_aug_short_54_bm25.csv
✅ [Epoch 23] New best HR@10: 0.4084, model saved to checkpoints/bpr_filtered-h-and-m_best.pt
[Epoch 24] Loss: 0.0112
num_hit:	@1	@3	@5	@10
		0.0842	0.2052	0.2830	0.4112	
MAP_score:	@1	@3	@5	@10
		0.0842	0.1359	0.1535	0.1707	
NDCG_score:	@1	@3	@5	@10
		0.0842	0.1536	0.1855	0.2271	
📄 Saved batch eval result to result/bpr_result_aug_short_54_bm25.csv
✅ [Epoch 24] New best HR@10: 0.4112, model saved to checkpoints/bpr_filtered-h-and-m_best.pt
[Epoch 25] Loss: 0.0105
num_hit:	@1	@3	@5	@10
		0.0892	0.2104	0.2868	0.4161	
MAP_score:	@1	@3	@5	@10
		0.0892	0.1415	0.1589	0.1762	
NDCG_score:	@1	@3	@5	@10
		0.0892	0.1592	0.1906	0.2324	
📄 Saved batch eval result to result/bpr_result_aug_short_54_bm25.csv
✅ [Epoch 25] New best HR@10: 0.4161, model saved to checkpoints/bpr_filtered-h-and-m_best.pt
[Epoch 26] Loss: 0.0097
num_hit:	@1	@3	@5	@10
		0.0926	0.2172	0.2950	0.4155	
MAP_score:	@1	@3	@5	@10
		0.0926	0.1462	0.1639	0.1799	
NDCG_score:	@1	@3	@5	@10
		0.0926	0.1644	0.1963	0.2352	
[Epoch 26] HR@10 = 0.4155, best = 0.4161 (epoch 25)
[Epoch 27] Loss: 0.0088
num_hit:	@1	@3	@5	@10
		0.0968	0.2200	0.2968	0.4181	
MAP_score:	@1	@3	@5	@10
		0.0968	0.1496	0.1669	0.1830	
NDCG_score:	@1	@3	@5	@10
		0.0968	0.1676	0.1991	0.2382	
📄 Saved batch eval result to result/bpr_result_aug_short_54_bm25.csv
✅ [Epoch 27] New best HR@10: 0.4181, model saved to checkpoints/bpr_filtered-h-and-m_best.pt
[Epoch 28] Loss: 0.0081
num_hit:	@1	@3	@5	@10
		0.0998	0.2219	0.2980	0.4182	
MAP_score:	@1	@3	@5	@10
		0.0998	0.1524	0.1697	0.1856	
NDCG_score:	@1	@3	@5	@10
		0.0998	0.1702	0.2014	0.2402	
📄 Saved batch eval result to result/bpr_result_aug_short_54_bm25.csv
✅ [Epoch 28] New best HR@10: 0.4182, model saved to checkpoints/bpr_filtered-h-and-m_best.pt
[Epoch 29] Loss: 0.0075
num_hit:	@1	@3	@5	@10
		0.1009	0.2252	0.3019	0.4209	
MAP_score:	@1	@3	@5	@10
		0.1009	0.1544	0.1717	0.1876	
NDCG_score:	@1	@3	@5	@10
		0.1009	0.1725	0.2039	0.2424	
📄 Saved batch eval result to result/bpr_result_aug_short_54_bm25.csv
✅ [Epoch 29] New best HR@10: 0.4209, model saved to checkpoints/bpr_filtered-h-and-m_best.pt
[Epoch 30] Loss: 0.0071
num_hit:	@1	@3	@5	@10
		0.1063	0.2290	0.3068	0.4235	
MAP_score:	@1	@3	@5	@10
		0.1063	0.1593	0.1770	0.1925	
NDCG_score:	@1	@3	@5	@10
		0.1063	0.1772	0.2091	0.2468	
📄 Saved batch eval result to result/bpr_result_aug_short_54_bm25.csv
✅ [Epoch 30] New best HR@10: 0.4235, model saved to checkpoints/bpr_filtered-h-and-m_best.pt
[Epoch 31] Loss: 0.0065
num_hit:	@1	@3	@5	@10
		0.1076	0.2330	0.3103	0.4240	
MAP_score:	@1	@3	@5	@10
		0.1076	0.1613	0.1788	0.1938	
NDCG_score:	@1	@3	@5	@10
		0.1076	0.1796	0.2113	0.2480	
📄 Saved batch eval result to result/bpr_result_aug_short_54_bm25.csv
✅ [Epoch 31] New best HR@10: 0.4240, model saved to checkpoints/bpr_filtered-h-and-m_best.pt
[Epoch 32] Loss: 0.0061
num_hit:	@1	@3	@5	@10
		0.1119	0.2390	0.3133	0.4298	
MAP_score:	@1	@3	@5	@10
		0.1119	0.1667	0.1836	0.1990	
NDCG_score:	@1	@3	@5	@10
		0.1119	0.1852	0.2158	0.2533	
📄 Saved batch eval result to result/bpr_result_aug_short_54_bm25.csv
✅ [Epoch 32] New best HR@10: 0.4298, model saved to checkpoints/bpr_filtered-h-and-m_best.pt
[Epoch 33] Loss: 0.0056
num_hit:	@1	@3	@5	@10
		0.1127	0.2401	0.3160	0.4282	
MAP_score:	@1	@3	@5	@10
		0.1127	0.1678	0.1851	0.1999	
NDCG_score:	@1	@3	@5	@10
		0.1127	0.1863	0.2175	0.2537	
[Epoch 33] HR@10 = 0.4282, best = 0.4298 (epoch 32)
[Epoch 34] Loss: 0.0053
num_hit:	@1	@3	@5	@10
		0.1181	0.2429	0.3172	0.4286	
MAP_score:	@1	@3	@5	@10
		0.1181	0.1721	0.1890	0.2038	
NDCG_score:	@1	@3	@5	@10
		0.1181	0.1903	0.2208	0.2567	
[Epoch 34] HR@10 = 0.4286, best = 0.4298 (epoch 32)
[Epoch 35] Loss: 0.0050
num_hit:	@1	@3	@5	@10
		0.1207	0.2468	0.3159	0.4288	
MAP_score:	@1	@3	@5	@10
		0.1207	0.1751	0.1909	0.2060	
NDCG_score:	@1	@3	@5	@10
		0.1207	0.1935	0.2219	0.2584	
[Epoch 35] HR@10 = 0.4288, best = 0.4298 (epoch 32)
[Epoch 36] Loss: 0.0046
num_hit:	@1	@3	@5	@10
		0.1217	0.2472	0.3175	0.4298	
MAP_score:	@1	@3	@5	@10
		0.1217	0.1763	0.1923	0.2073	
NDCG_score:	@1	@3	@5	@10
		0.1217	0.1945	0.2234	0.2597	
[Epoch 36] HR@10 = 0.4298, best = 0.4298 (epoch 32)
[Epoch 37] Loss: 0.0043
num_hit:	@1	@3	@5	@10
		0.1265	0.2495	0.3205	0.4264	
MAP_score:	@1	@3	@5	@10
		0.1265	0.1794	0.1956	0.2099	
NDCG_score:	@1	@3	@5	@10
		0.1265	0.1974	0.2266	0.2609	
[Epoch 37] HR@10 = 0.4264, best = 0.4298 (epoch 32)
[Epoch 38] Loss: 0.0041
num_hit:	@1	@3	@5	@10
		0.1285	0.2504	0.3219	0.4298	
MAP_score:	@1	@3	@5	@10
		0.1285	0.1813	0.1977	0.2120	
NDCG_score:	@1	@3	@5	@10
		0.1285	0.1990	0.2285	0.2633	
[Epoch 38] HR@10 = 0.4298, best = 0.4298 (epoch 32)
[Epoch 39] Loss: 0.0038
num_hit:	@1	@3	@5	@10
		0.1317	0.2525	0.3200	0.4298	
MAP_score:	@1	@3	@5	@10
		0.1317	0.1838	0.1990	0.2137	
NDCG_score:	@1	@3	@5	@10
		0.1317	0.2014	0.2290	0.2646	
[Epoch 39] HR@10 = 0.4298, best = 0.4298 (epoch 32)
[Epoch 40] Loss: 0.0036
num_hit:	@1	@3	@5	@10
		0.1341	0.2564	0.3222	0.4307	
MAP_score:	@1	@3	@5	@10
		0.1341	0.1872	0.2021	0.2166	
NDCG_score:	@1	@3	@5	@10
		0.1341	0.2050	0.2319	0.2670	
📄 Saved batch eval result to result/bpr_result_aug_short_54_bm25.csv
✅ [Epoch 40] New best HR@10: 0.4307, model saved to checkpoints/bpr_filtered-h-and-m_best.pt
[Epoch 41] Loss: 0.0034
num_hit:	@1	@3	@5	@10
		0.1344	0.2562	0.3215	0.4299	
MAP_score:	@1	@3	@5	@10
		0.1344	0.1876	0.2024	0.2169	
NDCG_score:	@1	@3	@5	@10
		0.1344	0.2052	0.2320	0.2671	
[Epoch 41] HR@10 = 0.4299, best = 0.4307 (epoch 40)
[Epoch 42] Loss: 0.0031
num_hit:	@1	@3	@5	@10
		0.1371	0.2603	0.3266	0.4300	
MAP_score:	@1	@3	@5	@10
		0.1371	0.1907	0.2058	0.2196	
NDCG_score:	@1	@3	@5	@10
		0.1371	0.2086	0.2358	0.2692	
[Epoch 42] HR@10 = 0.4300, best = 0.4307 (epoch 40)
[Epoch 43] Loss: 0.0029
num_hit:	@1	@3	@5	@10
		0.1389	0.2634	0.3264	0.4332	
MAP_score:	@1	@3	@5	@10
		0.1389	0.1931	0.2074	0.2215	
NDCG_score:	@1	@3	@5	@10
		0.1389	0.2111	0.2370	0.2714	
📄 Saved batch eval result to result/bpr_result_aug_short_54_bm25.csv
✅ [Epoch 43] New best HR@10: 0.4332, model saved to checkpoints/bpr_filtered-h-and-m_best.pt
[Epoch 44] Loss: 0.0029
num_hit:	@1	@3	@5	@10
		0.1399	0.2634	0.3280	0.4329	
MAP_score:	@1	@3	@5	@10
		0.1399	0.1935	0.2081	0.2221	
NDCG_score:	@1	@3	@5	@10
		0.1399	0.2114	0.2379	0.2718	
[Epoch 44] HR@10 = 0.4329, best = 0.4332 (epoch 43)
[Epoch 45] Loss: 0.0027
num_hit:	@1	@3	@5	@10
		0.1451	0.2643	0.3306	0.4319	
MAP_score:	@1	@3	@5	@10
		0.1451	0.1970	0.2120	0.2254	
NDCG_score:	@1	@3	@5	@10
		0.1451	0.2143	0.2414	0.2740	
[Epoch 45] HR@10 = 0.4319, best = 0.4332 (epoch 43)
[Epoch 46] Loss: 0.0025
num_hit:	@1	@3	@5	@10
		0.1434	0.2633	0.3274	0.4314	
MAP_score:	@1	@3	@5	@10
		0.1434	0.1957	0.2101	0.2239	
NDCG_score:	@1	@3	@5	@10
		0.1434	0.2130	0.2392	0.2728	
[Epoch 46] HR@10 = 0.4314, best = 0.4332 (epoch 43)
[Epoch 47] Loss: 0.0025
num_hit:	@1	@3	@5	@10
		0.1465	0.2630	0.3275	0.4317	
MAP_score:	@1	@3	@5	@10
		0.1465	0.1972	0.2118	0.2256	
NDCG_score:	@1	@3	@5	@10
		0.1465	0.2141	0.2405	0.2741	
[Epoch 47] HR@10 = 0.4317, best = 0.4332 (epoch 43)
[Epoch 48] Loss: 0.0023
num_hit:	@1	@3	@5	@10
		0.1486	0.2651	0.3276	0.4305	
MAP_score:	@1	@3	@5	@10
		0.1486	0.1992	0.2135	0.2271	
NDCG_score:	@1	@3	@5	@10
		0.1486	0.2161	0.2418	0.2750	
[Epoch 48] HR@10 = 0.4305, best = 0.4332 (epoch 43)
[Epoch 49] Loss: 0.0022
num_hit:	@1	@3	@5	@10
		0.1513	0.2669	0.3292	0.4319	
MAP_score:	@1	@3	@5	@10
		0.1513	0.2017	0.2158	0.2294	
NDCG_score:	@1	@3	@5	@10
		0.1513	0.2184	0.2440	0.2770	
[Epoch 49] HR@10 = 0.4319, best = 0.4332 (epoch 43)
[Epoch 50] Loss: 0.0021
num_hit:	@1	@3	@5	@10
		0.1517	0.2661	0.3288	0.4320	
MAP_score:	@1	@3	@5	@10
		0.1517	0.2016	0.2158	0.2295	
NDCG_score:	@1	@3	@5	@10
		0.1517	0.2181	0.2439	0.2771	
[Epoch 50] HR@10 = 0.4320, best = 0.4332 (epoch 43)
Model saved to checkpoints/bpr_last_filtered-h-and-m.pt
