Dataset: filtered-h-and-m, Users: 1371716, Items: 75981
Generating training data...
[Epoch 1] Train BCE loss: 0.517904
📄 Saved batch eval result to result/ncf_result_origin_56_mapping_ncf_eval_ep_1.csv
num_hit:	@1	@3	@5	@10
		0.0131	0.0371	0.0639	0.1192	
MAP_score:	@1	@3	@5	@10
		0.0131	0.0231	0.0291	0.0363	
NDCG_score:	@1	@3	@5	@10
		0.0131	0.0266	0.0376	0.0553	
✅ [Epoch 1] New best HR@10: 0.1192 – model saved to checkpoints/ncf_filtered-h-and-m_best.pt
[Epoch 2] Train BCE loss: 0.302900
📄 Saved batch eval result to result/ncf_result_origin_56_mapping_ncf_eval_ep_2.csv
num_hit:	@1	@3	@5	@10
		0.0160	0.0462	0.0713	0.1384	
MAP_score:	@1	@3	@5	@10
		0.0160	0.0287	0.0345	0.0433	
NDCG_score:	@1	@3	@5	@10
		0.0160	0.0332	0.0435	0.0651	
✅ [Epoch 2] New best HR@10: 0.1384 – model saved to checkpoints/ncf_filtered-h-and-m_best.pt
[Epoch 3] Train BCE loss: 0.295092
📄 Saved batch eval result to result/ncf_result_origin_56_mapping_ncf_eval_ep_3.csv
num_hit:	@1	@3	@5	@10
		0.0209	0.0565	0.0884	0.1595	
MAP_score:	@1	@3	@5	@10
		0.0209	0.0357	0.0430	0.0523	
NDCG_score:	@1	@3	@5	@10
		0.0209	0.0410	0.0541	0.0770	
✅ [Epoch 3] New best HR@10: 0.1595 – model saved to checkpoints/ncf_filtered-h-and-m_best.pt
[Epoch 4] Train BCE loss: 0.283932
📄 Saved batch eval result to result/ncf_result_origin_56_mapping_ncf_eval_ep_4.csv
num_hit:	@1	@3	@5	@10
		0.0276	0.0687	0.1012	0.1820	
MAP_score:	@1	@3	@5	@10
		0.0276	0.0450	0.0524	0.0631	
NDCG_score:	@1	@3	@5	@10
		0.0276	0.0511	0.0644	0.0905	
✅ [Epoch 4] New best HR@10: 0.1820 – model saved to checkpoints/ncf_filtered-h-and-m_best.pt
[Epoch 5] Train BCE loss: 0.267692
📄 Saved batch eval result to result/ncf_result_origin_56_mapping_ncf_eval_ep_5.csv
num_hit:	@1	@3	@5	@10
		0.0358	0.0825	0.1219	0.2038	
MAP_score:	@1	@3	@5	@10
		0.0358	0.0553	0.0642	0.0749	
NDCG_score:	@1	@3	@5	@10
		0.0358	0.0622	0.0783	0.1046	
✅ [Epoch 5] New best HR@10: 0.2038 – model saved to checkpoints/ncf_filtered-h-and-m_best.pt
[Epoch 6] Train BCE loss: 0.247418
📄 Saved batch eval result to result/ncf_result_origin_56_mapping_ncf_eval_ep_6.csv
num_hit:	@1	@3	@5	@10
		0.0374	0.0916	0.1375	0.2238	
MAP_score:	@1	@3	@5	@10
		0.0374	0.0606	0.0711	0.0824	
NDCG_score:	@1	@3	@5	@10
		0.0374	0.0685	0.0874	0.1152	
✅ [Epoch 6] New best HR@10: 0.2238 – model saved to checkpoints/ncf_filtered-h-and-m_best.pt
[Epoch 7] Train BCE loss: 0.223342
📄 Saved batch eval result to result/ncf_result_origin_56_mapping_ncf_eval_ep_7.csv
num_hit:	@1	@3	@5	@10
		0.0388	0.1001	0.1562	0.2533	
MAP_score:	@1	@3	@5	@10
		0.0388	0.0646	0.0773	0.0900	
NDCG_score:	@1	@3	@5	@10
		0.0388	0.0737	0.0966	0.1278	
✅ [Epoch 7] New best HR@10: 0.2533 – model saved to checkpoints/ncf_filtered-h-and-m_best.pt
[Epoch 8] Train BCE loss: 0.202731
📄 Saved batch eval result to result/ncf_result_origin_56_mapping_ncf_eval_ep_8.csv
num_hit:	@1	@3	@5	@10
		0.0451	0.1179	0.1795	0.2718	
MAP_score:	@1	@3	@5	@10
		0.0451	0.0755	0.0894	0.1015	
NDCG_score:	@1	@3	@5	@10
		0.0451	0.0863	0.1115	0.1412	
✅ [Epoch 8] New best HR@10: 0.2718 – model saved to checkpoints/ncf_filtered-h-and-m_best.pt
[Epoch 9] Train BCE loss: 0.188326
📄 Saved batch eval result to result/ncf_result_origin_56_mapping_ncf_eval_ep_9.csv
num_hit:	@1	@3	@5	@10
		0.0493	0.1239	0.1809	0.2836	
MAP_score:	@1	@3	@5	@10
		0.0493	0.0811	0.0939	0.1074	
NDCG_score:	@1	@3	@5	@10
		0.0493	0.0920	0.1153	0.1484	
✅ [Epoch 9] New best HR@10: 0.2836 – model saved to checkpoints/ncf_filtered-h-and-m_best.pt
[Epoch 10] Train BCE loss: 0.177225
📄 Saved batch eval result to result/ncf_result_origin_56_mapping_ncf_eval_ep_10.csv
num_hit:	@1	@3	@5	@10
		0.0534	0.1280	0.1839	0.2887	
MAP_score:	@1	@3	@5	@10
		0.0534	0.0849	0.0975	0.1114	
NDCG_score:	@1	@3	@5	@10
		0.0534	0.0959	0.1188	0.1526	
✅ [Epoch 10] New best HR@10: 0.2887 – model saved to checkpoints/ncf_filtered-h-and-m_best.pt
[Epoch 11] Train BCE loss: 0.168095
📄 Saved batch eval result to result/ncf_result_origin_56_mapping_ncf_eval_ep_11.csv
num_hit:	@1	@3	@5	@10
		0.0534	0.1284	0.1818	0.2912	
MAP_score:	@1	@3	@5	@10
		0.0534	0.0850	0.0971	0.1115	
NDCG_score:	@1	@3	@5	@10
		0.0534	0.0961	0.1180	0.1532	
✅ [Epoch 11] New best HR@10: 0.2912 – model saved to checkpoints/ncf_filtered-h-and-m_best.pt
[Epoch 12] Train BCE loss: 0.159144
📄 Saved batch eval result to result/ncf_result_origin_56_mapping_ncf_eval_ep_12.csv
num_hit:	@1	@3	@5	@10
		0.0520	0.1249	0.1781	0.2899	
MAP_score:	@1	@3	@5	@10
		0.0520	0.0831	0.0951	0.1099	
NDCG_score:	@1	@3	@5	@10
		0.0520	0.0938	0.1156	0.1516	
[Epoch 12] HR@10 = 0.2899, best = 0.2912 (epoch 11)
[Epoch 13] Train BCE loss: 0.150873
📄 Saved batch eval result to result/ncf_result_origin_56_mapping_ncf_eval_ep_13.csv
num_hit:	@1	@3	@5	@10
		0.0531	0.1220	0.1788	0.2879	
MAP_score:	@1	@3	@5	@10
		0.0531	0.0822	0.0952	0.1095	
NDCG_score:	@1	@3	@5	@10
		0.0531	0.0924	0.1158	0.1508	
[Epoch 13] HR@10 = 0.2879, best = 0.2912 (epoch 11)
[Epoch 14] Train BCE loss: 0.142835
📄 Saved batch eval result to result/ncf_result_origin_56_mapping_ncf_eval_ep_14.csv
num_hit:	@1	@3	@5	@10
		0.0515	0.1180	0.1758	0.2822	
MAP_score:	@1	@3	@5	@10
		0.0515	0.0797	0.0928	0.1068	
NDCG_score:	@1	@3	@5	@10
		0.0515	0.0895	0.1132	0.1474	
[Epoch 14] HR@10 = 0.2822, best = 0.2912 (epoch 11)
[Epoch 15] Train BCE loss: 0.134574
📄 Saved batch eval result to result/ncf_result_origin_56_mapping_ncf_eval_ep_15.csv
num_hit:	@1	@3	@5	@10
		0.0505	0.1156	0.1726	0.2785	
MAP_score:	@1	@3	@5	@10
		0.0505	0.0780	0.0910	0.1049	
NDCG_score:	@1	@3	@5	@10
		0.0505	0.0876	0.1111	0.1451	
[Epoch 15] HR@10 = 0.2785, best = 0.2912 (epoch 11)
[Epoch 16] Train BCE loss: 0.126032
📄 Saved batch eval result to result/ncf_result_origin_56_mapping_ncf_eval_ep_16.csv
num_hit:	@1	@3	@5	@10
		0.0496	0.1160	0.1704	0.2779	
MAP_score:	@1	@3	@5	@10
		0.0496	0.0776	0.0900	0.1042	
NDCG_score:	@1	@3	@5	@10
		0.0496	0.0874	0.1098	0.1444	
[Epoch 16] HR@10 = 0.2779, best = 0.2912 (epoch 11)
[Epoch 17] Train BCE loss: 0.117305
📄 Saved batch eval result to result/ncf_result_origin_56_mapping_ncf_eval_ep_17.csv
num_hit:	@1	@3	@5	@10
		0.0480	0.1118	0.1669	0.2736	
MAP_score:	@1	@3	@5	@10
		0.0480	0.0750	0.0875	0.1015	
NDCG_score:	@1	@3	@5	@10
		0.0480	0.0844	0.1071	0.1413	
[Epoch 17] HR@10 = 0.2736, best = 0.2912 (epoch 11)
[Epoch 18] Train BCE loss: 0.108295
📄 Saved batch eval result to result/ncf_result_origin_56_mapping_ncf_eval_ep_18.csv
num_hit:	@1	@3	@5	@10
		0.0469	0.1109	0.1631	0.2702	
MAP_score:	@1	@3	@5	@10
		0.0469	0.0737	0.0854	0.0996	
NDCG_score:	@1	@3	@5	@10
		0.0469	0.0832	0.1045	0.1390	
[Epoch 18] HR@10 = 0.2702, best = 0.2912 (epoch 11)
[Epoch 19] Train BCE loss: 0.099214
📄 Saved batch eval result to result/ncf_result_origin_56_mapping_ncf_eval_ep_19.csv
num_hit:	@1	@3	@5	@10
		0.0478	0.1102	0.1660	0.2749	
MAP_score:	@1	@3	@5	@10
		0.0478	0.0737	0.0863	0.1006	
NDCG_score:	@1	@3	@5	@10
		0.0478	0.0830	0.1059	0.1408	
[Epoch 19] HR@10 = 0.2749, best = 0.2912 (epoch 11)
[Epoch 20] Train BCE loss: 0.090138
📄 Saved batch eval result to result/ncf_result_origin_56_mapping_ncf_eval_ep_20.csv
num_hit:	@1	@3	@5	@10
		0.0445	0.1071	0.1614	0.2692	
MAP_score:	@1	@3	@5	@10
		0.0445	0.0706	0.0829	0.0971	
NDCG_score:	@1	@3	@5	@10
		0.0445	0.0799	0.1022	0.1368	
[Epoch 20] HR@10 = 0.2692, best = 0.2912 (epoch 11)
[Epoch 21] Train BCE loss: 0.081000
📄 Saved batch eval result to result/ncf_result_origin_56_mapping_ncf_eval_ep_21.csv
num_hit:	@1	@3	@5	@10
		0.0452	0.1061	0.1616	0.2702	
MAP_score:	@1	@3	@5	@10
		0.0452	0.0704	0.0830	0.0973	
NDCG_score:	@1	@3	@5	@10
		0.0452	0.0795	0.1023	0.1372	
[Epoch 21] HR@10 = 0.2702, best = 0.2912 (epoch 11)
[Epoch 22] Train BCE loss: 0.071891
📄 Saved batch eval result to result/ncf_result_origin_56_mapping_ncf_eval_ep_22.csv
num_hit:	@1	@3	@5	@10
		0.0438	0.1059	0.1619	0.2704	
MAP_score:	@1	@3	@5	@10
		0.0438	0.0697	0.0824	0.0967	
NDCG_score:	@1	@3	@5	@10
		0.0438	0.0789	0.1019	0.1368	
[Epoch 22] HR@10 = 0.2704, best = 0.2912 (epoch 11)
[Epoch 23] Train BCE loss: 0.063198
📄 Saved batch eval result to result/ncf_result_origin_56_mapping_ncf_eval_ep_23.csv
num_hit:	@1	@3	@5	@10
		0.0420	0.1047	0.1593	0.2694	
MAP_score:	@1	@3	@5	@10
		0.0420	0.0678	0.0802	0.0948	
NDCG_score:	@1	@3	@5	@10
		0.0420	0.0772	0.0996	0.1351	
[Epoch 23] HR@10 = 0.2694, best = 0.2912 (epoch 11)
[Epoch 24] Train BCE loss: 0.054805
📄 Saved batch eval result to result/ncf_result_origin_56_mapping_ncf_eval_ep_24.csv
num_hit:	@1	@3	@5	@10
		0.0409	0.1051	0.1592	0.2728	
MAP_score:	@1	@3	@5	@10
		0.0409	0.0677	0.0800	0.0949	
NDCG_score:	@1	@3	@5	@10
		0.0409	0.0772	0.0995	0.1360	
[Epoch 24] HR@10 = 0.2728, best = 0.2912 (epoch 11)
[Epoch 25] Train BCE loss: 0.046907
📄 Saved batch eval result to result/ncf_result_origin_56_mapping_ncf_eval_ep_25.csv
num_hit:	@1	@3	@5	@10
		0.0393	0.1035	0.1587	0.2738	
MAP_score:	@1	@3	@5	@10
		0.0393	0.0659	0.0784	0.0935	
NDCG_score:	@1	@3	@5	@10
		0.0393	0.0755	0.0982	0.1351	
[Epoch 25] HR@10 = 0.2738, best = 0.2912 (epoch 11)
[Epoch 26] Train BCE loss: 0.039550
📄 Saved batch eval result to result/ncf_result_origin_56_mapping_ncf_eval_ep_26.csv
num_hit:	@1	@3	@5	@10
		0.0386	0.1018	0.1602	0.2728	
MAP_score:	@1	@3	@5	@10
		0.0386	0.0648	0.0781	0.0930	
NDCG_score:	@1	@3	@5	@10
		0.0386	0.0743	0.0982	0.1346	
[Epoch 26] HR@10 = 0.2728, best = 0.2912 (epoch 11)
[Epoch 27] Train BCE loss: 0.033218
📄 Saved batch eval result to result/ncf_result_origin_56_mapping_ncf_eval_ep_27.csv
num_hit:	@1	@3	@5	@10
		0.0369	0.1015	0.1604	0.2765	
MAP_score:	@1	@3	@5	@10
		0.0369	0.0642	0.0776	0.0928	
NDCG_score:	@1	@3	@5	@10
		0.0369	0.0737	0.0979	0.1352	
[Epoch 27] HR@10 = 0.2765, best = 0.2912 (epoch 11)
[Epoch 28] Train BCE loss: 0.027377
📄 Saved batch eval result to result/ncf_result_origin_56_mapping_ncf_eval_ep_28.csv
num_hit:	@1	@3	@5	@10
		0.0388	0.1019	0.1582	0.2782	
MAP_score:	@1	@3	@5	@10
		0.0388	0.0650	0.0778	0.0936	
NDCG_score:	@1	@3	@5	@10
		0.0388	0.0744	0.0975	0.1361	
[Epoch 28] HR@10 = 0.2782, best = 0.2912 (epoch 11)
[Epoch 29] Train BCE loss: 0.022395
📄 Saved batch eval result to result/ncf_result_origin_56_mapping_ncf_eval_ep_29.csv
num_hit:	@1	@3	@5	@10
		0.0380	0.1007	0.1579	0.2784	
MAP_score:	@1	@3	@5	@10
		0.0380	0.0643	0.0773	0.0932	
NDCG_score:	@1	@3	@5	@10
		0.0380	0.0736	0.0971	0.1358	
[Epoch 29] HR@10 = 0.2784, best = 0.2912 (epoch 11)
[Epoch 30] Train BCE loss: 0.018177
📄 Saved batch eval result to result/ncf_result_origin_56_mapping_ncf_eval_ep_30.csv
num_hit:	@1	@3	@5	@10
		0.0369	0.1009	0.1574	0.2784	
MAP_score:	@1	@3	@5	@10
		0.0369	0.0632	0.0759	0.0918	
NDCG_score:	@1	@3	@5	@10
		0.0369	0.0728	0.0959	0.1348	
[Epoch 30] HR@10 = 0.2784, best = 0.2912 (epoch 11)
[Epoch 31] Train BCE loss: 0.014705
📄 Saved batch eval result to result/ncf_result_origin_56_mapping_ncf_eval_ep_31.csv
num_hit:	@1	@3	@5	@10
		0.0384	0.0998	0.1586	0.2807	
MAP_score:	@1	@3	@5	@10
		0.0384	0.0639	0.0772	0.0932	
NDCG_score:	@1	@3	@5	@10
		0.0384	0.0730	0.0971	0.1363	
[Epoch 31] HR@10 = 0.2807, best = 0.2912 (epoch 11)
[Epoch 32] Train BCE loss: 0.011828
📄 Saved batch eval result to result/ncf_result_origin_56_mapping_ncf_eval_ep_32.csv
num_hit:	@1	@3	@5	@10
		0.0367	0.0986	0.1596	0.2824	
MAP_score:	@1	@3	@5	@10
		0.0367	0.0626	0.0764	0.0924	
NDCG_score:	@1	@3	@5	@10
		0.0367	0.0718	0.0968	0.1361	
[Epoch 32] HR@10 = 0.2824, best = 0.2912 (epoch 11)
[Epoch 33] Train BCE loss: 0.009569
📄 Saved batch eval result to result/ncf_result_origin_56_mapping_ncf_eval_ep_33.csv
num_hit:	@1	@3	@5	@10
		0.0366	0.1002	0.1581	0.2815	
MAP_score:	@1	@3	@5	@10
		0.0366	0.0636	0.0768	0.0930	
NDCG_score:	@1	@3	@5	@10
		0.0366	0.0730	0.0967	0.1364	
[Epoch 33] HR@10 = 0.2815, best = 0.2912 (epoch 11)
[Epoch 34] Train BCE loss: 0.007692
📄 Saved batch eval result to result/ncf_result_origin_56_mapping_ncf_eval_ep_34.csv
num_hit:	@1	@3	@5	@10
		0.0364	0.0989	0.1599	0.2815	
MAP_score:	@1	@3	@5	@10
		0.0364	0.0626	0.0764	0.0924	
NDCG_score:	@1	@3	@5	@10
		0.0364	0.0719	0.0968	0.1359	
[Epoch 34] HR@10 = 0.2815, best = 0.2912 (epoch 11)
[Epoch 35] Train BCE loss: 0.006176
📄 Saved batch eval result to result/ncf_result_origin_56_mapping_ncf_eval_ep_35.csv
num_hit:	@1	@3	@5	@10
		0.0351	0.0981	0.1572	0.2828	
MAP_score:	@1	@3	@5	@10
		0.0351	0.0614	0.0747	0.0911	
NDCG_score:	@1	@3	@5	@10
		0.0351	0.0707	0.0949	0.1352	
[Epoch 35] HR@10 = 0.2828, best = 0.2912 (epoch 11)
[Epoch 36] Train BCE loss: 0.004997
📄 Saved batch eval result to result/ncf_result_origin_56_mapping_ncf_eval_ep_36.csv
num_hit:	@1	@3	@5	@10
		0.0353	0.0989	0.1619	0.2844	
MAP_score:	@1	@3	@5	@10
		0.0353	0.0620	0.0762	0.0923	
NDCG_score:	@1	@3	@5	@10
		0.0353	0.0714	0.0972	0.1365	
[Epoch 36] HR@10 = 0.2844, best = 0.2912 (epoch 11)
[Epoch 37] Train BCE loss: 0.004093
📄 Saved batch eval result to result/ncf_result_origin_56_mapping_ncf_eval_ep_37.csv
num_hit:	@1	@3	@5	@10
		0.0355	0.0986	0.1619	0.2849	
MAP_score:	@1	@3	@5	@10
		0.0355	0.0616	0.0758	0.0919	
NDCG_score:	@1	@3	@5	@10
		0.0355	0.0710	0.0968	0.1363	
[Epoch 37] HR@10 = 0.2849, best = 0.2912 (epoch 11)
[Epoch 38] Train BCE loss: 0.003376
📄 Saved batch eval result to result/ncf_result_origin_56_mapping_ncf_eval_ep_38.csv
num_hit:	@1	@3	@5	@10
		0.0367	0.0996	0.1614	0.2878	
MAP_score:	@1	@3	@5	@10
		0.0367	0.0629	0.0769	0.0935	
NDCG_score:	@1	@3	@5	@10
		0.0367	0.0723	0.0976	0.1382	
[Epoch 38] HR@10 = 0.2878, best = 0.2912 (epoch 11)
[Epoch 39] Train BCE loss: 0.002800
📄 Saved batch eval result to result/ncf_result_origin_56_mapping_ncf_eval_ep_39.csv
num_hit:	@1	@3	@5	@10
		0.0356	0.0996	0.1619	0.2871	
MAP_score:	@1	@3	@5	@10
		0.0356	0.0622	0.0763	0.0927	
NDCG_score:	@1	@3	@5	@10
		0.0356	0.0718	0.0973	0.1375	
[Epoch 39] HR@10 = 0.2871, best = 0.2912 (epoch 11)
[Epoch 40] Train BCE loss: 0.002342
📄 Saved batch eval result to result/ncf_result_origin_56_mapping_ncf_eval_ep_40.csv
num_hit:	@1	@3	@5	@10
		0.0361	0.0992	0.1639	0.2872	
MAP_score:	@1	@3	@5	@10
		0.0361	0.0624	0.0769	0.0932	
NDCG_score:	@1	@3	@5	@10
		0.0361	0.0718	0.0982	0.1379	
[Epoch 40] HR@10 = 0.2872, best = 0.2912 (epoch 11)
[Epoch 41] Train BCE loss: 0.001978
📄 Saved batch eval result to result/ncf_result_origin_56_mapping_ncf_eval_ep_41.csv
num_hit:	@1	@3	@5	@10
		0.0358	0.0981	0.1616	0.2869	
MAP_score:	@1	@3	@5	@10
		0.0358	0.0618	0.0762	0.0927	
NDCG_score:	@1	@3	@5	@10
		0.0358	0.0711	0.0971	0.1375	
[Epoch 41] HR@10 = 0.2869, best = 0.2912 (epoch 11)
[Epoch 42] Train BCE loss: 0.001681
📄 Saved batch eval result to result/ncf_result_origin_56_mapping_ncf_eval_ep_42.csv
num_hit:	@1	@3	@5	@10
		0.0356	0.0995	0.1632	0.2891	
MAP_score:	@1	@3	@5	@10
		0.0356	0.0624	0.0768	0.0934	
NDCG_score:	@1	@3	@5	@10
		0.0356	0.0719	0.0980	0.1385	
[Epoch 42] HR@10 = 0.2891, best = 0.2912 (epoch 11)
[Epoch 43] Train BCE loss: 0.001436
📄 Saved batch eval result to result/ncf_result_origin_56_mapping_ncf_eval_ep_43.csv
num_hit:	@1	@3	@5	@10
		0.0346	0.0976	0.1631	0.2893	
MAP_score:	@1	@3	@5	@10
		0.0346	0.0611	0.0758	0.0925	
NDCG_score:	@1	@3	@5	@10
		0.0346	0.0704	0.0972	0.1378	
[Epoch 43] HR@10 = 0.2893, best = 0.2912 (epoch 11)
[Epoch 44] Train BCE loss: 0.001242
📄 Saved batch eval result to result/ncf_result_origin_56_mapping_ncf_eval_ep_44.csv
num_hit:	@1	@3	@5	@10
		0.0344	0.0986	0.1631	0.2896	
MAP_score:	@1	@3	@5	@10
		0.0344	0.0612	0.0758	0.0924	
NDCG_score:	@1	@3	@5	@10
		0.0344	0.0707	0.0971	0.1379	
[Epoch 44] HR@10 = 0.2896, best = 0.2912 (epoch 11)
[Epoch 45] Train BCE loss: 0.001081
📄 Saved batch eval result to result/ncf_result_origin_56_mapping_ncf_eval_ep_45.csv
num_hit:	@1	@3	@5	@10
		0.0338	0.0985	0.1631	0.2873	
MAP_score:	@1	@3	@5	@10
		0.0338	0.0610	0.0756	0.0921	
NDCG_score:	@1	@3	@5	@10
		0.0338	0.0706	0.0971	0.1371	
[Epoch 45] HR@10 = 0.2873, best = 0.2912 (epoch 11)
[Epoch 46] Train BCE loss: 0.000947
📄 Saved batch eval result to result/ncf_result_origin_56_mapping_ncf_eval_ep_46.csv
num_hit:	@1	@3	@5	@10
		0.0329	0.0973	0.1634	0.2889	
MAP_score:	@1	@3	@5	@10
		0.0329	0.0600	0.0749	0.0915	
NDCG_score:	@1	@3	@5	@10
		0.0329	0.0695	0.0966	0.1370	
[Epoch 46] HR@10 = 0.2889, best = 0.2912 (epoch 11)
[Epoch 47] Train BCE loss: 0.000833
📄 Saved batch eval result to result/ncf_result_origin_56_mapping_ncf_eval_ep_47.csv
num_hit:	@1	@3	@5	@10
		0.0327	0.0978	0.1631	0.2885	
MAP_score:	@1	@3	@5	@10
		0.0327	0.0602	0.0750	0.0917	
NDCG_score:	@1	@3	@5	@10
		0.0327	0.0698	0.0966	0.1371	
[Epoch 47] HR@10 = 0.2885, best = 0.2912 (epoch 11)
[Epoch 48] Train BCE loss: 0.000733
📄 Saved batch eval result to result/ncf_result_origin_56_mapping_ncf_eval_ep_48.csv
num_hit:	@1	@3	@5	@10
		0.0321	0.0992	0.1654	0.2889	
MAP_score:	@1	@3	@5	@10
		0.0321	0.0604	0.0754	0.0917	
NDCG_score:	@1	@3	@5	@10
		0.0321	0.0703	0.0974	0.1372	
[Epoch 48] HR@10 = 0.2889, best = 0.2912 (epoch 11)
[Epoch 49] Train BCE loss: 0.000654
📄 Saved batch eval result to result/ncf_result_origin_56_mapping_ncf_eval_ep_49.csv
num_hit:	@1	@3	@5	@10
		0.0318	0.0993	0.1641	0.2887	
MAP_score:	@1	@3	@5	@10
		0.0318	0.0603	0.0749	0.0915	
NDCG_score:	@1	@3	@5	@10
		0.0318	0.0702	0.0968	0.1370	
[Epoch 49] HR@10 = 0.2887, best = 0.2912 (epoch 11)
[Epoch 50] Train BCE loss: 0.000582
📄 Saved batch eval result to result/ncf_result_origin_56_mapping_ncf_eval_ep_50.csv
num_hit:	@1	@3	@5	@10
		0.0313	0.0991	0.1644	0.2900	
MAP_score:	@1	@3	@5	@10
		0.0313	0.0599	0.0746	0.0913	
NDCG_score:	@1	@3	@5	@10
		0.0313	0.0699	0.0966	0.1371	
[Epoch 50] HR@10 = 0.2900, best = 0.2912 (epoch 11)
Training completed. Last model saved to checkpoints/ncf_last_filtered-h-and-m.pt
