Dataset: filtered-h-and-m, Users: 1371716, Items: 75981
Generating training data...
[Epoch 1] Train BCE loss: 0.510824
num_hit:	@1	@3	@5	@10
		0.0107	0.0323	0.0537	0.1075	
MAP_score:	@1	@3	@5	@10
		0.0107	0.0196	0.0244	0.0314	
NDCG_score:	@1	@3	@5	@10
		0.0107	0.0228	0.0315	0.0488	
📄 Saved batch eval result to result/ncf_result_origin_54.csv
✅ [Epoch 1] New best HR@10: 0.1075 – model saved to checkpoints/ncf_filtered-h-and-m_best.pt
[Epoch 2] Train BCE loss: 0.307005
num_hit:	@1	@3	@5	@10
		0.0126	0.0390	0.0643	0.1256	
MAP_score:	@1	@3	@5	@10
		0.0126	0.0237	0.0294	0.0374	
NDCG_score:	@1	@3	@5	@10
		0.0126	0.0276	0.0380	0.0576	
📄 Saved batch eval result to result/ncf_result_origin_54.csv
✅ [Epoch 2] New best HR@10: 0.1256 – model saved to checkpoints/ncf_filtered-h-and-m_best.pt
[Epoch 3] Train BCE loss: 0.295797
num_hit:	@1	@3	@5	@10
		0.0165	0.0462	0.0771	0.1437	
MAP_score:	@1	@3	@5	@10
		0.0165	0.0290	0.0359	0.0445	
NDCG_score:	@1	@3	@5	@10
		0.0165	0.0334	0.0460	0.0673	
📄 Saved batch eval result to result/ncf_result_origin_54.csv
✅ [Epoch 3] New best HR@10: 0.1437 – model saved to checkpoints/ncf_filtered-h-and-m_best.pt
[Epoch 4] Train BCE loss: 0.289814
num_hit:	@1	@3	@5	@10
		0.0221	0.0564	0.0886	0.1622	
MAP_score:	@1	@3	@5	@10
		0.0221	0.0364	0.0437	0.0532	
NDCG_score:	@1	@3	@5	@10
		0.0221	0.0415	0.0547	0.0782	
📄 Saved batch eval result to result/ncf_result_origin_54.csv
✅ [Epoch 4] New best HR@10: 0.1622 – model saved to checkpoints/ncf_filtered-h-and-m_best.pt
[Epoch 5] Train BCE loss: 0.280275
num_hit:	@1	@3	@5	@10
		0.0263	0.0698	0.1045	0.1826	
MAP_score:	@1	@3	@5	@10
		0.0263	0.0449	0.0527	0.0629	
NDCG_score:	@1	@3	@5	@10
		0.0263	0.0512	0.0654	0.0905	
📄 Saved batch eval result to result/ncf_result_origin_54.csv
✅ [Epoch 5] New best HR@10: 0.1826 – model saved to checkpoints/ncf_filtered-h-and-m_best.pt
[Epoch 6] Train BCE loss: 0.263126
num_hit:	@1	@3	@5	@10
		0.0315	0.0820	0.1242	0.2056	
MAP_score:	@1	@3	@5	@10
		0.0315	0.0530	0.0625	0.0732	
NDCG_score:	@1	@3	@5	@10
		0.0315	0.0604	0.0777	0.1038	
📄 Saved batch eval result to result/ncf_result_origin_54.csv
✅ [Epoch 6] New best HR@10: 0.2056 – model saved to checkpoints/ncf_filtered-h-and-m_best.pt
[Epoch 7] Train BCE loss: 0.248496
num_hit:	@1	@3	@5	@10
		0.0384	0.0940	0.1388	0.2259	
MAP_score:	@1	@3	@5	@10
		0.0384	0.0618	0.0719	0.0833	
NDCG_score:	@1	@3	@5	@10
		0.0384	0.0700	0.0884	0.1163	
📄 Saved batch eval result to result/ncf_result_origin_54.csv
✅ [Epoch 7] New best HR@10: 0.2259 – model saved to checkpoints/ncf_filtered-h-and-m_best.pt
[Epoch 8] Train BCE loss: 0.225886
num_hit:	@1	@3	@5	@10
		0.0389	0.1027	0.1494	0.2456	
MAP_score:	@1	@3	@5	@10
		0.0389	0.0659	0.0764	0.0889	
NDCG_score:	@1	@3	@5	@10
		0.0389	0.0753	0.0944	0.1252	
📄 Saved batch eval result to result/ncf_result_origin_54.csv
✅ [Epoch 8] New best HR@10: 0.2456 – model saved to checkpoints/ncf_filtered-h-and-m_best.pt
[Epoch 9] Train BCE loss: 0.206627
num_hit:	@1	@3	@5	@10
		0.0469	0.1165	0.1701	0.2734	
MAP_score:	@1	@3	@5	@10
		0.0469	0.0765	0.0887	0.1022	
NDCG_score:	@1	@3	@5	@10
		0.0469	0.0867	0.1087	0.1419	
📄 Saved batch eval result to result/ncf_result_origin_54.csv
✅ [Epoch 9] New best HR@10: 0.2734 – model saved to checkpoints/ncf_filtered-h-and-m_best.pt
[Epoch 10] Train BCE loss: 0.190121
num_hit:	@1	@3	@5	@10
		0.0495	0.1246	0.1816	0.2867	
MAP_score:	@1	@3	@5	@10
		0.0495	0.0815	0.0944	0.1082	
NDCG_score:	@1	@3	@5	@10
		0.0495	0.0925	0.1159	0.1497	
📄 Saved batch eval result to result/ncf_result_origin_54.csv
✅ [Epoch 10] New best HR@10: 0.2867 – model saved to checkpoints/ncf_filtered-h-and-m_best.pt
[Epoch 11] Train BCE loss: 0.177036
num_hit:	@1	@3	@5	@10
		0.0519	0.1283	0.1852	0.2923	
MAP_score:	@1	@3	@5	@10
		0.0519	0.0844	0.0972	0.1113	
NDCG_score:	@1	@3	@5	@10
		0.0519	0.0957	0.1189	0.1533	
📄 Saved batch eval result to result/ncf_result_origin_54.csv
✅ [Epoch 11] New best HR@10: 0.2923 – model saved to checkpoints/ncf_filtered-h-and-m_best.pt
[Epoch 12] Train BCE loss: 0.167231
num_hit:	@1	@3	@5	@10
		0.0508	0.1298	0.1855	0.2909	
MAP_score:	@1	@3	@5	@10
		0.0508	0.0844	0.0970	0.1108	
NDCG_score:	@1	@3	@5	@10
		0.0508	0.0960	0.1188	0.1527	
[Epoch 12] HR@10 = 0.2909, best = 0.2923 (epoch 11)
[Epoch 13] Train BCE loss: 0.158134
num_hit:	@1	@3	@5	@10
		0.0537	0.1312	0.1887	0.2951	
MAP_score:	@1	@3	@5	@10
		0.0537	0.0865	0.0995	0.1135	
NDCG_score:	@1	@3	@5	@10
		0.0537	0.0979	0.1215	0.1557	
📄 Saved batch eval result to result/ncf_result_origin_54.csv
✅ [Epoch 13] New best HR@10: 0.2951 – model saved to checkpoints/ncf_filtered-h-and-m_best.pt
[Epoch 14] Train BCE loss: 0.149144
num_hit:	@1	@3	@5	@10
		0.0531	0.1315	0.1874	0.2931	
MAP_score:	@1	@3	@5	@10
		0.0531	0.0859	0.0986	0.1125	
NDCG_score:	@1	@3	@5	@10
		0.0531	0.0976	0.1205	0.1545	
[Epoch 14] HR@10 = 0.2931, best = 0.2951 (epoch 13)
[Epoch 15] Train BCE loss: 0.140358
num_hit:	@1	@3	@5	@10
		0.0520	0.1303	0.1864	0.2890	
MAP_score:	@1	@3	@5	@10
		0.0520	0.0846	0.0972	0.1108	
NDCG_score:	@1	@3	@5	@10
		0.0520	0.0962	0.1192	0.1523	
[Epoch 15] HR@10 = 0.2890, best = 0.2951 (epoch 13)
[Epoch 16] Train BCE loss: 0.132807
num_hit:	@1	@3	@5	@10
		0.0527	0.1292	0.1867	0.2916	
MAP_score:	@1	@3	@5	@10
		0.0527	0.0849	0.0979	0.1117	
NDCG_score:	@1	@3	@5	@10
		0.0527	0.0962	0.1198	0.1535	
[Epoch 16] HR@10 = 0.2916, best = 0.2951 (epoch 13)
[Epoch 17] Train BCE loss: 0.125044
num_hit:	@1	@3	@5	@10
		0.0519	0.1279	0.1859	0.2900	
MAP_score:	@1	@3	@5	@10
		0.0519	0.0836	0.0967	0.1104	
NDCG_score:	@1	@3	@5	@10
		0.0519	0.0949	0.1186	0.1521	
[Epoch 17] HR@10 = 0.2900, best = 0.2951 (epoch 13)
[Epoch 18] Train BCE loss: 0.115731
num_hit:	@1	@3	@5	@10
		0.0519	0.1265	0.1842	0.2906	
MAP_score:	@1	@3	@5	@10
		0.0519	0.0832	0.0962	0.1103	
NDCG_score:	@1	@3	@5	@10
		0.0519	0.0943	0.1179	0.1521	
[Epoch 18] HR@10 = 0.2906, best = 0.2951 (epoch 13)
[Epoch 19] Train BCE loss: 0.107060
num_hit:	@1	@3	@5	@10
		0.0497	0.1246	0.1847	0.2865	
MAP_score:	@1	@3	@5	@10
		0.0497	0.0810	0.0946	0.1080	
NDCG_score:	@1	@3	@5	@10
		0.0497	0.0922	0.1168	0.1495	
[Epoch 19] HR@10 = 0.2865, best = 0.2951 (epoch 13)
[Epoch 20] Train BCE loss: 0.098327
num_hit:	@1	@3	@5	@10
		0.0486	0.1245	0.1833	0.2855	
MAP_score:	@1	@3	@5	@10
		0.0486	0.0805	0.0938	0.1073	
NDCG_score:	@1	@3	@5	@10
		0.0486	0.0917	0.1159	0.1488	
[Epoch 20] HR@10 = 0.2855, best = 0.2951 (epoch 13)
[Epoch 21] Train BCE loss: 0.090713
num_hit:	@1	@3	@5	@10
		0.0481	0.1238	0.1825	0.2852	
MAP_score:	@1	@3	@5	@10
		0.0481	0.0797	0.0930	0.1066	
NDCG_score:	@1	@3	@5	@10
		0.0481	0.0910	0.1150	0.1481	
[Epoch 21] HR@10 = 0.2852, best = 0.2951 (epoch 13)
[Epoch 22] Train BCE loss: 0.082255
num_hit:	@1	@3	@5	@10
		0.0455	0.1185	0.1774	0.2812	
MAP_score:	@1	@3	@5	@10
		0.0455	0.0759	0.0893	0.1030	
NDCG_score:	@1	@3	@5	@10
		0.0455	0.0868	0.1109	0.1444	
[Epoch 22] HR@10 = 0.2812, best = 0.2951 (epoch 13)
[Epoch 23] Train BCE loss: 0.076003
num_hit:	@1	@3	@5	@10
		0.0468	0.1218	0.1814	0.2883	
MAP_score:	@1	@3	@5	@10
		0.0468	0.0782	0.0916	0.1056	
NDCG_score:	@1	@3	@5	@10
		0.0468	0.0893	0.1137	0.1480	
[Epoch 23] HR@10 = 0.2883, best = 0.2951 (epoch 13)
[Epoch 24] Train BCE loss: 0.065472
num_hit:	@1	@3	@5	@10
		0.0445	0.1179	0.1783	0.2852	
MAP_score:	@1	@3	@5	@10
		0.0445	0.0751	0.0889	0.1029	
NDCG_score:	@1	@3	@5	@10
		0.0445	0.0860	0.1108	0.1452	
[Epoch 24] HR@10 = 0.2852, best = 0.2951 (epoch 13)
[Epoch 25] Train BCE loss: 0.057943
num_hit:	@1	@3	@5	@10
		0.0429	0.1152	0.1776	0.2842	
MAP_score:	@1	@3	@5	@10
		0.0429	0.0734	0.0876	0.1016	
NDCG_score:	@1	@3	@5	@10
		0.0429	0.0841	0.1097	0.1440	
[Epoch 25] HR@10 = 0.2842, best = 0.2951 (epoch 13)
[Epoch 26] Train BCE loss: 0.050819
num_hit:	@1	@3	@5	@10
		0.0429	0.1171	0.1767	0.2857	
MAP_score:	@1	@3	@5	@10
		0.0429	0.0738	0.0872	0.1016	
NDCG_score:	@1	@3	@5	@10
		0.0429	0.0848	0.1092	0.1443	
[Epoch 26] HR@10 = 0.2857, best = 0.2951 (epoch 13)
[Epoch 27] Train BCE loss: 0.044847
num_hit:	@1	@3	@5	@10
		0.0418	0.1143	0.1756	0.2837	
MAP_score:	@1	@3	@5	@10
		0.0418	0.0723	0.0861	0.1003	
NDCG_score:	@1	@3	@5	@10
		0.0418	0.0830	0.1081	0.1428	
[Epoch 27] HR@10 = 0.2837, best = 0.2951 (epoch 13)
[Epoch 28] Train BCE loss: 0.039545
num_hit:	@1	@3	@5	@10
		0.0436	0.1150	0.1749	0.2868	
MAP_score:	@1	@3	@5	@10
		0.0436	0.0734	0.0870	0.1018	
NDCG_score:	@1	@3	@5	@10
		0.0436	0.0840	0.1086	0.1447	
[Epoch 28] HR@10 = 0.2868, best = 0.2951 (epoch 13)
[Epoch 29] Train BCE loss: 0.034114
num_hit:	@1	@3	@5	@10
		0.0421	0.1155	0.1744	0.2888	
MAP_score:	@1	@3	@5	@10
		0.0421	0.0728	0.0861	0.1011	
NDCG_score:	@1	@3	@5	@10
		0.0421	0.0837	0.1078	0.1446	
[Epoch 29] HR@10 = 0.2888, best = 0.2951 (epoch 13)
[Epoch 30] Train BCE loss: 0.030230
num_hit:	@1	@3	@5	@10
		0.0421	0.1125	0.1734	0.2853	
MAP_score:	@1	@3	@5	@10
		0.0421	0.0716	0.0853	0.1001	
NDCG_score:	@1	@3	@5	@10
		0.0421	0.0821	0.1070	0.1429	
[Epoch 30] HR@10 = 0.2853, best = 0.2951 (epoch 13)
[Epoch 31] Train BCE loss: 0.026182
num_hit:	@1	@3	@5	@10
		0.0414	0.1113	0.1715	0.2866	
MAP_score:	@1	@3	@5	@10
		0.0414	0.0708	0.0844	0.0997	
NDCG_score:	@1	@3	@5	@10
		0.0414	0.0811	0.1058	0.1429	
[Epoch 31] HR@10 = 0.2866, best = 0.2951 (epoch 13)
[Epoch 32] Train BCE loss: 0.020341
num_hit:	@1	@3	@5	@10
		0.0397	0.1102	0.1703	0.2855	
MAP_score:	@1	@3	@5	@10
		0.0397	0.0696	0.0832	0.0985	
NDCG_score:	@1	@3	@5	@10
		0.0397	0.0800	0.1046	0.1418	
[Epoch 32] HR@10 = 0.2855, best = 0.2951 (epoch 13)
[Epoch 33] Train BCE loss: 0.018026
num_hit:	@1	@3	@5	@10
		0.0399	0.1121	0.1733	0.2897	
MAP_score:	@1	@3	@5	@10
		0.0399	0.0704	0.0844	0.0998	
NDCG_score:	@1	@3	@5	@10
		0.0399	0.0811	0.1062	0.1438	
[Epoch 33] HR@10 = 0.2897, best = 0.2951 (epoch 13)
[Epoch 34] Train BCE loss: 0.017741
num_hit:	@1	@3	@5	@10
		0.0401	0.1099	0.1722	0.2886	
MAP_score:	@1	@3	@5	@10
		0.0401	0.0697	0.0836	0.0990	
NDCG_score:	@1	@3	@5	@10
		0.0401	0.0799	0.1054	0.1429	
[Epoch 34] HR@10 = 0.2886, best = 0.2951 (epoch 13)
[Epoch 35] Train BCE loss: 0.012406
num_hit:	@1	@3	@5	@10
		0.0390	0.1072	0.1709	0.2887	
MAP_score:	@1	@3	@5	@10
		0.0390	0.0680	0.0823	0.0978	
NDCG_score:	@1	@3	@5	@10
		0.0390	0.0780	0.1041	0.1419	
[Epoch 35] HR@10 = 0.2887, best = 0.2951 (epoch 13)
[Epoch 36] Train BCE loss: 0.010076
num_hit:	@1	@3	@5	@10
		0.0369	0.1055	0.1665	0.2850	
MAP_score:	@1	@3	@5	@10
		0.0369	0.0661	0.0798	0.0956	
NDCG_score:	@1	@3	@5	@10
		0.0369	0.0762	0.1011	0.1394	
[Epoch 36] HR@10 = 0.2850, best = 0.2951 (epoch 13)
[Epoch 37] Train BCE loss: 0.008480
num_hit:	@1	@3	@5	@10
		0.0382	0.1096	0.1699	0.2890	
MAP_score:	@1	@3	@5	@10
		0.0382	0.0684	0.0819	0.0977	
NDCG_score:	@1	@3	@5	@10
		0.0382	0.0789	0.1035	0.1420	
[Epoch 37] HR@10 = 0.2890, best = 0.2951 (epoch 13)
[Epoch 38] Train BCE loss: 0.007757
num_hit:	@1	@3	@5	@10
		0.0381	0.1050	0.1677	0.2877	
MAP_score:	@1	@3	@5	@10
		0.0381	0.0665	0.0806	0.0965	
NDCG_score:	@1	@3	@5	@10
		0.0381	0.0763	0.1020	0.1407	
[Epoch 38] HR@10 = 0.2877, best = 0.2951 (epoch 13)
[Epoch 39] Train BCE loss: 0.006028
num_hit:	@1	@3	@5	@10
		0.0372	0.1054	0.1684	0.2862	
MAP_score:	@1	@3	@5	@10
		0.0372	0.0660	0.0802	0.0958	
NDCG_score:	@1	@3	@5	@10
		0.0372	0.0761	0.1018	0.1399	
[Epoch 39] HR@10 = 0.2862, best = 0.2951 (epoch 13)
[Epoch 40] Train BCE loss: 0.005163
num_hit:	@1	@3	@5	@10
		0.0370	0.1070	0.1676	0.2887	
MAP_score:	@1	@3	@5	@10
		0.0370	0.0666	0.0802	0.0964	
NDCG_score:	@1	@3	@5	@10
		0.0370	0.0769	0.1017	0.1409	
[Epoch 40] HR@10 = 0.2887, best = 0.2951 (epoch 13)
[Epoch 41] Train BCE loss: 0.004256
num_hit:	@1	@3	@5	@10
		0.0361	0.1059	0.1675	0.2890	
MAP_score:	@1	@3	@5	@10
		0.0361	0.0657	0.0795	0.0957	
NDCG_score:	@1	@3	@5	@10
		0.0361	0.0759	0.1011	0.1403	
[Epoch 41] HR@10 = 0.2890, best = 0.2951 (epoch 13)
[Epoch 42] Train BCE loss: 0.003599
num_hit:	@1	@3	@5	@10
		0.0365	0.1047	0.1651	0.2875	
MAP_score:	@1	@3	@5	@10
		0.0365	0.0654	0.0790	0.0954	
NDCG_score:	@1	@3	@5	@10
		0.0365	0.0754	0.1002	0.1398	
[Epoch 42] HR@10 = 0.2875, best = 0.2951 (epoch 13)
[Epoch 43] Train BCE loss: 0.003090
num_hit:	@1	@3	@5	@10
		0.0359	0.1053	0.1666	0.2891	
MAP_score:	@1	@3	@5	@10
		0.0359	0.0654	0.0793	0.0956	
NDCG_score:	@1	@3	@5	@10
		0.0359	0.0756	0.1007	0.1404	
[Epoch 43] HR@10 = 0.2891, best = 0.2951 (epoch 13)
[Epoch 44] Train BCE loss: 0.002650
num_hit:	@1	@3	@5	@10
		0.0354	0.1057	0.1669	0.2897	
MAP_score:	@1	@3	@5	@10
		0.0354	0.0652	0.0790	0.0955	
NDCG_score:	@1	@3	@5	@10
		0.0354	0.0756	0.1006	0.1404	
[Epoch 44] HR@10 = 0.2897, best = 0.2951 (epoch 13)
[Epoch 45] Train BCE loss: 0.002257
num_hit:	@1	@3	@5	@10
		0.0357	0.1051	0.1668	0.2905	
MAP_score:	@1	@3	@5	@10
		0.0357	0.0651	0.0791	0.0957	
NDCG_score:	@1	@3	@5	@10
		0.0357	0.0753	0.1006	0.1407	
[Epoch 45] HR@10 = 0.2905, best = 0.2951 (epoch 13)
[Epoch 46] Train BCE loss: 0.002004
num_hit:	@1	@3	@5	@10
		0.0356	0.1058	0.1674	0.2911	
MAP_score:	@1	@3	@5	@10
		0.0356	0.0652	0.0791	0.0956	
NDCG_score:	@1	@3	@5	@10
		0.0356	0.0756	0.1008	0.1408	
[Epoch 46] HR@10 = 0.2911, best = 0.2951 (epoch 13)
[Epoch 47] Train BCE loss: 0.001784
num_hit:	@1	@3	@5	@10
		0.0343	0.1039	0.1659	0.2909	
MAP_score:	@1	@3	@5	@10
		0.0343	0.0640	0.0779	0.0947	
NDCG_score:	@1	@3	@5	@10
		0.0343	0.0742	0.0995	0.1400	
[Epoch 47] HR@10 = 0.2909, best = 0.2951 (epoch 13)
[Epoch 48] Train BCE loss: 0.001535
num_hit:	@1	@3	@5	@10
		0.0339	0.1039	0.1658	0.2899	
MAP_score:	@1	@3	@5	@10
		0.0339	0.0635	0.0775	0.0940	
NDCG_score:	@1	@3	@5	@10
		0.0339	0.0738	0.0991	0.1393	
[Epoch 48] HR@10 = 0.2899, best = 0.2951 (epoch 13)
[Epoch 49] Train BCE loss: 0.001375
num_hit:	@1	@3	@5	@10
		0.0339	0.1042	0.1663	0.2917	
MAP_score:	@1	@3	@5	@10
		0.0339	0.0634	0.0774	0.0942	
NDCG_score:	@1	@3	@5	@10
		0.0339	0.0738	0.0992	0.1398	
[Epoch 49] HR@10 = 0.2917, best = 0.2951 (epoch 13)
[Epoch 50] Train BCE loss: 0.001191
num_hit:	@1	@3	@5	@10
		0.0337	0.1047	0.1661	0.2925	
MAP_score:	@1	@3	@5	@10
		0.0337	0.0634	0.0772	0.0940	
NDCG_score:	@1	@3	@5	@10
		0.0337	0.0739	0.0990	0.1398	
[Epoch 50] HR@10 = 0.2925, best = 0.2951 (epoch 13)
Training completed. Last model saved to checkpoints/ncf_last_filtered-h-and-m.pt
