Dataset: filtered-h-and-m, Users: 1371716, Items: 105491
Generating training data...
[Epoch 1] Train BCE loss: 0.310379
📄 Saved batch eval result to result/ncf_result_aug_56_tfidf_ncf_eval_ep_1.csv
num_hit:	@1	@3	@5	@10
		0.0134	0.0435	0.0688	0.1336	
MAP_score:	@1	@3	@5	@10
		0.0134	0.0259	0.0316	0.0401	
NDCG_score:	@1	@3	@5	@10
		0.0134	0.0304	0.0408	0.0615	
✅ [Epoch 1] New best HR@10: 0.1336 – model saved to checkpoints/ncf_filtered-h-and-m_best.pt
[Epoch 2] Train BCE loss: 0.144102
📄 Saved batch eval result to result/ncf_result_aug_56_tfidf_ncf_eval_ep_2.csv
num_hit:	@1	@3	@5	@10
		0.0242	0.0712	0.1079	0.1846	
MAP_score:	@1	@3	@5	@10
		0.0242	0.0442	0.0525	0.0625	
NDCG_score:	@1	@3	@5	@10
		0.0242	0.0511	0.0662	0.0907	
✅ [Epoch 2] New best HR@10: 0.1846 – model saved to checkpoints/ncf_filtered-h-and-m_best.pt
[Epoch 3] Train BCE loss: 0.112837
📄 Saved batch eval result to result/ncf_result_aug_56_tfidf_ncf_eval_ep_3.csv
num_hit:	@1	@3	@5	@10
		0.0305	0.0973	0.1446	0.2321	
MAP_score:	@1	@3	@5	@10
		0.0305	0.0585	0.0691	0.0806	
NDCG_score:	@1	@3	@5	@10
		0.0305	0.0684	0.0877	0.1158	
✅ [Epoch 3] New best HR@10: 0.2321 – model saved to checkpoints/ncf_filtered-h-and-m_best.pt
[Epoch 4] Train BCE loss: 0.098630
📄 Saved batch eval result to result/ncf_result_aug_56_tfidf_ncf_eval_ep_4.csv
num_hit:	@1	@3	@5	@10
		0.0338	0.1072	0.1660	0.2651	
MAP_score:	@1	@3	@5	@10
		0.0338	0.0647	0.0780	0.0912	
NDCG_score:	@1	@3	@5	@10
		0.0338	0.0755	0.0997	0.1317	
✅ [Epoch 4] New best HR@10: 0.2651 – model saved to checkpoints/ncf_filtered-h-and-m_best.pt
[Epoch 5] Train BCE loss: 0.089193
📄 Saved batch eval result to result/ncf_result_aug_56_tfidf_ncf_eval_ep_5.csv
num_hit:	@1	@3	@5	@10
		0.0351	0.1156	0.1787	0.2894	
MAP_score:	@1	@3	@5	@10
		0.0351	0.0691	0.0835	0.0980	
NDCG_score:	@1	@3	@5	@10
		0.0351	0.0810	0.1069	0.1425	
✅ [Epoch 5] New best HR@10: 0.2894 – model saved to checkpoints/ncf_filtered-h-and-m_best.pt
[Epoch 6] Train BCE loss: 0.083157
📄 Saved batch eval result to result/ncf_result_aug_56_tfidf_ncf_eval_ep_6.csv
num_hit:	@1	@3	@5	@10
		0.0359	0.1195	0.1841	0.2934	
MAP_score:	@1	@3	@5	@10
		0.0359	0.0709	0.0854	0.0999	
NDCG_score:	@1	@3	@5	@10
		0.0359	0.0833	0.1097	0.1450	
✅ [Epoch 6] New best HR@10: 0.2934 – model saved to checkpoints/ncf_filtered-h-and-m_best.pt
[Epoch 7] Train BCE loss: 0.078632
📄 Saved batch eval result to result/ncf_result_aug_56_tfidf_ncf_eval_ep_7.csv
num_hit:	@1	@3	@5	@10
		0.0355	0.1179	0.1844	0.2965	
MAP_score:	@1	@3	@5	@10
		0.0355	0.0707	0.0858	0.1006	
NDCG_score:	@1	@3	@5	@10
		0.0355	0.0828	0.1101	0.1462	
✅ [Epoch 7] New best HR@10: 0.2965 – model saved to checkpoints/ncf_filtered-h-and-m_best.pt
[Epoch 8] Train BCE loss: 0.074541
📄 Saved batch eval result to result/ncf_result_aug_56_tfidf_ncf_eval_ep_8.csv
num_hit:	@1	@3	@5	@10
		0.0361	0.1178	0.1814	0.2966	
MAP_score:	@1	@3	@5	@10
		0.0361	0.0709	0.0853	0.1005	
NDCG_score:	@1	@3	@5	@10
		0.0361	0.0829	0.1089	0.1461	
✅ [Epoch 8] New best HR@10: 0.2966 – model saved to checkpoints/ncf_filtered-h-and-m_best.pt
[Epoch 9] Train BCE loss: 0.070500
📄 Saved batch eval result to result/ncf_result_aug_56_tfidf_ncf_eval_ep_9.csv
num_hit:	@1	@3	@5	@10
		0.0369	0.1156	0.1769	0.2959	
MAP_score:	@1	@3	@5	@10
		0.0369	0.0705	0.0842	0.1000	
NDCG_score:	@1	@3	@5	@10
		0.0369	0.0820	0.1070	0.1454	
[Epoch 9] HR@10 = 0.2959, best = 0.2966 (epoch 8)
[Epoch 10] Train BCE loss: 0.066482
📄 Saved batch eval result to result/ncf_result_aug_56_tfidf_ncf_eval_ep_10.csv
num_hit:	@1	@3	@5	@10
		0.0361	0.1142	0.1724	0.2907	
MAP_score:	@1	@3	@5	@10
		0.0361	0.0691	0.0821	0.0977	
NDCG_score:	@1	@3	@5	@10
		0.0361	0.0806	0.1043	0.1424	
[Epoch 10] HR@10 = 0.2907, best = 0.2966 (epoch 8)
[Epoch 11] Train BCE loss: 0.062218
📄 Saved batch eval result to result/ncf_result_aug_56_tfidf_ncf_eval_ep_11.csv
num_hit:	@1	@3	@5	@10
		0.0376	0.1109	0.1746	0.2866	
MAP_score:	@1	@3	@5	@10
		0.0376	0.0686	0.0830	0.0976	
NDCG_score:	@1	@3	@5	@10
		0.0376	0.0795	0.1055	0.1414	
[Epoch 11] HR@10 = 0.2866, best = 0.2966 (epoch 8)
[Epoch 12] Train BCE loss: 0.057872
📄 Saved batch eval result to result/ncf_result_aug_56_tfidf_ncf_eval_ep_12.csv
num_hit:	@1	@3	@5	@10
		0.0399	0.1118	0.1713	0.2862	
MAP_score:	@1	@3	@5	@10
		0.0399	0.0706	0.0841	0.0993	
NDCG_score:	@1	@3	@5	@10
		0.0399	0.0811	0.1056	0.1425	
[Epoch 12] HR@10 = 0.2862, best = 0.2966 (epoch 8)
[Epoch 13] Train BCE loss: 0.053375
📄 Saved batch eval result to result/ncf_result_aug_56_tfidf_ncf_eval_ep_13.csv
num_hit:	@1	@3	@5	@10
		0.0392	0.1139	0.1712	0.2820	
MAP_score:	@1	@3	@5	@10
		0.0392	0.0707	0.0838	0.0984	
NDCG_score:	@1	@3	@5	@10
		0.0392	0.0818	0.1053	0.1410	
[Epoch 13] HR@10 = 0.2820, best = 0.2966 (epoch 8)
[Epoch 14] Train BCE loss: 0.048808
📄 Saved batch eval result to result/ncf_result_aug_56_tfidf_ncf_eval_ep_14.csv
num_hit:	@1	@3	@5	@10
		0.0391	0.1135	0.1742	0.2825	
MAP_score:	@1	@3	@5	@10
		0.0391	0.0710	0.0847	0.0988	
NDCG_score:	@1	@3	@5	@10
		0.0391	0.0819	0.1068	0.1414	
[Epoch 14] HR@10 = 0.2825, best = 0.2966 (epoch 8)
[Epoch 15] Train BCE loss: 0.044117
📄 Saved batch eval result to result/ncf_result_aug_56_tfidf_ncf_eval_ep_15.csv
num_hit:	@1	@3	@5	@10
		0.0398	0.1175	0.1751	0.2826	
MAP_score:	@1	@3	@5	@10
		0.0398	0.0726	0.0856	0.0998	
NDCG_score:	@1	@3	@5	@10
		0.0398	0.0841	0.1076	0.1423	
[Epoch 15] HR@10 = 0.2826, best = 0.2966 (epoch 8)
[Epoch 16] Train BCE loss: 0.039422
📄 Saved batch eval result to result/ncf_result_aug_56_tfidf_ncf_eval_ep_16.csv
num_hit:	@1	@3	@5	@10
		0.0419	0.1186	0.1753	0.2832	
MAP_score:	@1	@3	@5	@10
		0.0419	0.0742	0.0870	0.1012	
NDCG_score:	@1	@3	@5	@10
		0.0419	0.0855	0.1088	0.1435	
[Epoch 16] HR@10 = 0.2832, best = 0.2966 (epoch 8)
[Epoch 17] Train BCE loss: 0.034703
📄 Saved batch eval result to result/ncf_result_aug_56_tfidf_ncf_eval_ep_17.csv
num_hit:	@1	@3	@5	@10
		0.0424	0.1194	0.1781	0.2882	
MAP_score:	@1	@3	@5	@10
		0.0424	0.0746	0.0880	0.1025	
NDCG_score:	@1	@3	@5	@10
		0.0424	0.0860	0.1102	0.1456	
[Epoch 17] HR@10 = 0.2882, best = 0.2966 (epoch 8)
[Epoch 18] Train BCE loss: 0.029899
📄 Saved batch eval result to result/ncf_result_aug_56_tfidf_ncf_eval_ep_18.csv
num_hit:	@1	@3	@5	@10
		0.0426	0.1222	0.1806	0.2892	
MAP_score:	@1	@3	@5	@10
		0.0426	0.0762	0.0894	0.1037	
NDCG_score:	@1	@3	@5	@10
		0.0426	0.0880	0.1119	0.1468	
[Epoch 18] HR@10 = 0.2892, best = 0.2966 (epoch 8)
[Epoch 19] Train BCE loss: 0.025360
📄 Saved batch eval result to result/ncf_result_aug_56_tfidf_ncf_eval_ep_19.csv
num_hit:	@1	@3	@5	@10
		0.0424	0.1235	0.1828	0.2889	
MAP_score:	@1	@3	@5	@10
		0.0424	0.0763	0.0898	0.1038	
NDCG_score:	@1	@3	@5	@10
		0.0424	0.0883	0.1127	0.1469	
[Epoch 19] HR@10 = 0.2889, best = 0.2966 (epoch 8)
[Epoch 20] Train BCE loss: 0.021011
📄 Saved batch eval result to result/ncf_result_aug_56_tfidf_ncf_eval_ep_20.csv
num_hit:	@1	@3	@5	@10
		0.0421	0.1241	0.1840	0.2934	
MAP_score:	@1	@3	@5	@10
		0.0421	0.0768	0.0904	0.1049	
NDCG_score:	@1	@3	@5	@10
		0.0421	0.0889	0.1135	0.1488	
[Epoch 20] HR@10 = 0.2934, best = 0.2966 (epoch 8)
[Epoch 21] Train BCE loss: 0.016967
📄 Saved batch eval result to result/ncf_result_aug_56_tfidf_ncf_eval_ep_21.csv
num_hit:	@1	@3	@5	@10
		0.0422	0.1258	0.1881	0.2934	
MAP_score:	@1	@3	@5	@10
		0.0422	0.0771	0.0912	0.1051	
NDCG_score:	@1	@3	@5	@10
		0.0422	0.0895	0.1151	0.1490	
[Epoch 21] HR@10 = 0.2934, best = 0.2966 (epoch 8)
[Epoch 22] Train BCE loss: 0.013367
📄 Saved batch eval result to result/ncf_result_aug_56_tfidf_ncf_eval_ep_22.csv
num_hit:	@1	@3	@5	@10
		0.0420	0.1234	0.1920	0.2976	
MAP_score:	@1	@3	@5	@10
		0.0420	0.0765	0.0920	0.1060	
NDCG_score:	@1	@3	@5	@10
		0.0420	0.0885	0.1166	0.1506	
✅ [Epoch 22] New best HR@10: 0.2976 – model saved to checkpoints/ncf_filtered-h-and-m_best.pt
[Epoch 23] Train BCE loss: 0.010213
📄 Saved batch eval result to result/ncf_result_aug_56_tfidf_ncf_eval_ep_23.csv
num_hit:	@1	@3	@5	@10
		0.0420	0.1272	0.1918	0.2984	
MAP_score:	@1	@3	@5	@10
		0.0420	0.0780	0.0925	0.1068	
NDCG_score:	@1	@3	@5	@10
		0.0420	0.0906	0.1169	0.1515	
✅ [Epoch 23] New best HR@10: 0.2984 – model saved to checkpoints/ncf_filtered-h-and-m_best.pt
[Epoch 24] Train BCE loss: 0.007706
📄 Saved batch eval result to result/ncf_result_aug_56_tfidf_ncf_eval_ep_24.csv
num_hit:	@1	@3	@5	@10
		0.0424	0.1278	0.1926	0.2992	
MAP_score:	@1	@3	@5	@10
		0.0424	0.0783	0.0930	0.1071	
NDCG_score:	@1	@3	@5	@10
		0.0424	0.0909	0.1175	0.1519	
✅ [Epoch 24] New best HR@10: 0.2992 – model saved to checkpoints/ncf_filtered-h-and-m_best.pt
[Epoch 25] Train BCE loss: 0.005684
📄 Saved batch eval result to result/ncf_result_aug_56_tfidf_ncf_eval_ep_25.csv
num_hit:	@1	@3	@5	@10
		0.0427	0.1295	0.1966	0.2961	
MAP_score:	@1	@3	@5	@10
		0.0427	0.0790	0.0943	0.1077	
NDCG_score:	@1	@3	@5	@10
		0.0427	0.0919	0.1195	0.1518	
[Epoch 25] HR@10 = 0.2961, best = 0.2992 (epoch 24)
[Epoch 26] Train BCE loss: 0.004133
📄 Saved batch eval result to result/ncf_result_aug_56_tfidf_ncf_eval_ep_26.csv
num_hit:	@1	@3	@5	@10
		0.0424	0.1302	0.1994	0.3009	
MAP_score:	@1	@3	@5	@10
		0.0424	0.0793	0.0950	0.1085	
NDCG_score:	@1	@3	@5	@10
		0.0424	0.0923	0.1207	0.1535	
✅ [Epoch 26] New best HR@10: 0.3009 – model saved to checkpoints/ncf_filtered-h-and-m_best.pt
[Epoch 27] Train BCE loss: 0.002995
📄 Saved batch eval result to result/ncf_result_aug_56_tfidf_ncf_eval_ep_27.csv
num_hit:	@1	@3	@5	@10
		0.0429	0.1276	0.1969	0.3038	
MAP_score:	@1	@3	@5	@10
		0.0429	0.0784	0.0942	0.1086	
NDCG_score:	@1	@3	@5	@10
		0.0429	0.0910	0.1195	0.1542	
✅ [Epoch 27] New best HR@10: 0.3038 – model saved to checkpoints/ncf_filtered-h-and-m_best.pt
[Epoch 28] Train BCE loss: 0.002169
📄 Saved batch eval result to result/ncf_result_aug_56_tfidf_ncf_eval_ep_28.csv
num_hit:	@1	@3	@5	@10
		0.0433	0.1314	0.1993	0.3031	
MAP_score:	@1	@3	@5	@10
		0.0433	0.0803	0.0957	0.1096	
NDCG_score:	@1	@3	@5	@10
		0.0433	0.0933	0.1212	0.1548	
[Epoch 28] HR@10 = 0.3031, best = 0.3038 (epoch 27)
[Epoch 29] Train BCE loss: 0.001600
📄 Saved batch eval result to result/ncf_result_aug_56_tfidf_ncf_eval_ep_29.csv
num_hit:	@1	@3	@5	@10
		0.0427	0.1325	0.1994	0.3025	
MAP_score:	@1	@3	@5	@10
		0.0427	0.0803	0.0953	0.1092	
NDCG_score:	@1	@3	@5	@10
		0.0427	0.0936	0.1209	0.1544	
[Epoch 29] HR@10 = 0.3025, best = 0.3038 (epoch 27)
[Epoch 30] Train BCE loss: 0.001158
📄 Saved batch eval result to result/ncf_result_aug_56_tfidf_ncf_eval_ep_30.csv
num_hit:	@1	@3	@5	@10
		0.0418	0.1296	0.2027	0.3022	
MAP_score:	@1	@3	@5	@10
		0.0418	0.0790	0.0955	0.1088	
NDCG_score:	@1	@3	@5	@10
		0.0418	0.0919	0.1218	0.1540	
[Epoch 30] HR@10 = 0.3022, best = 0.3038 (epoch 27)
[Epoch 31] Train BCE loss: 0.000848
📄 Saved batch eval result to result/ncf_result_aug_56_tfidf_ncf_eval_ep_31.csv
num_hit:	@1	@3	@5	@10
		0.0391	0.1307	0.2006	0.3036	
MAP_score:	@1	@3	@5	@10
		0.0391	0.0774	0.0932	0.1070	
NDCG_score:	@1	@3	@5	@10
		0.0391	0.0910	0.1196	0.1530	
[Epoch 31] HR@10 = 0.3036, best = 0.3038 (epoch 27)
[Epoch 32] Train BCE loss: 0.000639
📄 Saved batch eval result to result/ncf_result_aug_56_tfidf_ncf_eval_ep_32.csv
num_hit:	@1	@3	@5	@10
		0.0396	0.1314	0.2039	0.3041	
MAP_score:	@1	@3	@5	@10
		0.0396	0.0782	0.0945	0.1079	
NDCG_score:	@1	@3	@5	@10
		0.0396	0.0918	0.1214	0.1538	
✅ [Epoch 32] New best HR@10: 0.3041 – model saved to checkpoints/ncf_filtered-h-and-m_best.pt
[Epoch 33] Train BCE loss: 0.000472
📄 Saved batch eval result to result/ncf_result_aug_56_tfidf_ncf_eval_ep_33.csv
num_hit:	@1	@3	@5	@10
		0.0384	0.1311	0.2020	0.3012	
MAP_score:	@1	@3	@5	@10
		0.0384	0.0773	0.0933	0.1068	
NDCG_score:	@1	@3	@5	@10
		0.0384	0.0910	0.1201	0.1523	
[Epoch 33] HR@10 = 0.3012, best = 0.3041 (epoch 32)
[Epoch 34] Train BCE loss: 0.000360
📄 Saved batch eval result to result/ncf_result_aug_56_tfidf_ncf_eval_ep_34.csv
num_hit:	@1	@3	@5	@10
		0.0396	0.1313	0.2016	0.3011	
MAP_score:	@1	@3	@5	@10
		0.0396	0.0780	0.0940	0.1073	
NDCG_score:	@1	@3	@5	@10
		0.0396	0.0916	0.1205	0.1527	
[Epoch 34] HR@10 = 0.3011, best = 0.3041 (epoch 32)
[Epoch 35] Train BCE loss: 0.000290
📄 Saved batch eval result to result/ncf_result_aug_56_tfidf_ncf_eval_ep_35.csv
num_hit:	@1	@3	@5	@10
		0.0391	0.1309	0.2021	0.3035	
MAP_score:	@1	@3	@5	@10
		0.0391	0.0774	0.0935	0.1071	
NDCG_score:	@1	@3	@5	@10
		0.0391	0.0910	0.1202	0.1531	
[Epoch 35] HR@10 = 0.3035, best = 0.3041 (epoch 32)
[Epoch 36] Train BCE loss: 0.000214
📄 Saved batch eval result to result/ncf_result_aug_56_tfidf_ncf_eval_ep_36.csv
num_hit:	@1	@3	@5	@10
		0.0378	0.1301	0.2000	0.3027	
MAP_score:	@1	@3	@5	@10
		0.0378	0.0767	0.0925	0.1065	
NDCG_score:	@1	@3	@5	@10
		0.0378	0.0903	0.1190	0.1524	
[Epoch 36] HR@10 = 0.3027, best = 0.3041 (epoch 32)
[Epoch 37] Train BCE loss: 0.000176
📄 Saved batch eval result to result/ncf_result_aug_56_tfidf_ncf_eval_ep_37.csv
num_hit:	@1	@3	@5	@10
		0.0376	0.1315	0.2039	0.3042	
MAP_score:	@1	@3	@5	@10
		0.0376	0.0767	0.0930	0.1064	
NDCG_score:	@1	@3	@5	@10
		0.0376	0.0907	0.1203	0.1528	
✅ [Epoch 37] New best HR@10: 0.3042 – model saved to checkpoints/ncf_filtered-h-and-m_best.pt
[Epoch 38] Train BCE loss: 0.000136
📄 Saved batch eval result to result/ncf_result_aug_56_tfidf_ncf_eval_ep_38.csv
num_hit:	@1	@3	@5	@10
		0.0367	0.1301	0.2027	0.3035	
MAP_score:	@1	@3	@5	@10
		0.0367	0.0759	0.0924	0.1059	
NDCG_score:	@1	@3	@5	@10
		0.0367	0.0897	0.1195	0.1522	
[Epoch 38] HR@10 = 0.3035, best = 0.3042 (epoch 37)
[Epoch 39] Train BCE loss: 0.000116
📄 Saved batch eval result to result/ncf_result_aug_56_tfidf_ncf_eval_ep_39.csv
num_hit:	@1	@3	@5	@10
		0.0366	0.1299	0.2026	0.3045	
MAP_score:	@1	@3	@5	@10
		0.0366	0.0757	0.0921	0.1059	
NDCG_score:	@1	@3	@5	@10
		0.0366	0.0895	0.1193	0.1524	
✅ [Epoch 39] New best HR@10: 0.3045 – model saved to checkpoints/ncf_filtered-h-and-m_best.pt
[Epoch 40] Train BCE loss: 0.000099
📄 Saved batch eval result to result/ncf_result_aug_56_tfidf_ncf_eval_ep_40.csv
num_hit:	@1	@3	@5	@10
		0.0355	0.1294	0.2020	0.3029	
MAP_score:	@1	@3	@5	@10
		0.0355	0.0748	0.0912	0.1048	
NDCG_score:	@1	@3	@5	@10
		0.0355	0.0887	0.1185	0.1512	
[Epoch 40] HR@10 = 0.3029, best = 0.3045 (epoch 39)
[Epoch 41] Train BCE loss: 0.000079
📄 Saved batch eval result to result/ncf_result_aug_56_tfidf_ncf_eval_ep_41.csv
num_hit:	@1	@3	@5	@10
		0.0359	0.1294	0.2042	0.3042	
MAP_score:	@1	@3	@5	@10
		0.0359	0.0752	0.0921	0.1055	
NDCG_score:	@1	@3	@5	@10
		0.0359	0.0890	0.1197	0.1521	
[Epoch 41] HR@10 = 0.3042, best = 0.3045 (epoch 39)
[Epoch 42] Train BCE loss: 0.000069
📄 Saved batch eval result to result/ncf_result_aug_56_tfidf_ncf_eval_ep_42.csv
num_hit:	@1	@3	@5	@10
		0.0352	0.1294	0.2025	0.3035	
MAP_score:	@1	@3	@5	@10
		0.0352	0.0746	0.0912	0.1048	
NDCG_score:	@1	@3	@5	@10
		0.0352	0.0886	0.1186	0.1514	
[Epoch 42] HR@10 = 0.3035, best = 0.3045 (epoch 39)
[Epoch 43] Train BCE loss: 0.000063
📄 Saved batch eval result to result/ncf_result_aug_56_tfidf_ncf_eval_ep_43.csv
num_hit:	@1	@3	@5	@10
		0.0348	0.1291	0.2019	0.3035	
MAP_score:	@1	@3	@5	@10
		0.0348	0.0742	0.0909	0.1046	
NDCG_score:	@1	@3	@5	@10
		0.0348	0.0882	0.1182	0.1512	
[Epoch 43] HR@10 = 0.3035, best = 0.3045 (epoch 39)
[Epoch 44] Train BCE loss: 0.000057
📄 Saved batch eval result to result/ncf_result_aug_56_tfidf_ncf_eval_ep_44.csv
num_hit:	@1	@3	@5	@10
		0.0345	0.1288	0.2031	0.3035	
MAP_score:	@1	@3	@5	@10
		0.0345	0.0739	0.0908	0.1043	
NDCG_score:	@1	@3	@5	@10
		0.0345	0.0879	0.1184	0.1510	
[Epoch 44] HR@10 = 0.3035, best = 0.3045 (epoch 39)
[Epoch 45] Train BCE loss: 0.000054
📄 Saved batch eval result to result/ncf_result_aug_56_tfidf_ncf_eval_ep_45.csv
num_hit:	@1	@3	@5	@10
		0.0344	0.1276	0.2038	0.3036	
MAP_score:	@1	@3	@5	@10
		0.0344	0.0732	0.0906	0.1039	
NDCG_score:	@1	@3	@5	@10
		0.0344	0.0871	0.1184	0.1508	
[Epoch 45] HR@10 = 0.3036, best = 0.3045 (epoch 39)
[Epoch 46] Train BCE loss: 0.000051
📄 Saved batch eval result to result/ncf_result_aug_56_tfidf_ncf_eval_ep_46.csv
num_hit:	@1	@3	@5	@10
		0.0334	0.1280	0.2039	0.3040	
MAP_score:	@1	@3	@5	@10
		0.0334	0.0728	0.0900	0.1034	
NDCG_score:	@1	@3	@5	@10
		0.0334	0.0869	0.1180	0.1504	
[Epoch 46] HR@10 = 0.3040, best = 0.3045 (epoch 39)
[Epoch 47] Train BCE loss: 0.000048
📄 Saved batch eval result to result/ncf_result_aug_56_tfidf_ncf_eval_ep_47.csv
num_hit:	@1	@3	@5	@10
		0.0331	0.1281	0.2029	0.3040	
MAP_score:	@1	@3	@5	@10
		0.0331	0.0727	0.0898	0.1034	
NDCG_score:	@1	@3	@5	@10
		0.0331	0.0869	0.1176	0.1504	
[Epoch 47] HR@10 = 0.3040, best = 0.3045 (epoch 39)
[Epoch 48] Train BCE loss: 0.000046
📄 Saved batch eval result to result/ncf_result_aug_56_tfidf_ncf_eval_ep_48.csv
num_hit:	@1	@3	@5	@10
		0.0326	0.1267	0.2026	0.3031	
MAP_score:	@1	@3	@5	@10
		0.0326	0.0718	0.0890	0.1026	
NDCG_score:	@1	@3	@5	@10
		0.0326	0.0858	0.1170	0.1496	
[Epoch 48] HR@10 = 0.3031, best = 0.3045 (epoch 39)
[Epoch 49] Train BCE loss: 0.000045
📄 Saved batch eval result to result/ncf_result_aug_56_tfidf_ncf_eval_ep_49.csv
num_hit:	@1	@3	@5	@10
		0.0329	0.1273	0.2020	0.3035	
MAP_score:	@1	@3	@5	@10
		0.0329	0.0722	0.0892	0.1029	
NDCG_score:	@1	@3	@5	@10
		0.0329	0.0863	0.1170	0.1499	
[Epoch 49] HR@10 = 0.3035, best = 0.3045 (epoch 39)
[Epoch 50] Train BCE loss: 0.000043
📄 Saved batch eval result to result/ncf_result_aug_56_tfidf_ncf_eval_ep_50.csv
num_hit:	@1	@3	@5	@10
		0.0320	0.1271	0.2006	0.3039	
MAP_score:	@1	@3	@5	@10
		0.0320	0.0715	0.0883	0.1022	
NDCG_score:	@1	@3	@5	@10
		0.0320	0.0857	0.1159	0.1495	
[Epoch 50] HR@10 = 0.3039, best = 0.3045 (epoch 39)
Training completed. Last model saved to checkpoints/ncf_last_filtered-h-and-m.pt
