Dataset: filtered-h-and-m, Users: 1371716, Items: 105541
Generating training data...
[Epoch 1] Train BCE loss: 0.410472
num_hit:	@1	@3	@5	@10
		0.0106	0.0344	0.0587	0.1157	
MAP_score:	@1	@3	@5	@10
		0.0106	0.0206	0.0261	0.0334	
NDCG_score:	@1	@3	@5	@10
		0.0106	0.0241	0.0341	0.0522	
📄 Saved batch eval result to result/ncf_result_aug_short_54_dense.csv
✅ [Epoch 1] New best HR@10: 0.1157 – model saved to checkpoints/ncf_filtered-h-and-m_best.pt
[Epoch 2] Train BCE loss: 0.247145
num_hit:	@1	@3	@5	@10
		0.0166	0.0531	0.0842	0.1516	
MAP_score:	@1	@3	@5	@10
		0.0166	0.0321	0.0392	0.0480	
NDCG_score:	@1	@3	@5	@10
		0.0166	0.0375	0.0503	0.0719	
📄 Saved batch eval result to result/ncf_result_aug_short_54_dense.csv
✅ [Epoch 2] New best HR@10: 0.1516 – model saved to checkpoints/ncf_filtered-h-and-m_best.pt
[Epoch 3] Train BCE loss: 0.194751
num_hit:	@1	@3	@5	@10
		0.0206	0.0691	0.1113	0.2050	
MAP_score:	@1	@3	@5	@10
		0.0206	0.0410	0.0506	0.0630	
NDCG_score:	@1	@3	@5	@10
		0.0206	0.0482	0.0655	0.0957	
📄 Saved batch eval result to result/ncf_result_aug_short_54_dense.csv
✅ [Epoch 3] New best HR@10: 0.2050 – model saved to checkpoints/ncf_filtered-h-and-m_best.pt
[Epoch 4] Train BCE loss: 0.154734
num_hit:	@1	@3	@5	@10
		0.0197	0.0810	0.1363	0.2412	
MAP_score:	@1	@3	@5	@10
		0.0197	0.0449	0.0575	0.0714	
NDCG_score:	@1	@3	@5	@10
		0.0197	0.0541	0.0769	0.1106	
📄 Saved batch eval result to result/ncf_result_aug_short_54_dense.csv
✅ [Epoch 4] New best HR@10: 0.2412 – model saved to checkpoints/ncf_filtered-h-and-m_best.pt
[Epoch 5] Train BCE loss: 0.137614
num_hit:	@1	@3	@5	@10
		0.0203	0.0862	0.1481	0.2621	
MAP_score:	@1	@3	@5	@10
		0.0203	0.0473	0.0613	0.0764	
NDCG_score:	@1	@3	@5	@10
		0.0203	0.0572	0.0825	0.1193	
📄 Saved batch eval result to result/ncf_result_aug_short_54_dense.csv
✅ [Epoch 5] New best HR@10: 0.2621 – model saved to checkpoints/ncf_filtered-h-and-m_best.pt
[Epoch 6] Train BCE loss: 0.126163
num_hit:	@1	@3	@5	@10
		0.0204	0.0855	0.1532	0.2694	
MAP_score:	@1	@3	@5	@10
		0.0204	0.0477	0.0631	0.0785	
NDCG_score:	@1	@3	@5	@10
		0.0204	0.0573	0.0851	0.1226	
📄 Saved batch eval result to result/ncf_result_aug_short_54_dense.csv
✅ [Epoch 6] New best HR@10: 0.2694 – model saved to checkpoints/ncf_filtered-h-and-m_best.pt
[Epoch 7] Train BCE loss: 0.117853
num_hit:	@1	@3	@5	@10
		0.0214	0.0861	0.1561	0.2775	
MAP_score:	@1	@3	@5	@10
		0.0214	0.0484	0.0643	0.0803	
NDCG_score:	@1	@3	@5	@10
		0.0214	0.0581	0.0868	0.1258	
📄 Saved batch eval result to result/ncf_result_aug_short_54_dense.csv
✅ [Epoch 7] New best HR@10: 0.2775 – model saved to checkpoints/ncf_filtered-h-and-m_best.pt
[Epoch 8] Train BCE loss: 0.111318
num_hit:	@1	@3	@5	@10
		0.0223	0.0900	0.1566	0.2770	
MAP_score:	@1	@3	@5	@10
		0.0223	0.0504	0.0655	0.0814	
NDCG_score:	@1	@3	@5	@10
		0.0223	0.0605	0.0878	0.1266	
[Epoch 8] HR@10 = 0.2770, best = 0.2775 (epoch 7)
[Epoch 9] Train BCE loss: 0.105569
num_hit:	@1	@3	@5	@10
		0.0247	0.0867	0.1570	0.2734	
MAP_score:	@1	@3	@5	@10
		0.0247	0.0504	0.0663	0.0816	
NDCG_score:	@1	@3	@5	@10
		0.0247	0.0596	0.0885	0.1259	
[Epoch 9] HR@10 = 0.2734, best = 0.2775 (epoch 7)
[Epoch 10] Train BCE loss: 0.099865
num_hit:	@1	@3	@5	@10
		0.0228	0.0874	0.1568	0.2701	
MAP_score:	@1	@3	@5	@10
		0.0228	0.0498	0.0655	0.0805	
NDCG_score:	@1	@3	@5	@10
		0.0228	0.0594	0.0878	0.1243	
[Epoch 10] HR@10 = 0.2701, best = 0.2775 (epoch 7)
[Epoch 11] Train BCE loss: 0.094179
num_hit:	@1	@3	@5	@10
		0.0235	0.0873	0.1512	0.2661	
MAP_score:	@1	@3	@5	@10
		0.0235	0.0506	0.0651	0.0803	
NDCG_score:	@1	@3	@5	@10
		0.0235	0.0600	0.0862	0.1232	
[Epoch 11] HR@10 = 0.2661, best = 0.2775 (epoch 7)
[Epoch 12] Train BCE loss: 0.088188
num_hit:	@1	@3	@5	@10
		0.0232	0.0893	0.1527	0.2667	
MAP_score:	@1	@3	@5	@10
		0.0232	0.0515	0.0658	0.0809	
NDCG_score:	@1	@3	@5	@10
		0.0232	0.0612	0.0871	0.1238	
[Epoch 12] HR@10 = 0.2667, best = 0.2775 (epoch 7)
[Epoch 13] Train BCE loss: 0.082036
num_hit:	@1	@3	@5	@10
		0.0248	0.0892	0.1479	0.2639	
MAP_score:	@1	@3	@5	@10
		0.0248	0.0518	0.0651	0.0804	
NDCG_score:	@1	@3	@5	@10
		0.0248	0.0614	0.0854	0.1228	
[Epoch 13] HR@10 = 0.2639, best = 0.2775 (epoch 7)
[Epoch 14] Train BCE loss: 0.075650
num_hit:	@1	@3	@5	@10
		0.0260	0.0888	0.1486	0.2628	
MAP_score:	@1	@3	@5	@10
		0.0260	0.0523	0.0659	0.0809	
NDCG_score:	@1	@3	@5	@10
		0.0260	0.0617	0.0862	0.1229	
[Epoch 14] HR@10 = 0.2628, best = 0.2775 (epoch 7)
[Epoch 15] Train BCE loss: 0.069120
num_hit:	@1	@3	@5	@10
		0.0277	0.0897	0.1485	0.2652	
MAP_score:	@1	@3	@5	@10
		0.0277	0.0536	0.0668	0.0822	
NDCG_score:	@1	@3	@5	@10
		0.0277	0.0628	0.0869	0.1243	
[Epoch 15] HR@10 = 0.2652, best = 0.2775 (epoch 7)
[Epoch 16] Train BCE loss: 0.062341
num_hit:	@1	@3	@5	@10
		0.0279	0.0898	0.1479	0.2641	
MAP_score:	@1	@3	@5	@10
		0.0279	0.0538	0.0669	0.0823	
NDCG_score:	@1	@3	@5	@10
		0.0279	0.0630	0.0868	0.1242	
[Epoch 16] HR@10 = 0.2641, best = 0.2775 (epoch 7)
[Epoch 17] Train BCE loss: 0.055746
num_hit:	@1	@3	@5	@10
		0.0285	0.0908	0.1483	0.2660	
MAP_score:	@1	@3	@5	@10
		0.0285	0.0545	0.0675	0.0829	
NDCG_score:	@1	@3	@5	@10
		0.0285	0.0638	0.0873	0.1251	
[Epoch 17] HR@10 = 0.2660, best = 0.2775 (epoch 7)
[Epoch 18] Train BCE loss: 0.049206
num_hit:	@1	@3	@5	@10
		0.0301	0.0919	0.1502	0.2662	
MAP_score:	@1	@3	@5	@10
		0.0301	0.0556	0.0687	0.0839	
NDCG_score:	@1	@3	@5	@10
		0.0301	0.0648	0.0886	0.1259	
[Epoch 18] HR@10 = 0.2662, best = 0.2775 (epoch 7)
[Epoch 19] Train BCE loss: 0.042615
num_hit:	@1	@3	@5	@10
		0.0283	0.0940	0.1507	0.2659	
MAP_score:	@1	@3	@5	@10
		0.0283	0.0558	0.0685	0.0837	
NDCG_score:	@1	@3	@5	@10
		0.0283	0.0655	0.0886	0.1257	
[Epoch 19] HR@10 = 0.2659, best = 0.2775 (epoch 7)
[Epoch 20] Train BCE loss: 0.036485
num_hit:	@1	@3	@5	@10
		0.0303	0.0946	0.1532	0.2663	
MAP_score:	@1	@3	@5	@10
		0.0303	0.0573	0.0704	0.0854	
NDCG_score:	@1	@3	@5	@10
		0.0303	0.0668	0.0907	0.1272	
[Epoch 20] HR@10 = 0.2663, best = 0.2775 (epoch 7)
[Epoch 21] Train BCE loss: 0.030557
num_hit:	@1	@3	@5	@10
		0.0289	0.0943	0.1547	0.2687	
MAP_score:	@1	@3	@5	@10
		0.0289	0.0563	0.0699	0.0849	
NDCG_score:	@1	@3	@5	@10
		0.0289	0.0660	0.0907	0.1273	
[Epoch 21] HR@10 = 0.2687, best = 0.2775 (epoch 7)
[Epoch 22] Train BCE loss: 0.025215
num_hit:	@1	@3	@5	@10
		0.0303	0.0942	0.1543	0.2708	
MAP_score:	@1	@3	@5	@10
		0.0303	0.0571	0.0706	0.0860	
NDCG_score:	@1	@3	@5	@10
		0.0303	0.0666	0.0911	0.1286	
[Epoch 22] HR@10 = 0.2708, best = 0.2775 (epoch 7)
[Epoch 23] Train BCE loss: 0.020370
num_hit:	@1	@3	@5	@10
		0.0303	0.0967	0.1566	0.2702	
MAP_score:	@1	@3	@5	@10
		0.0303	0.0580	0.0715	0.0866	
NDCG_score:	@1	@3	@5	@10
		0.0303	0.0679	0.0924	0.1290	
[Epoch 23] HR@10 = 0.2702, best = 0.2775 (epoch 7)
[Epoch 24] Train BCE loss: 0.016209
num_hit:	@1	@3	@5	@10
		0.0309	0.0968	0.1547	0.2737	
MAP_score:	@1	@3	@5	@10
		0.0309	0.0587	0.0718	0.0876	
NDCG_score:	@1	@3	@5	@10
		0.0309	0.0685	0.0921	0.1305	
[Epoch 24] HR@10 = 0.2737, best = 0.2775 (epoch 7)
[Epoch 25] Train BCE loss: 0.012731
num_hit:	@1	@3	@5	@10
		0.0309	0.0969	0.1585	0.2732	
MAP_score:	@1	@3	@5	@10
		0.0309	0.0586	0.0725	0.0877	
NDCG_score:	@1	@3	@5	@10
		0.0309	0.0684	0.0936	0.1306	
[Epoch 25] HR@10 = 0.2732, best = 0.2775 (epoch 7)
[Epoch 26] Train BCE loss: 0.009859
num_hit:	@1	@3	@5	@10
		0.0304	0.0983	0.1578	0.2764	
MAP_score:	@1	@3	@5	@10
		0.0304	0.0591	0.0725	0.0883	
NDCG_score:	@1	@3	@5	@10
		0.0304	0.0691	0.0935	0.1317	
[Epoch 26] HR@10 = 0.2764, best = 0.2775 (epoch 7)
[Epoch 27] Train BCE loss: 0.007614
num_hit:	@1	@3	@5	@10
		0.0309	0.0974	0.1583	0.2765	
MAP_score:	@1	@3	@5	@10
		0.0309	0.0587	0.0724	0.0881	
NDCG_score:	@1	@3	@5	@10
		0.0309	0.0686	0.0935	0.1316	
[Epoch 27] HR@10 = 0.2765, best = 0.2775 (epoch 7)
[Epoch 28] Train BCE loss: 0.005781
num_hit:	@1	@3	@5	@10
		0.0303	0.0971	0.1616	0.2773	
MAP_score:	@1	@3	@5	@10
		0.0303	0.0585	0.0730	0.0884	
NDCG_score:	@1	@3	@5	@10
		0.0303	0.0684	0.0947	0.1321	
[Epoch 28] HR@10 = 0.2773, best = 0.2775 (epoch 7)
[Epoch 29] Train BCE loss: 0.004466
num_hit:	@1	@3	@5	@10
		0.0309	0.0977	0.1605	0.2802	
MAP_score:	@1	@3	@5	@10
		0.0309	0.0588	0.0730	0.0889	
NDCG_score:	@1	@3	@5	@10
		0.0309	0.0688	0.0945	0.1331	
📄 Saved batch eval result to result/ncf_result_aug_short_54_dense.csv
✅ [Epoch 29] New best HR@10: 0.2802 – model saved to checkpoints/ncf_filtered-h-and-m_best.pt
[Epoch 30] Train BCE loss: 0.003417
num_hit:	@1	@3	@5	@10
		0.0302	0.0975	0.1609	0.2807	
MAP_score:	@1	@3	@5	@10
		0.0302	0.0586	0.0730	0.0889	
NDCG_score:	@1	@3	@5	@10
		0.0302	0.0685	0.0946	0.1333	
📄 Saved batch eval result to result/ncf_result_aug_short_54_dense.csv
✅ [Epoch 30] New best HR@10: 0.2807 – model saved to checkpoints/ncf_filtered-h-and-m_best.pt
[Epoch 31] Train BCE loss: 0.002638
num_hit:	@1	@3	@5	@10
		0.0300	0.0976	0.1614	0.2813	
MAP_score:	@1	@3	@5	@10
		0.0300	0.0585	0.0729	0.0888	
NDCG_score:	@1	@3	@5	@10
		0.0300	0.0685	0.0946	0.1333	
📄 Saved batch eval result to result/ncf_result_aug_short_54_dense.csv
✅ [Epoch 31] New best HR@10: 0.2813 – model saved to checkpoints/ncf_filtered-h-and-m_best.pt
[Epoch 32] Train BCE loss: 0.002035
num_hit:	@1	@3	@5	@10
		0.0286	0.0982	0.1621	0.2829	
MAP_score:	@1	@3	@5	@10
		0.0286	0.0578	0.0723	0.0882	
NDCG_score:	@1	@3	@5	@10
		0.0286	0.0681	0.0943	0.1332	
📄 Saved batch eval result to result/ncf_result_aug_short_54_dense.csv
✅ [Epoch 32] New best HR@10: 0.2829 – model saved to checkpoints/ncf_filtered-h-and-m_best.pt
[Epoch 33] Train BCE loss: 0.001606
num_hit:	@1	@3	@5	@10
		0.0279	0.0989	0.1638	0.2815	
MAP_score:	@1	@3	@5	@10
		0.0279	0.0576	0.0723	0.0879	
NDCG_score:	@1	@3	@5	@10
		0.0279	0.0681	0.0948	0.1327	
[Epoch 33] HR@10 = 0.2815, best = 0.2829 (epoch 32)
[Epoch 34] Train BCE loss: 0.001244
num_hit:	@1	@3	@5	@10
		0.0280	0.0963	0.1639	0.2837	
MAP_score:	@1	@3	@5	@10
		0.0280	0.0565	0.0719	0.0877	
NDCG_score:	@1	@3	@5	@10
		0.0280	0.0667	0.0944	0.1330	
📄 Saved batch eval result to result/ncf_result_aug_short_54_dense.csv
✅ [Epoch 34] New best HR@10: 0.2837 – model saved to checkpoints/ncf_filtered-h-and-m_best.pt
[Epoch 35] Train BCE loss: 0.000980
num_hit:	@1	@3	@5	@10
		0.0271	0.0973	0.1635	0.2836	
MAP_score:	@1	@3	@5	@10
		0.0271	0.0561	0.0712	0.0871	
NDCG_score:	@1	@3	@5	@10
		0.0271	0.0666	0.0938	0.1326	
[Epoch 35] HR@10 = 0.2836, best = 0.2837 (epoch 34)
[Epoch 36] Train BCE loss: 0.000784
num_hit:	@1	@3	@5	@10
		0.0264	0.0966	0.1632	0.2850	
MAP_score:	@1	@3	@5	@10
		0.0264	0.0558	0.0710	0.0871	
NDCG_score:	@1	@3	@5	@10
		0.0264	0.0662	0.0936	0.1328	
📄 Saved batch eval result to result/ncf_result_aug_short_54_dense.csv
✅ [Epoch 36] New best HR@10: 0.2850 – model saved to checkpoints/ncf_filtered-h-and-m_best.pt
[Epoch 37] Train BCE loss: 0.000620
num_hit:	@1	@3	@5	@10
		0.0251	0.0959	0.1644	0.2851	
MAP_score:	@1	@3	@5	@10
		0.0251	0.0547	0.0703	0.0862	
NDCG_score:	@1	@3	@5	@10
		0.0251	0.0652	0.0933	0.1322	
📄 Saved batch eval result to result/ncf_result_aug_short_54_dense.csv
✅ [Epoch 37] New best HR@10: 0.2851 – model saved to checkpoints/ncf_filtered-h-and-m_best.pt
[Epoch 38] Train BCE loss: 0.000498
num_hit:	@1	@3	@5	@10
		0.0252	0.0945	0.1648	0.2840	
MAP_score:	@1	@3	@5	@10
		0.0252	0.0541	0.0700	0.0859	
NDCG_score:	@1	@3	@5	@10
		0.0252	0.0644	0.0932	0.1317	
[Epoch 38] HR@10 = 0.2840, best = 0.2851 (epoch 37)
[Epoch 39] Train BCE loss: 0.000401
num_hit:	@1	@3	@5	@10
		0.0237	0.0939	0.1648	0.2855	
MAP_score:	@1	@3	@5	@10
		0.0237	0.0529	0.0691	0.0851	
NDCG_score:	@1	@3	@5	@10
		0.0237	0.0634	0.0925	0.1315	
📄 Saved batch eval result to result/ncf_result_aug_short_54_dense.csv
✅ [Epoch 39] New best HR@10: 0.2855 – model saved to checkpoints/ncf_filtered-h-and-m_best.pt
[Epoch 40] Train BCE loss: 0.000322
num_hit:	@1	@3	@5	@10
		0.0230	0.0935	0.1618	0.2867	
MAP_score:	@1	@3	@5	@10
		0.0230	0.0522	0.0677	0.0844	
NDCG_score:	@1	@3	@5	@10
		0.0230	0.0627	0.0908	0.1311	
📄 Saved batch eval result to result/ncf_result_aug_short_54_dense.csv
✅ [Epoch 40] New best HR@10: 0.2867 – model saved to checkpoints/ncf_filtered-h-and-m_best.pt
[Epoch 41] Train BCE loss: 0.000257
num_hit:	@1	@3	@5	@10
		0.0207	0.0927	0.1629	0.2854	
MAP_score:	@1	@3	@5	@10
		0.0207	0.0507	0.0667	0.0830	
NDCG_score:	@1	@3	@5	@10
		0.0207	0.0614	0.0903	0.1298	
[Epoch 41] HR@10 = 0.2854, best = 0.2867 (epoch 40)
[Epoch 42] Train BCE loss: 0.000207
num_hit:	@1	@3	@5	@10
		0.0208	0.0916	0.1623	0.2859	
MAP_score:	@1	@3	@5	@10
		0.0208	0.0503	0.0664	0.0829	
NDCG_score:	@1	@3	@5	@10
		0.0208	0.0608	0.0899	0.1299	
[Epoch 42] HR@10 = 0.2859, best = 0.2867 (epoch 40)
[Epoch 43] Train BCE loss: 0.000169
num_hit:	@1	@3	@5	@10
		0.0205	0.0913	0.1630	0.2870	
MAP_score:	@1	@3	@5	@10
		0.0205	0.0500	0.0662	0.0827	
NDCG_score:	@1	@3	@5	@10
		0.0205	0.0605	0.0899	0.1299	
📄 Saved batch eval result to result/ncf_result_aug_short_54_dense.csv
✅ [Epoch 43] New best HR@10: 0.2870 – model saved to checkpoints/ncf_filtered-h-and-m_best.pt
[Epoch 44] Train BCE loss: 0.000139
num_hit:	@1	@3	@5	@10
		0.0199	0.0908	0.1622	0.2863	
MAP_score:	@1	@3	@5	@10
		0.0199	0.0494	0.0656	0.0822	
NDCG_score:	@1	@3	@5	@10
		0.0199	0.0600	0.0892	0.1294	
[Epoch 44] HR@10 = 0.2863, best = 0.2870 (epoch 43)
[Epoch 45] Train BCE loss: 0.000116
num_hit:	@1	@3	@5	@10
		0.0187	0.0907	0.1628	0.2877	
MAP_score:	@1	@3	@5	@10
		0.0187	0.0483	0.0646	0.0813	
NDCG_score:	@1	@3	@5	@10
		0.0187	0.0591	0.0887	0.1290	
📄 Saved batch eval result to result/ncf_result_aug_short_54_dense.csv
✅ [Epoch 45] New best HR@10: 0.2877 – model saved to checkpoints/ncf_filtered-h-and-m_best.pt
[Epoch 46] Train BCE loss: 0.000098
num_hit:	@1	@3	@5	@10
		0.0185	0.0899	0.1618	0.2881	
MAP_score:	@1	@3	@5	@10
		0.0185	0.0479	0.0642	0.0811	
NDCG_score:	@1	@3	@5	@10
		0.0185	0.0586	0.0881	0.1290	
📄 Saved batch eval result to result/ncf_result_aug_short_54_dense.csv
✅ [Epoch 46] New best HR@10: 0.2881 – model saved to checkpoints/ncf_filtered-h-and-m_best.pt
[Epoch 47] Train BCE loss: 0.000084
num_hit:	@1	@3	@5	@10
		0.0175	0.0892	0.1624	0.2887	
MAP_score:	@1	@3	@5	@10
		0.0175	0.0470	0.0635	0.0804	
NDCG_score:	@1	@3	@5	@10
		0.0175	0.0577	0.0877	0.1286	
📄 Saved batch eval result to result/ncf_result_aug_short_54_dense.csv
✅ [Epoch 47] New best HR@10: 0.2887 – model saved to checkpoints/ncf_filtered-h-and-m_best.pt
[Epoch 48] Train BCE loss: 0.000072
num_hit:	@1	@3	@5	@10
		0.0177	0.0891	0.1628	0.2879	
MAP_score:	@1	@3	@5	@10
		0.0177	0.0468	0.0634	0.0801	
NDCG_score:	@1	@3	@5	@10
		0.0177	0.0576	0.0877	0.1282	
[Epoch 48] HR@10 = 0.2879, best = 0.2887 (epoch 47)
[Epoch 49] Train BCE loss: 0.000062
num_hit:	@1	@3	@5	@10
		0.0174	0.0879	0.1621	0.2885	
MAP_score:	@1	@3	@5	@10
		0.0174	0.0460	0.0628	0.0797	
NDCG_score:	@1	@3	@5	@10
		0.0174	0.0567	0.0871	0.1280	
[Epoch 49] HR@10 = 0.2885, best = 0.2887 (epoch 47)
[Epoch 50] Train BCE loss: 0.000054
num_hit:	@1	@3	@5	@10
		0.0169	0.0871	0.1616	0.2880	
MAP_score:	@1	@3	@5	@10
		0.0169	0.0452	0.0621	0.0790	
NDCG_score:	@1	@3	@5	@10
		0.0169	0.0559	0.0864	0.1273	
[Epoch 50] HR@10 = 0.2880, best = 0.2887 (epoch 47)
Training completed. Last model saved to checkpoints/ncf_last_filtered-h-and-m.pt
