Dataset: filtered-h-and-m, Users: 1371716, Items: 105541
Generating training data...
[Epoch 1] Train BCE loss: 0.346554
📄 Saved batch eval result to result/ncf_result_aug_56_dence_ncf_eval_ep_1.csv
num_hit:	@1	@3	@5	@10
		0.0112	0.0335	0.0608	0.1240	
MAP_score:	@1	@3	@5	@10
		0.0112	0.0203	0.0264	0.0346	
NDCG_score:	@1	@3	@5	@10
		0.0112	0.0236	0.0348	0.0550	
✅ [Epoch 1] New best HR@10: 0.1240 – model saved to checkpoints/ncf_filtered-h-and-m_best.pt
[Epoch 2] Train BCE loss: 0.181645
📄 Saved batch eval result to result/ncf_result_aug_56_dence_ncf_eval_ep_2.csv
num_hit:	@1	@3	@5	@10
		0.0120	0.0582	0.1015	0.1860	
MAP_score:	@1	@3	@5	@10
		0.0120	0.0310	0.0408	0.0518	
NDCG_score:	@1	@3	@5	@10
		0.0120	0.0379	0.0557	0.0827	
✅ [Epoch 2] New best HR@10: 0.1860 – model saved to checkpoints/ncf_filtered-h-and-m_best.pt
[Epoch 3] Train BCE loss: 0.124179
📄 Saved batch eval result to result/ncf_result_aug_56_dence_ncf_eval_ep_3.csv
num_hit:	@1	@3	@5	@10
		0.0134	0.0704	0.1304	0.2367	
MAP_score:	@1	@3	@5	@10
		0.0134	0.0367	0.0502	0.0643	
NDCG_score:	@1	@3	@5	@10
		0.0134	0.0453	0.0698	0.1040	
✅ [Epoch 3] New best HR@10: 0.2367 – model saved to checkpoints/ncf_filtered-h-and-m_best.pt
[Epoch 4] Train BCE loss: 0.109402
📄 Saved batch eval result to result/ncf_result_aug_56_dence_ncf_eval_ep_4.csv
num_hit:	@1	@3	@5	@10
		0.0134	0.0735	0.1424	0.2602	
MAP_score:	@1	@3	@5	@10
		0.0134	0.0377	0.0532	0.0686	
NDCG_score:	@1	@3	@5	@10
		0.0134	0.0468	0.0750	0.1127	
✅ [Epoch 4] New best HR@10: 0.2602 – model saved to checkpoints/ncf_filtered-h-and-m_best.pt
[Epoch 5] Train BCE loss: 0.100961
📄 Saved batch eval result to result/ncf_result_aug_56_dence_ncf_eval_ep_5.csv
num_hit:	@1	@3	@5	@10
		0.0134	0.0734	0.1395	0.2654	
MAP_score:	@1	@3	@5	@10
		0.0134	0.0379	0.0529	0.0695	
NDCG_score:	@1	@3	@5	@10
		0.0134	0.0470	0.0741	0.1146	
✅ [Epoch 5] New best HR@10: 0.2654 – model saved to checkpoints/ncf_filtered-h-and-m_best.pt
[Epoch 6] Train BCE loss: 0.095493
📄 Saved batch eval result to result/ncf_result_aug_56_dence_ncf_eval_ep_6.csv
num_hit:	@1	@3	@5	@10
		0.0144	0.0731	0.1381	0.2655	
MAP_score:	@1	@3	@5	@10
		0.0144	0.0385	0.0532	0.0700	
NDCG_score:	@1	@3	@5	@10
		0.0144	0.0473	0.0739	0.1150	
✅ [Epoch 6] New best HR@10: 0.2655 – model saved to checkpoints/ncf_filtered-h-and-m_best.pt
[Epoch 7] Train BCE loss: 0.091213
📄 Saved batch eval result to result/ncf_result_aug_56_dence_ncf_eval_ep_7.csv
num_hit:	@1	@3	@5	@10
		0.0142	0.0745	0.1381	0.2653	
MAP_score:	@1	@3	@5	@10
		0.0142	0.0392	0.0536	0.0703	
NDCG_score:	@1	@3	@5	@10
		0.0142	0.0482	0.0742	0.1151	
[Epoch 7] HR@10 = 0.2653, best = 0.2655 (epoch 6)
[Epoch 8] Train BCE loss: 0.087396
📄 Saved batch eval result to result/ncf_result_aug_56_dence_ncf_eval_ep_8.csv
num_hit:	@1	@3	@5	@10
		0.0160	0.0742	0.1376	0.2627	
MAP_score:	@1	@3	@5	@10
		0.0160	0.0402	0.0545	0.0710	
NDCG_score:	@1	@3	@5	@10
		0.0160	0.0489	0.0748	0.1150	
[Epoch 8] HR@10 = 0.2627, best = 0.2655 (epoch 6)
[Epoch 9] Train BCE loss: 0.083623
📄 Saved batch eval result to result/ncf_result_aug_56_dence_ncf_eval_ep_9.csv
num_hit:	@1	@3	@5	@10
		0.0154	0.0756	0.1375	0.2609	
MAP_score:	@1	@3	@5	@10
		0.0154	0.0405	0.0544	0.0707	
NDCG_score:	@1	@3	@5	@10
		0.0154	0.0495	0.0748	0.1145	
[Epoch 9] HR@10 = 0.2609, best = 0.2655 (epoch 6)
[Epoch 10] Train BCE loss: 0.079653
📄 Saved batch eval result to result/ncf_result_aug_56_dence_ncf_eval_ep_10.csv
num_hit:	@1	@3	@5	@10
		0.0180	0.0788	0.1393	0.2585	
MAP_score:	@1	@3	@5	@10
		0.0180	0.0432	0.0569	0.0724	
NDCG_score:	@1	@3	@5	@10
		0.0180	0.0523	0.0771	0.1153	
[Epoch 10] HR@10 = 0.2585, best = 0.2655 (epoch 6)
[Epoch 11] Train BCE loss: 0.075467
📄 Saved batch eval result to result/ncf_result_aug_56_dence_ncf_eval_ep_11.csv
num_hit:	@1	@3	@5	@10
		0.0195	0.0778	0.1411	0.2585	
MAP_score:	@1	@3	@5	@10
		0.0195	0.0436	0.0581	0.0734	
NDCG_score:	@1	@3	@5	@10
		0.0195	0.0523	0.0784	0.1160	
[Epoch 11] HR@10 = 0.2585, best = 0.2655 (epoch 6)
[Epoch 12] Train BCE loss: 0.071233
📄 Saved batch eval result to result/ncf_result_aug_56_dence_ncf_eval_ep_12.csv
num_hit:	@1	@3	@5	@10
		0.0208	0.0805	0.1419	0.2554	
MAP_score:	@1	@3	@5	@10
		0.0208	0.0455	0.0595	0.0743	
NDCG_score:	@1	@3	@5	@10
		0.0208	0.0544	0.0796	0.1160	
[Epoch 12] HR@10 = 0.2554, best = 0.2655 (epoch 6)
[Epoch 13] Train BCE loss: 0.066654
📄 Saved batch eval result to result/ncf_result_aug_56_dence_ncf_eval_ep_13.csv
num_hit:	@1	@3	@5	@10
		0.0232	0.0827	0.1425	0.2564	
MAP_score:	@1	@3	@5	@10
		0.0232	0.0478	0.0614	0.0763	
NDCG_score:	@1	@3	@5	@10
		0.0232	0.0567	0.0812	0.1178	
[Epoch 13] HR@10 = 0.2564, best = 0.2655 (epoch 6)
[Epoch 14] Train BCE loss: 0.062025
📄 Saved batch eval result to result/ncf_result_aug_56_dence_ncf_eval_ep_14.csv
num_hit:	@1	@3	@5	@10
		0.0240	0.0812	0.1452	0.2554	
MAP_score:	@1	@3	@5	@10
		0.0240	0.0478	0.0624	0.0770	
NDCG_score:	@1	@3	@5	@10
		0.0240	0.0563	0.0827	0.1182	
[Epoch 14] HR@10 = 0.2554, best = 0.2655 (epoch 6)
[Epoch 15] Train BCE loss: 0.057322
📄 Saved batch eval result to result/ncf_result_aug_56_dence_ncf_eval_ep_15.csv
num_hit:	@1	@3	@5	@10
		0.0249	0.0871	0.1468	0.2565	
MAP_score:	@1	@3	@5	@10
		0.0249	0.0508	0.0644	0.0787	
NDCG_score:	@1	@3	@5	@10
		0.0249	0.0600	0.0846	0.1197	
[Epoch 15] HR@10 = 0.2565, best = 0.2655 (epoch 6)
[Epoch 16] Train BCE loss: 0.052545
📄 Saved batch eval result to result/ncf_result_aug_56_dence_ncf_eval_ep_16.csv
num_hit:	@1	@3	@5	@10
		0.0256	0.0892	0.1479	0.2585	
MAP_score:	@1	@3	@5	@10
		0.0256	0.0521	0.0654	0.0800	
NDCG_score:	@1	@3	@5	@10
		0.0256	0.0615	0.0857	0.1213	
[Epoch 16] HR@10 = 0.2585, best = 0.2655 (epoch 6)
[Epoch 17] Train BCE loss: 0.047649
📄 Saved batch eval result to result/ncf_result_aug_56_dence_ncf_eval_ep_17.csv
num_hit:	@1	@3	@5	@10
		0.0262	0.0896	0.1502	0.2615	
MAP_score:	@1	@3	@5	@10
		0.0262	0.0525	0.0662	0.0808	
NDCG_score:	@1	@3	@5	@10
		0.0262	0.0620	0.0868	0.1226	
[Epoch 17] HR@10 = 0.2615, best = 0.2655 (epoch 6)
[Epoch 18] Train BCE loss: 0.042780
📄 Saved batch eval result to result/ncf_result_aug_56_dence_ncf_eval_ep_18.csv
num_hit:	@1	@3	@5	@10
		0.0256	0.0914	0.1542	0.2629	
MAP_score:	@1	@3	@5	@10
		0.0256	0.0532	0.0674	0.0818	
NDCG_score:	@1	@3	@5	@10
		0.0256	0.0630	0.0887	0.1237	
[Epoch 18] HR@10 = 0.2629, best = 0.2655 (epoch 6)
[Epoch 19] Train BCE loss: 0.037883
📄 Saved batch eval result to result/ncf_result_aug_56_dence_ncf_eval_ep_19.csv
num_hit:	@1	@3	@5	@10
		0.0284	0.0962	0.1561	0.2667	
MAP_score:	@1	@3	@5	@10
		0.0284	0.0563	0.0699	0.0844	
NDCG_score:	@1	@3	@5	@10
		0.0284	0.0665	0.0910	0.1266	
✅ [Epoch 19] New best HR@10: 0.2667 – model saved to checkpoints/ncf_filtered-h-and-m_best.pt
[Epoch 20] Train BCE loss: 0.033204
📄 Saved batch eval result to result/ncf_result_aug_56_dence_ncf_eval_ep_20.csv
num_hit:	@1	@3	@5	@10
		0.0268	0.0962	0.1585	0.2680	
MAP_score:	@1	@3	@5	@10
		0.0268	0.0557	0.0698	0.0843	
NDCG_score:	@1	@3	@5	@10
		0.0268	0.0660	0.0915	0.1268	
✅ [Epoch 20] New best HR@10: 0.2680 – model saved to checkpoints/ncf_filtered-h-and-m_best.pt
[Epoch 21] Train BCE loss: 0.028542
📄 Saved batch eval result to result/ncf_result_aug_56_dence_ncf_eval_ep_21.csv
num_hit:	@1	@3	@5	@10
		0.0296	0.0953	0.1589	0.2709	
MAP_score:	@1	@3	@5	@10
		0.0296	0.0571	0.0715	0.0864	
NDCG_score:	@1	@3	@5	@10
		0.0296	0.0668	0.0929	0.1291	
✅ [Epoch 21] New best HR@10: 0.2709 – model saved to checkpoints/ncf_filtered-h-and-m_best.pt
[Epoch 22] Train BCE loss: 0.024259
📄 Saved batch eval result to result/ncf_result_aug_56_dence_ncf_eval_ep_22.csv
num_hit:	@1	@3	@5	@10
		0.0279	0.0974	0.1618	0.2732	
MAP_score:	@1	@3	@5	@10
		0.0279	0.0566	0.0712	0.0860	
NDCG_score:	@1	@3	@5	@10
		0.0279	0.0670	0.0934	0.1294	
✅ [Epoch 22] New best HR@10: 0.2732 – model saved to checkpoints/ncf_filtered-h-and-m_best.pt
[Epoch 23] Train BCE loss: 0.020230
📄 Saved batch eval result to result/ncf_result_aug_56_dence_ncf_eval_ep_23.csv
num_hit:	@1	@3	@5	@10
		0.0308	0.1004	0.1649	0.2711	
MAP_score:	@1	@3	@5	@10
		0.0308	0.0595	0.0742	0.0883	
NDCG_score:	@1	@3	@5	@10
		0.0308	0.0699	0.0965	0.1307	
[Epoch 23] HR@10 = 0.2711, best = 0.2732 (epoch 22)
[Epoch 24] Train BCE loss: 0.016669
📄 Saved batch eval result to result/ncf_result_aug_56_dence_ncf_eval_ep_24.csv
num_hit:	@1	@3	@5	@10
		0.0308	0.1015	0.1675	0.2760	
MAP_score:	@1	@3	@5	@10
		0.0308	0.0602	0.0752	0.0895	
NDCG_score:	@1	@3	@5	@10
		0.0308	0.0708	0.0978	0.1328	
✅ [Epoch 24] New best HR@10: 0.2760 – model saved to checkpoints/ncf_filtered-h-and-m_best.pt
[Epoch 25] Train BCE loss: 0.013473
📄 Saved batch eval result to result/ncf_result_aug_56_dence_ncf_eval_ep_25.csv
num_hit:	@1	@3	@5	@10
		0.0306	0.1020	0.1668	0.2768	
MAP_score:	@1	@3	@5	@10
		0.0306	0.0604	0.0751	0.0897	
NDCG_score:	@1	@3	@5	@10
		0.0306	0.0710	0.0976	0.1331	
✅ [Epoch 25] New best HR@10: 0.2768 – model saved to checkpoints/ncf_filtered-h-and-m_best.pt
[Epoch 26] Train BCE loss: 0.010767
📄 Saved batch eval result to result/ncf_result_aug_56_dence_ncf_eval_ep_26.csv
num_hit:	@1	@3	@5	@10
		0.0300	0.1035	0.1674	0.2787	
MAP_score:	@1	@3	@5	@10
		0.0300	0.0604	0.0748	0.0896	
NDCG_score:	@1	@3	@5	@10
		0.0300	0.0714	0.0976	0.1335	
✅ [Epoch 26] New best HR@10: 0.2787 – model saved to checkpoints/ncf_filtered-h-and-m_best.pt
[Epoch 27] Train BCE loss: 0.008457
📄 Saved batch eval result to result/ncf_result_aug_56_dence_ncf_eval_ep_27.csv
num_hit:	@1	@3	@5	@10
		0.0299	0.1025	0.1678	0.2794	
MAP_score:	@1	@3	@5	@10
		0.0299	0.0597	0.0746	0.0896	
NDCG_score:	@1	@3	@5	@10
		0.0299	0.0706	0.0975	0.1337	
✅ [Epoch 27] New best HR@10: 0.2794 – model saved to checkpoints/ncf_filtered-h-and-m_best.pt
[Epoch 28] Train BCE loss: 0.006586
📄 Saved batch eval result to result/ncf_result_aug_56_dence_ncf_eval_ep_28.csv
num_hit:	@1	@3	@5	@10
		0.0300	0.1034	0.1693	0.2811	
MAP_score:	@1	@3	@5	@10
		0.0300	0.0605	0.0755	0.0904	
NDCG_score:	@1	@3	@5	@10
		0.0300	0.0715	0.0985	0.1347	
✅ [Epoch 28] New best HR@10: 0.2811 – model saved to checkpoints/ncf_filtered-h-and-m_best.pt
[Epoch 29] Train BCE loss: 0.005090
📄 Saved batch eval result to result/ncf_result_aug_56_dence_ncf_eval_ep_29.csv
num_hit:	@1	@3	@5	@10
		0.0301	0.1042	0.1705	0.2808	
MAP_score:	@1	@3	@5	@10
		0.0301	0.0608	0.0758	0.0905	
NDCG_score:	@1	@3	@5	@10
		0.0301	0.0718	0.0990	0.1347	
[Epoch 29] HR@10 = 0.2808, best = 0.2811 (epoch 28)
[Epoch 30] Train BCE loss: 0.003950
📄 Saved batch eval result to result/ncf_result_aug_56_dence_ncf_eval_ep_30.csv
num_hit:	@1	@3	@5	@10
		0.0300	0.1064	0.1724	0.2815	
MAP_score:	@1	@3	@5	@10
		0.0300	0.0615	0.0765	0.0912	
NDCG_score:	@1	@3	@5	@10
		0.0300	0.0730	0.1000	0.1354	
✅ [Epoch 30] New best HR@10: 0.2815 – model saved to checkpoints/ncf_filtered-h-and-m_best.pt
[Epoch 31] Train BCE loss: 0.003034
📄 Saved batch eval result to result/ncf_result_aug_56_dence_ncf_eval_ep_31.csv
num_hit:	@1	@3	@5	@10
		0.0287	0.1045	0.1720	0.2822	
MAP_score:	@1	@3	@5	@10
		0.0287	0.0599	0.0752	0.0900	
NDCG_score:	@1	@3	@5	@10
		0.0287	0.0713	0.0989	0.1347	
✅ [Epoch 31] New best HR@10: 0.2822 – model saved to checkpoints/ncf_filtered-h-and-m_best.pt
[Epoch 32] Train BCE loss: 0.002320
📄 Saved batch eval result to result/ncf_result_aug_56_dence_ncf_eval_ep_32.csv
num_hit:	@1	@3	@5	@10
		0.0293	0.1060	0.1704	0.2829	
MAP_score:	@1	@3	@5	@10
		0.0293	0.0605	0.0751	0.0903	
NDCG_score:	@1	@3	@5	@10
		0.0293	0.0721	0.0985	0.1351	
✅ [Epoch 32] New best HR@10: 0.2829 – model saved to checkpoints/ncf_filtered-h-and-m_best.pt
[Epoch 33] Train BCE loss: 0.001783
📄 Saved batch eval result to result/ncf_result_aug_56_dence_ncf_eval_ep_33.csv
num_hit:	@1	@3	@5	@10
		0.0274	0.1035	0.1716	0.2825	
MAP_score:	@1	@3	@5	@10
		0.0274	0.0587	0.0741	0.0890	
NDCG_score:	@1	@3	@5	@10
		0.0274	0.0701	0.0981	0.1340	
[Epoch 33] HR@10 = 0.2825, best = 0.2829 (epoch 32)
[Epoch 34] Train BCE loss: 0.001362
📄 Saved batch eval result to result/ncf_result_aug_56_dence_ncf_eval_ep_34.csv
num_hit:	@1	@3	@5	@10
		0.0262	0.1047	0.1698	0.2852	
MAP_score:	@1	@3	@5	@10
		0.0262	0.0584	0.0731	0.0887	
NDCG_score:	@1	@3	@5	@10
		0.0262	0.0702	0.0968	0.1344	
✅ [Epoch 34] New best HR@10: 0.2852 – model saved to checkpoints/ncf_filtered-h-and-m_best.pt
[Epoch 35] Train BCE loss: 0.001053
📄 Saved batch eval result to result/ncf_result_aug_56_dence_ncf_eval_ep_35.csv
num_hit:	@1	@3	@5	@10
		0.0251	0.1041	0.1689	0.2832	
MAP_score:	@1	@3	@5	@10
		0.0251	0.0576	0.0723	0.0878	
NDCG_score:	@1	@3	@5	@10
		0.0251	0.0695	0.0961	0.1332	
[Epoch 35] HR@10 = 0.2832, best = 0.2852 (epoch 34)
[Epoch 36] Train BCE loss: 0.000822
📄 Saved batch eval result to result/ncf_result_aug_56_dence_ncf_eval_ep_36.csv
num_hit:	@1	@3	@5	@10
		0.0256	0.1038	0.1692	0.2845	
MAP_score:	@1	@3	@5	@10
		0.0256	0.0578	0.0726	0.0881	
NDCG_score:	@1	@3	@5	@10
		0.0256	0.0695	0.0963	0.1337	
[Epoch 36] HR@10 = 0.2845, best = 0.2852 (epoch 34)
[Epoch 37] Train BCE loss: 0.000641
📄 Saved batch eval result to result/ncf_result_aug_56_dence_ncf_eval_ep_37.csv
num_hit:	@1	@3	@5	@10
		0.0240	0.1028	0.1702	0.2822	
MAP_score:	@1	@3	@5	@10
		0.0240	0.0563	0.0716	0.0868	
NDCG_score:	@1	@3	@5	@10
		0.0240	0.0681	0.0958	0.1323	
[Epoch 37] HR@10 = 0.2822, best = 0.2852 (epoch 34)
[Epoch 38] Train BCE loss: 0.000510
📄 Saved batch eval result to result/ncf_result_aug_56_dence_ncf_eval_ep_38.csv
num_hit:	@1	@3	@5	@10
		0.0219	0.1025	0.1704	0.2848	
MAP_score:	@1	@3	@5	@10
		0.0219	0.0548	0.0702	0.0857	
NDCG_score:	@1	@3	@5	@10
		0.0219	0.0670	0.0948	0.1320	
[Epoch 38] HR@10 = 0.2848, best = 0.2852 (epoch 34)
[Epoch 39] Train BCE loss: 0.000427
📄 Saved batch eval result to result/ncf_result_aug_56_dence_ncf_eval_ep_39.csv
num_hit:	@1	@3	@5	@10
		0.0213	0.1007	0.1702	0.2834	
MAP_score:	@1	@3	@5	@10
		0.0213	0.0538	0.0695	0.0849	
NDCG_score:	@1	@3	@5	@10
		0.0213	0.0658	0.0942	0.1311	
[Epoch 39] HR@10 = 0.2834, best = 0.2852 (epoch 34)
[Epoch 40] Train BCE loss: 0.000352
📄 Saved batch eval result to result/ncf_result_aug_56_dence_ncf_eval_ep_40.csv
num_hit:	@1	@3	@5	@10
		0.0216	0.1000	0.1704	0.2854	
MAP_score:	@1	@3	@5	@10
		0.0216	0.0538	0.0698	0.0853	
NDCG_score:	@1	@3	@5	@10
		0.0216	0.0656	0.0944	0.1319	
✅ [Epoch 40] New best HR@10: 0.2854 – model saved to checkpoints/ncf_filtered-h-and-m_best.pt
[Epoch 41] Train BCE loss: 0.000296
📄 Saved batch eval result to result/ncf_result_aug_56_dence_ncf_eval_ep_41.csv
num_hit:	@1	@3	@5	@10
		0.0201	0.0998	0.1708	0.2851	
MAP_score:	@1	@3	@5	@10
		0.0201	0.0529	0.0689	0.0843	
NDCG_score:	@1	@3	@5	@10
		0.0201	0.0648	0.0939	0.1310	
[Epoch 41] HR@10 = 0.2851, best = 0.2854 (epoch 40)
[Epoch 42] Train BCE loss: 0.000263
📄 Saved batch eval result to result/ncf_result_aug_56_dence_ncf_eval_ep_42.csv
num_hit:	@1	@3	@5	@10
		0.0202	0.0966	0.1700	0.2833	
MAP_score:	@1	@3	@5	@10
		0.0202	0.0516	0.0683	0.0836	
NDCG_score:	@1	@3	@5	@10
		0.0202	0.0631	0.0932	0.1301	
[Epoch 42] HR@10 = 0.2833, best = 0.2854 (epoch 40)
[Epoch 43] Train BCE loss: 0.000263
📄 Saved batch eval result to result/ncf_result_aug_56_dence_ncf_eval_ep_43.csv
num_hit:	@1	@3	@5	@10
		0.0199	0.0956	0.1713	0.2848	
MAP_score:	@1	@3	@5	@10
		0.0199	0.0510	0.0682	0.0835	
NDCG_score:	@1	@3	@5	@10
		0.0199	0.0624	0.0934	0.1303	
[Epoch 43] HR@10 = 0.2848, best = 0.2854 (epoch 40)
[Epoch 44] Train BCE loss: 0.000747
📄 Saved batch eval result to result/ncf_result_aug_56_dence_ncf_eval_ep_44.csv
num_hit:	@1	@3	@5	@10
		0.0193	0.0980	0.1708	0.2802	
MAP_score:	@1	@3	@5	@10
		0.0193	0.0516	0.0680	0.0825	
NDCG_score:	@1	@3	@5	@10
		0.0193	0.0634	0.0932	0.1285	
[Epoch 44] HR@10 = 0.2802, best = 0.2854 (epoch 40)
[Epoch 45] Train BCE loss: 0.000678
📄 Saved batch eval result to result/ncf_result_aug_56_dence_ncf_eval_ep_45.csv
num_hit:	@1	@3	@5	@10
		0.0180	0.0956	0.1733	0.2835	
MAP_score:	@1	@3	@5	@10
		0.0180	0.0497	0.0673	0.0822	
NDCG_score:	@1	@3	@5	@10
		0.0180	0.0614	0.0933	0.1291	
[Epoch 45] HR@10 = 0.2835, best = 0.2854 (epoch 40)
[Epoch 46] Train BCE loss: 0.000227
📄 Saved batch eval result to result/ncf_result_aug_56_dence_ncf_eval_ep_46.csv
num_hit:	@1	@3	@5	@10
		0.0181	0.0964	0.1740	0.2847	
MAP_score:	@1	@3	@5	@10
		0.0181	0.0499	0.0674	0.0823	
NDCG_score:	@1	@3	@5	@10
		0.0181	0.0617	0.0935	0.1295	
[Epoch 46] HR@10 = 0.2847, best = 0.2854 (epoch 40)
[Epoch 47] Train BCE loss: 0.000185
📄 Saved batch eval result to result/ncf_result_aug_56_dence_ncf_eval_ep_47.csv
num_hit:	@1	@3	@5	@10
		0.0168	0.0960	0.1731	0.2848	
MAP_score:	@1	@3	@5	@10
		0.0168	0.0491	0.0665	0.0816	
NDCG_score:	@1	@3	@5	@10
		0.0168	0.0610	0.0926	0.1289	
[Epoch 47] HR@10 = 0.2848, best = 0.2854 (epoch 40)
[Epoch 48] Train BCE loss: 0.000177
📄 Saved batch eval result to result/ncf_result_aug_56_dence_ncf_eval_ep_48.csv
num_hit:	@1	@3	@5	@10
		0.0167	0.0942	0.1721	0.2846	
MAP_score:	@1	@3	@5	@10
		0.0167	0.0483	0.0660	0.0812	
NDCG_score:	@1	@3	@5	@10
		0.0167	0.0600	0.0920	0.1285	
[Epoch 48] HR@10 = 0.2846, best = 0.2854 (epoch 40)
[Epoch 49] Train BCE loss: 0.000172
📄 Saved batch eval result to result/ncf_result_aug_56_dence_ncf_eval_ep_49.csv
num_hit:	@1	@3	@5	@10
		0.0160	0.0944	0.1731	0.2849	
MAP_score:	@1	@3	@5	@10
		0.0160	0.0480	0.0658	0.0808	
NDCG_score:	@1	@3	@5	@10
		0.0160	0.0598	0.0920	0.1284	
[Epoch 49] HR@10 = 0.2849, best = 0.2854 (epoch 40)
[Epoch 50] Train BCE loss: 0.000168
📄 Saved batch eval result to result/ncf_result_aug_56_dence_ncf_eval_ep_50.csv
num_hit:	@1	@3	@5	@10
		0.0155	0.0929	0.1727	0.2855	
MAP_score:	@1	@3	@5	@10
		0.0155	0.0472	0.0653	0.0805	
NDCG_score:	@1	@3	@5	@10
		0.0155	0.0589	0.0916	0.1282	
✅ [Epoch 50] New best HR@10: 0.2855 – model saved to checkpoints/ncf_filtered-h-and-m_best.pt
Training completed. Last model saved to checkpoints/ncf_last_filtered-h-and-m.pt
