Dataset: filtered-h-and-m, Users: 1371716, Items: 105522
Generating training data...
[Epoch 1] Train BCE loss: 0.427290
num_hit:	@1	@3	@5	@10
		0.0132	0.0371	0.0615	0.1182	
MAP_score:	@1	@3	@5	@10
		0.0132	0.0230	0.0285	0.0360	
NDCG_score:	@1	@3	@5	@10
		0.0132	0.0266	0.0366	0.0548	
📄 Saved batch eval result to result/ncf_result_aug_short_56_hybrid.csv
✅ [Epoch 1] New best HR@10: 0.1182 – model saved to checkpoints/ncf_filtered-h-and-m_best.pt
[Epoch 2] Train BCE loss: 0.260099
num_hit:	@1	@3	@5	@10
		0.0182	0.0518	0.0827	0.1469	
MAP_score:	@1	@3	@5	@10
		0.0182	0.0322	0.0391	0.0475	
NDCG_score:	@1	@3	@5	@10
		0.0182	0.0372	0.0498	0.0704	
📄 Saved batch eval result to result/ncf_result_aug_short_56_hybrid.csv
✅ [Epoch 2] New best HR@10: 0.1469 – model saved to checkpoints/ncf_filtered-h-and-m_best.pt
[Epoch 3] Train BCE loss: 0.213822
num_hit:	@1	@3	@5	@10
		0.0304	0.0794	0.1180	0.1993	
MAP_score:	@1	@3	@5	@10
		0.0304	0.0510	0.0598	0.0705	
NDCG_score:	@1	@3	@5	@10
		0.0304	0.0583	0.0741	0.1003	
📄 Saved batch eval result to result/ncf_result_aug_short_56_hybrid.csv
✅ [Epoch 3] New best HR@10: 0.1993 – model saved to checkpoints/ncf_filtered-h-and-m_best.pt
[Epoch 4] Train BCE loss: 0.179465
num_hit:	@1	@3	@5	@10
		0.0368	0.1000	0.1520	0.2351	
MAP_score:	@1	@3	@5	@10
		0.0368	0.0636	0.0755	0.0865	
NDCG_score:	@1	@3	@5	@10
		0.0368	0.0729	0.0943	0.1211	
📄 Saved batch eval result to result/ncf_result_aug_short_56_hybrid.csv
✅ [Epoch 4] New best HR@10: 0.2351 – model saved to checkpoints/ncf_filtered-h-and-m_best.pt
[Epoch 5] Train BCE loss: 0.158497
num_hit:	@1	@3	@5	@10
		0.0384	0.1127	0.1674	0.2594	
MAP_score:	@1	@3	@5	@10
		0.0384	0.0696	0.0820	0.0941	
NDCG_score:	@1	@3	@5	@10
		0.0384	0.0806	0.1030	0.1326	
📄 Saved batch eval result to result/ncf_result_aug_short_56_hybrid.csv
✅ [Epoch 5] New best HR@10: 0.2594 – model saved to checkpoints/ncf_filtered-h-and-m_best.pt
[Epoch 6] Train BCE loss: 0.143342
num_hit:	@1	@3	@5	@10
		0.0386	0.1176	0.1744	0.2772	
MAP_score:	@1	@3	@5	@10
		0.0386	0.0718	0.0847	0.0983	
NDCG_score:	@1	@3	@5	@10
		0.0386	0.0835	0.1068	0.1399	
📄 Saved batch eval result to result/ncf_result_aug_short_56_hybrid.csv
✅ [Epoch 6] New best HR@10: 0.2772 – model saved to checkpoints/ncf_filtered-h-and-m_best.pt
[Epoch 7] Train BCE loss: 0.132028
num_hit:	@1	@3	@5	@10
		0.0378	0.1215	0.1764	0.2864	
MAP_score:	@1	@3	@5	@10
		0.0378	0.0733	0.0858	0.1003	
NDCG_score:	@1	@3	@5	@10
		0.0378	0.0856	0.1082	0.1436	
📄 Saved batch eval result to result/ncf_result_aug_short_56_hybrid.csv
✅ [Epoch 7] New best HR@10: 0.2864 – model saved to checkpoints/ncf_filtered-h-and-m_best.pt
[Epoch 8] Train BCE loss: 0.123038
num_hit:	@1	@3	@5	@10
		0.0373	0.1193	0.1773	0.2894	
MAP_score:	@1	@3	@5	@10
		0.0373	0.0720	0.0853	0.1001	
NDCG_score:	@1	@3	@5	@10
		0.0373	0.0841	0.1080	0.1442	
📄 Saved batch eval result to result/ncf_result_aug_short_56_hybrid.csv
✅ [Epoch 8] New best HR@10: 0.2894 – model saved to checkpoints/ncf_filtered-h-and-m_best.pt
[Epoch 9] Train BCE loss: 0.115246
num_hit:	@1	@3	@5	@10
		0.0382	0.1209	0.1787	0.2896	
MAP_score:	@1	@3	@5	@10
		0.0382	0.0727	0.0858	0.1004	
NDCG_score:	@1	@3	@5	@10
		0.0382	0.0850	0.1087	0.1444	
📄 Saved batch eval result to result/ncf_result_aug_short_56_hybrid.csv
✅ [Epoch 9] New best HR@10: 0.2896 – model saved to checkpoints/ncf_filtered-h-and-m_best.pt
[Epoch 10] Train BCE loss: 0.108121
num_hit:	@1	@3	@5	@10
		0.0365	0.1158	0.1741	0.2871	
MAP_score:	@1	@3	@5	@10
		0.0365	0.0698	0.0829	0.0978	
NDCG_score:	@1	@3	@5	@10
		0.0365	0.0815	0.1054	0.1417	
[Epoch 10] HR@10 = 0.2871, best = 0.2896 (epoch 9)
[Epoch 11] Train BCE loss: 0.101430
num_hit:	@1	@3	@5	@10
		0.0374	0.1173	0.1749	0.2900	
MAP_score:	@1	@3	@5	@10
		0.0374	0.0712	0.0841	0.0991	
NDCG_score:	@1	@3	@5	@10
		0.0374	0.0829	0.1065	0.1434	
📄 Saved batch eval result to result/ncf_result_aug_short_56_hybrid.csv
✅ [Epoch 11] New best HR@10: 0.2900 – model saved to checkpoints/ncf_filtered-h-and-m_best.pt
[Epoch 12] Train BCE loss: 0.094590
num_hit:	@1	@3	@5	@10
		0.0369	0.1152	0.1685	0.2814	
MAP_score:	@1	@3	@5	@10
		0.0369	0.0700	0.0820	0.0968	
NDCG_score:	@1	@3	@5	@10
		0.0369	0.0815	0.1034	0.1396	
[Epoch 12] HR@10 = 0.2814, best = 0.2900 (epoch 11)
[Epoch 13] Train BCE loss: 0.087744
num_hit:	@1	@3	@5	@10
		0.0365	0.1100	0.1692	0.2796	
MAP_score:	@1	@3	@5	@10
		0.0365	0.0673	0.0808	0.0952	
NDCG_score:	@1	@3	@5	@10
		0.0365	0.0782	0.1025	0.1379	
[Epoch 13] HR@10 = 0.2796, best = 0.2900 (epoch 11)
[Epoch 14] Train BCE loss: 0.080530
num_hit:	@1	@3	@5	@10
		0.0356	0.1119	0.1647	0.2766	
MAP_score:	@1	@3	@5	@10
		0.0356	0.0675	0.0794	0.0941	
NDCG_score:	@1	@3	@5	@10
		0.0356	0.0789	0.1005	0.1364	
[Epoch 14] HR@10 = 0.2766, best = 0.2900 (epoch 11)
[Epoch 15] Train BCE loss: 0.073391
num_hit:	@1	@3	@5	@10
		0.0361	0.1107	0.1645	0.2726	
MAP_score:	@1	@3	@5	@10
		0.0361	0.0674	0.0796	0.0936	
NDCG_score:	@1	@3	@5	@10
		0.0361	0.0785	0.1005	0.1351	
[Epoch 15] HR@10 = 0.2726, best = 0.2900 (epoch 11)
[Epoch 16] Train BCE loss: 0.066108
num_hit:	@1	@3	@5	@10
		0.0385	0.1087	0.1635	0.2764	
MAP_score:	@1	@3	@5	@10
		0.0385	0.0679	0.0801	0.0949	
NDCG_score:	@1	@3	@5	@10
		0.0385	0.0783	0.1006	0.1369	
[Epoch 16] HR@10 = 0.2764, best = 0.2900 (epoch 11)
[Epoch 17] Train BCE loss: 0.058815
num_hit:	@1	@3	@5	@10
		0.0385	0.1042	0.1620	0.2781	
MAP_score:	@1	@3	@5	@10
		0.0385	0.0660	0.0790	0.0942	
NDCG_score:	@1	@3	@5	@10
		0.0385	0.0757	0.0994	0.1366	
[Epoch 17] HR@10 = 0.2781, best = 0.2900 (epoch 11)
[Epoch 18] Train BCE loss: 0.051703
num_hit:	@1	@3	@5	@10
		0.0356	0.1068	0.1607	0.2759	
MAP_score:	@1	@3	@5	@10
		0.0356	0.0654	0.0776	0.0927	
NDCG_score:	@1	@3	@5	@10
		0.0356	0.0760	0.0981	0.1350	
[Epoch 18] HR@10 = 0.2759, best = 0.2900 (epoch 11)
[Epoch 19] Train BCE loss: 0.044643
num_hit:	@1	@3	@5	@10
		0.0354	0.1065	0.1626	0.2760	
MAP_score:	@1	@3	@5	@10
		0.0354	0.0651	0.0777	0.0927	
NDCG_score:	@1	@3	@5	@10
		0.0354	0.0757	0.0985	0.1351	
[Epoch 19] HR@10 = 0.2760, best = 0.2900 (epoch 11)
[Epoch 20] Train BCE loss: 0.037852
num_hit:	@1	@3	@5	@10
		0.0358	0.1059	0.1652	0.2806	
MAP_score:	@1	@3	@5	@10
		0.0358	0.0649	0.0783	0.0934	
NDCG_score:	@1	@3	@5	@10
		0.0358	0.0754	0.0997	0.1366	
[Epoch 20] HR@10 = 0.2806, best = 0.2900 (epoch 11)
[Epoch 21] Train BCE loss: 0.031561
num_hit:	@1	@3	@5	@10
		0.0360	0.1046	0.1606	0.2809	
MAP_score:	@1	@3	@5	@10
		0.0360	0.0647	0.0773	0.0931	
NDCG_score:	@1	@3	@5	@10
		0.0360	0.0749	0.0978	0.1364	
[Epoch 21] HR@10 = 0.2809, best = 0.2900 (epoch 11)
[Epoch 22] Train BCE loss: 0.025797
num_hit:	@1	@3	@5	@10
		0.0348	0.1036	0.1616	0.2778	
MAP_score:	@1	@3	@5	@10
		0.0348	0.0633	0.0764	0.0918	
NDCG_score:	@1	@3	@5	@10
		0.0348	0.0736	0.0973	0.1348	
[Epoch 22] HR@10 = 0.2778, best = 0.2900 (epoch 11)
[Epoch 23] Train BCE loss: 0.020693
num_hit:	@1	@3	@5	@10
		0.0349	0.1048	0.1640	0.2796	
MAP_score:	@1	@3	@5	@10
		0.0349	0.0639	0.0773	0.0925	
NDCG_score:	@1	@3	@5	@10
		0.0349	0.0743	0.0986	0.1357	
[Epoch 23] HR@10 = 0.2796, best = 0.2900 (epoch 11)
[Epoch 24] Train BCE loss: 0.016373
num_hit:	@1	@3	@5	@10
		0.0338	0.1031	0.1626	0.2805	
MAP_score:	@1	@3	@5	@10
		0.0338	0.0630	0.0764	0.0919	
NDCG_score:	@1	@3	@5	@10
		0.0338	0.0732	0.0976	0.1355	
[Epoch 24] HR@10 = 0.2805, best = 0.2900 (epoch 11)
[Epoch 25] Train BCE loss: 0.012722
num_hit:	@1	@3	@5	@10
		0.0352	0.1033	0.1620	0.2859	
MAP_score:	@1	@3	@5	@10
		0.0352	0.0635	0.0768	0.0931	
NDCG_score:	@1	@3	@5	@10
		0.0352	0.0736	0.0977	0.1375	
[Epoch 25] HR@10 = 0.2859, best = 0.2900 (epoch 11)
[Epoch 26] Train BCE loss: 0.009905
num_hit:	@1	@3	@5	@10
		0.0340	0.1027	0.1638	0.2847	
MAP_score:	@1	@3	@5	@10
		0.0340	0.0628	0.0766	0.0926	
NDCG_score:	@1	@3	@5	@10
		0.0340	0.0730	0.0980	0.1369	
[Epoch 26] HR@10 = 0.2847, best = 0.2900 (epoch 11)
[Epoch 27] Train BCE loss: 0.007557
num_hit:	@1	@3	@5	@10
		0.0338	0.1027	0.1636	0.2847	
MAP_score:	@1	@3	@5	@10
		0.0338	0.0624	0.0761	0.0921	
NDCG_score:	@1	@3	@5	@10
		0.0338	0.0726	0.0976	0.1366	
[Epoch 27] HR@10 = 0.2847, best = 0.2900 (epoch 11)
[Epoch 28] Train BCE loss: 0.005787
num_hit:	@1	@3	@5	@10
		0.0333	0.1044	0.1652	0.2866	
MAP_score:	@1	@3	@5	@10
		0.0333	0.0629	0.0766	0.0927	
NDCG_score:	@1	@3	@5	@10
		0.0333	0.0735	0.0983	0.1375	
[Epoch 28] HR@10 = 0.2866, best = 0.2900 (epoch 11)
[Epoch 29] Train BCE loss: 0.004451
num_hit:	@1	@3	@5	@10
		0.0335	0.1015	0.1641	0.2845	
MAP_score:	@1	@3	@5	@10
		0.0335	0.0620	0.0761	0.0920	
NDCG_score:	@1	@3	@5	@10
		0.0335	0.0721	0.0977	0.1365	
[Epoch 29] HR@10 = 0.2845, best = 0.2900 (epoch 11)
[Epoch 30] Train BCE loss: 0.003456
num_hit:	@1	@3	@5	@10
		0.0320	0.1028	0.1651	0.2889	
MAP_score:	@1	@3	@5	@10
		0.0320	0.0617	0.0759	0.0923	
NDCG_score:	@1	@3	@5	@10
		0.0320	0.0722	0.0978	0.1377	
[Epoch 30] HR@10 = 0.2889, best = 0.2900 (epoch 11)
[Epoch 31] Train BCE loss: 0.002722
num_hit:	@1	@3	@5	@10
		0.0327	0.1018	0.1641	0.2878	
MAP_score:	@1	@3	@5	@10
		0.0327	0.0619	0.0760	0.0925	
NDCG_score:	@1	@3	@5	@10
		0.0327	0.0721	0.0976	0.1376	
[Epoch 31] HR@10 = 0.2878, best = 0.2900 (epoch 11)
[Epoch 32] Train BCE loss: 0.002155
num_hit:	@1	@3	@5	@10
		0.0319	0.1039	0.1664	0.2887	
MAP_score:	@1	@3	@5	@10
		0.0319	0.0619	0.0760	0.0923	
NDCG_score:	@1	@3	@5	@10
		0.0319	0.0726	0.0982	0.1377	
[Epoch 32] HR@10 = 0.2887, best = 0.2900 (epoch 11)
[Epoch 33] Train BCE loss: 0.001763
num_hit:	@1	@3	@5	@10
		0.0305	0.1029	0.1671	0.2901	
MAP_score:	@1	@3	@5	@10
		0.0305	0.0604	0.0749	0.0912	
NDCG_score:	@1	@3	@5	@10
		0.0305	0.0712	0.0975	0.1371	
📄 Saved batch eval result to result/ncf_result_aug_short_56_hybrid.csv
✅ [Epoch 33] New best HR@10: 0.2901 – model saved to checkpoints/ncf_filtered-h-and-m_best.pt
[Epoch 34] Train BCE loss: 0.001455
num_hit:	@1	@3	@5	@10
		0.0311	0.1027	0.1672	0.2885	
MAP_score:	@1	@3	@5	@10
		0.0311	0.0608	0.0754	0.0915	
NDCG_score:	@1	@3	@5	@10
		0.0311	0.0715	0.0979	0.1370	
[Epoch 34] HR@10 = 0.2885, best = 0.2901 (epoch 33)
[Epoch 35] Train BCE loss: 0.001216
num_hit:	@1	@3	@5	@10
		0.0299	0.1019	0.1660	0.2915	
MAP_score:	@1	@3	@5	@10
		0.0299	0.0599	0.0743	0.0909	
NDCG_score:	@1	@3	@5	@10
		0.0299	0.0706	0.0968	0.1372	
📄 Saved batch eval result to result/ncf_result_aug_short_56_hybrid.csv
✅ [Epoch 35] New best HR@10: 0.2915 – model saved to checkpoints/ncf_filtered-h-and-m_best.pt
[Epoch 36] Train BCE loss: 0.001027
num_hit:	@1	@3	@5	@10
		0.0302	0.1025	0.1666	0.2912	
MAP_score:	@1	@3	@5	@10
		0.0302	0.0602	0.0747	0.0913	
NDCG_score:	@1	@3	@5	@10
		0.0302	0.0710	0.0972	0.1375	
[Epoch 36] HR@10 = 0.2912, best = 0.2915 (epoch 35)
[Epoch 37] Train BCE loss: 0.000892
num_hit:	@1	@3	@5	@10
		0.0291	0.1032	0.1681	0.2912	
MAP_score:	@1	@3	@5	@10
		0.0291	0.0597	0.0743	0.0906	
NDCG_score:	@1	@3	@5	@10
		0.0291	0.0708	0.0973	0.1370	
[Epoch 37] HR@10 = 0.2912, best = 0.2915 (epoch 35)
[Epoch 38] Train BCE loss: 0.000778
num_hit:	@1	@3	@5	@10
		0.0287	0.1025	0.1682	0.2921	
MAP_score:	@1	@3	@5	@10
		0.0287	0.0594	0.0742	0.0907	
NDCG_score:	@1	@3	@5	@10
		0.0287	0.0704	0.0973	0.1373	
📄 Saved batch eval result to result/ncf_result_aug_short_56_hybrid.csv
✅ [Epoch 38] New best HR@10: 0.2921 – model saved to checkpoints/ncf_filtered-h-and-m_best.pt
[Epoch 39] Train BCE loss: 0.000695
num_hit:	@1	@3	@5	@10
		0.0279	0.1009	0.1682	0.2914	
MAP_score:	@1	@3	@5	@10
		0.0279	0.0583	0.0734	0.0898	
NDCG_score:	@1	@3	@5	@10
		0.0279	0.0691	0.0966	0.1365	
[Epoch 39] HR@10 = 0.2914, best = 0.2921 (epoch 38)
[Epoch 40] Train BCE loss: 0.000626
num_hit:	@1	@3	@5	@10
		0.0265	0.1018	0.1692	0.2928	
MAP_score:	@1	@3	@5	@10
		0.0265	0.0578	0.0729	0.0893	
NDCG_score:	@1	@3	@5	@10
		0.0265	0.0690	0.0965	0.1364	
📄 Saved batch eval result to result/ncf_result_aug_short_56_hybrid.csv
✅ [Epoch 40] New best HR@10: 0.2928 – model saved to checkpoints/ncf_filtered-h-and-m_best.pt
[Epoch 41] Train BCE loss: 0.000567
num_hit:	@1	@3	@5	@10
		0.0264	0.1008	0.1686	0.2942	
MAP_score:	@1	@3	@5	@10
		0.0264	0.0571	0.0724	0.0890	
NDCG_score:	@1	@3	@5	@10
		0.0264	0.0682	0.0960	0.1365	
📄 Saved batch eval result to result/ncf_result_aug_short_56_hybrid.csv
✅ [Epoch 41] New best HR@10: 0.2942 – model saved to checkpoints/ncf_filtered-h-and-m_best.pt
[Epoch 42] Train BCE loss: 0.000525
num_hit:	@1	@3	@5	@10
		0.0258	0.1005	0.1687	0.2941	
MAP_score:	@1	@3	@5	@10
		0.0258	0.0567	0.0721	0.0887	
NDCG_score:	@1	@3	@5	@10
		0.0258	0.0679	0.0958	0.1362	
[Epoch 42] HR@10 = 0.2941, best = 0.2942 (epoch 41)
[Epoch 43] Train BCE loss: 0.000491
num_hit:	@1	@3	@5	@10
		0.0249	0.0996	0.1682	0.2934	
MAP_score:	@1	@3	@5	@10
		0.0249	0.0559	0.0714	0.0881	
NDCG_score:	@1	@3	@5	@10
		0.0249	0.0671	0.0951	0.1356	
[Epoch 43] HR@10 = 0.2934, best = 0.2942 (epoch 41)
[Epoch 44] Train BCE loss: 0.000460
num_hit:	@1	@3	@5	@10
		0.0246	0.1000	0.1700	0.2959	
MAP_score:	@1	@3	@5	@10
		0.0246	0.0558	0.0716	0.0882	
NDCG_score:	@1	@3	@5	@10
		0.0246	0.0670	0.0957	0.1363	
📄 Saved batch eval result to result/ncf_result_aug_short_56_hybrid.csv
✅ [Epoch 44] New best HR@10: 0.2959 – model saved to checkpoints/ncf_filtered-h-and-m_best.pt
[Epoch 45] Train BCE loss: 0.000435
num_hit:	@1	@3	@5	@10
		0.0252	0.0999	0.1698	0.2956	
MAP_score:	@1	@3	@5	@10
		0.0252	0.0559	0.0717	0.0885	
NDCG_score:	@1	@3	@5	@10
		0.0252	0.0671	0.0957	0.1364	
[Epoch 45] HR@10 = 0.2956, best = 0.2959 (epoch 44)
[Epoch 46] Train BCE loss: 0.000416
num_hit:	@1	@3	@5	@10
		0.0245	0.0991	0.1708	0.2945	
MAP_score:	@1	@3	@5	@10
		0.0245	0.0551	0.0713	0.0877	
NDCG_score:	@1	@3	@5	@10
		0.0245	0.0663	0.0957	0.1356	
[Epoch 46] HR@10 = 0.2945, best = 0.2959 (epoch 44)
[Epoch 47] Train BCE loss: 0.000399
num_hit:	@1	@3	@5	@10
		0.0232	0.0980	0.1709	0.2956	
MAP_score:	@1	@3	@5	@10
		0.0232	0.0540	0.0705	0.0870	
NDCG_score:	@1	@3	@5	@10
		0.0232	0.0652	0.0951	0.1353	
[Epoch 47] HR@10 = 0.2956, best = 0.2959 (epoch 44)
[Epoch 48] Train BCE loss: 0.000384
num_hit:	@1	@3	@5	@10
		0.0232	0.0981	0.1696	0.2960	
MAP_score:	@1	@3	@5	@10
		0.0232	0.0540	0.0702	0.0869	
NDCG_score:	@1	@3	@5	@10
		0.0232	0.0652	0.0945	0.1353	
📄 Saved batch eval result to result/ncf_result_aug_short_56_hybrid.csv
✅ [Epoch 48] New best HR@10: 0.2960 – model saved to checkpoints/ncf_filtered-h-and-m_best.pt
[Epoch 49] Train BCE loss: 0.000371
num_hit:	@1	@3	@5	@10
		0.0224	0.0987	0.1708	0.2948	
MAP_score:	@1	@3	@5	@10
		0.0224	0.0536	0.0699	0.0863	
NDCG_score:	@1	@3	@5	@10
		0.0224	0.0651	0.0946	0.1346	
[Epoch 49] HR@10 = 0.2948, best = 0.2960 (epoch 48)
[Epoch 50] Train BCE loss: 0.000361
num_hit:	@1	@3	@5	@10
		0.0229	0.0980	0.1695	0.2952	
MAP_score:	@1	@3	@5	@10
		0.0229	0.0535	0.0697	0.0865	
NDCG_score:	@1	@3	@5	@10
		0.0229	0.0649	0.0942	0.1348	
[Epoch 50] HR@10 = 0.2952, best = 0.2960 (epoch 48)
Training completed. Last model saved to checkpoints/ncf_last_filtered-h-and-m.pt
