Dataset: filtered-h-and-m, Users: 1371716, Items: 105541
Generating training data...
[Epoch 1] Train BCE loss: 0.596178
num_hit:	@1	@3	@5	@10
		0.0102	0.0281	0.0520	0.1075	
MAP_score:	@1	@3	@5	@10
		0.0102	0.0176	0.0230	0.0303	
NDCG_score:	@1	@3	@5	@10
		0.0102	0.0203	0.0301	0.0479	
📄 Saved batch eval result to result/ncf_result_aug_short_56_dense.csv
✅ [Epoch 1] New best HR@10: 0.1075 – model saved to checkpoints/ncf_filtered-h-and-m_best.pt
[Epoch 2] Train BCE loss: 0.281844
num_hit:	@1	@3	@5	@10
		0.0146	0.0442	0.0713	0.1338	
MAP_score:	@1	@3	@5	@10
		0.0146	0.0271	0.0332	0.0414	
NDCG_score:	@1	@3	@5	@10
		0.0146	0.0315	0.0426	0.0626	
📄 Saved batch eval result to result/ncf_result_aug_short_56_dense.csv
✅ [Epoch 2] New best HR@10: 0.1338 – model saved to checkpoints/ncf_filtered-h-and-m_best.pt
[Epoch 3] Train BCE loss: 0.244161
num_hit:	@1	@3	@5	@10
		0.0248	0.0634	0.1016	0.1768	
MAP_score:	@1	@3	@5	@10
		0.0248	0.0409	0.0495	0.0593	
NDCG_score:	@1	@3	@5	@10
		0.0248	0.0467	0.0622	0.0863	
📄 Saved batch eval result to result/ncf_result_aug_short_56_dense.csv
✅ [Epoch 3] New best HR@10: 0.1768 – model saved to checkpoints/ncf_filtered-h-and-m_best.pt
[Epoch 4] Train BCE loss: 0.201595
num_hit:	@1	@3	@5	@10
		0.0269	0.0867	0.1364	0.2271	
MAP_score:	@1	@3	@5	@10
		0.0269	0.0517	0.0628	0.0747	
NDCG_score:	@1	@3	@5	@10
		0.0269	0.0606	0.0809	0.1100	
📄 Saved batch eval result to result/ncf_result_aug_short_56_dense.csv
✅ [Epoch 4] New best HR@10: 0.2271 – model saved to checkpoints/ncf_filtered-h-and-m_best.pt
[Epoch 5] Train BCE loss: 0.165968
num_hit:	@1	@3	@5	@10
		0.0286	0.0964	0.1519	0.2561	
MAP_score:	@1	@3	@5	@10
		0.0286	0.0567	0.0694	0.0831	
NDCG_score:	@1	@3	@5	@10
		0.0286	0.0668	0.0897	0.1232	
📄 Saved batch eval result to result/ncf_result_aug_short_56_dense.csv
✅ [Epoch 5] New best HR@10: 0.2561 – model saved to checkpoints/ncf_filtered-h-and-m_best.pt
[Epoch 6] Train BCE loss: 0.149939
num_hit:	@1	@3	@5	@10
		0.0295	0.1015	0.1618	0.2725	
MAP_score:	@1	@3	@5	@10
		0.0295	0.0595	0.0731	0.0876	
NDCG_score:	@1	@3	@5	@10
		0.0295	0.0702	0.0949	0.1304	
📄 Saved batch eval result to result/ncf_result_aug_short_56_dense.csv
✅ [Epoch 6] New best HR@10: 0.2725 – model saved to checkpoints/ncf_filtered-h-and-m_best.pt
[Epoch 7] Train BCE loss: 0.139584
num_hit:	@1	@3	@5	@10
		0.0309	0.1046	0.1638	0.2768	
MAP_score:	@1	@3	@5	@10
		0.0309	0.0617	0.0750	0.0898	
NDCG_score:	@1	@3	@5	@10
		0.0309	0.0726	0.0969	0.1331	
📄 Saved batch eval result to result/ncf_result_aug_short_56_dense.csv
✅ [Epoch 7] New best HR@10: 0.2768 – model saved to checkpoints/ncf_filtered-h-and-m_best.pt
[Epoch 8] Train BCE loss: 0.131872
num_hit:	@1	@3	@5	@10
		0.0312	0.1075	0.1669	0.2826	
MAP_score:	@1	@3	@5	@10
		0.0312	0.0629	0.0764	0.0915	
NDCG_score:	@1	@3	@5	@10
		0.0312	0.0743	0.0987	0.1357	
📄 Saved batch eval result to result/ncf_result_aug_short_56_dense.csv
✅ [Epoch 8] New best HR@10: 0.2826 – model saved to checkpoints/ncf_filtered-h-and-m_best.pt
[Epoch 9] Train BCE loss: 0.125456
num_hit:	@1	@3	@5	@10
		0.0324	0.1071	0.1649	0.2802	
MAP_score:	@1	@3	@5	@10
		0.0324	0.0639	0.0769	0.0920	
NDCG_score:	@1	@3	@5	@10
		0.0324	0.0749	0.0986	0.1356	
[Epoch 9] HR@10 = 0.2802, best = 0.2826 (epoch 8)
[Epoch 10] Train BCE loss: 0.119768
num_hit:	@1	@3	@5	@10
		0.0326	0.1047	0.1619	0.2800	
MAP_score:	@1	@3	@5	@10
		0.0326	0.0628	0.0758	0.0913	
NDCG_score:	@1	@3	@5	@10
		0.0326	0.0735	0.0970	0.1349	
[Epoch 10] HR@10 = 0.2800, best = 0.2826 (epoch 8)
[Epoch 11] Train BCE loss: 0.114077
num_hit:	@1	@3	@5	@10
		0.0320	0.1034	0.1628	0.2799	
MAP_score:	@1	@3	@5	@10
		0.0320	0.0622	0.0756	0.0908	
NDCG_score:	@1	@3	@5	@10
		0.0320	0.0727	0.0971	0.1345	
[Epoch 11] HR@10 = 0.2799, best = 0.2826 (epoch 8)
[Epoch 12] Train BCE loss: 0.108376
num_hit:	@1	@3	@5	@10
		0.0324	0.1029	0.1642	0.2735	
MAP_score:	@1	@3	@5	@10
		0.0324	0.0623	0.0761	0.0903	
NDCG_score:	@1	@3	@5	@10
		0.0324	0.0727	0.0978	0.1327	
[Epoch 12] HR@10 = 0.2735, best = 0.2826 (epoch 8)
[Epoch 13] Train BCE loss: 0.102371
num_hit:	@1	@3	@5	@10
		0.0313	0.1025	0.1619	0.2705	
MAP_score:	@1	@3	@5	@10
		0.0313	0.0615	0.0750	0.0891	
NDCG_score:	@1	@3	@5	@10
		0.0313	0.0720	0.0963	0.1311	
[Epoch 13] HR@10 = 0.2705, best = 0.2826 (epoch 8)
[Epoch 14] Train BCE loss: 0.096124
num_hit:	@1	@3	@5	@10
		0.0324	0.1018	0.1584	0.2678	
MAP_score:	@1	@3	@5	@10
		0.0324	0.0616	0.0743	0.0886	
NDCG_score:	@1	@3	@5	@10
		0.0324	0.0718	0.0950	0.1300	
[Epoch 14] HR@10 = 0.2678, best = 0.2826 (epoch 8)
[Epoch 15] Train BCE loss: 0.089538
num_hit:	@1	@3	@5	@10
		0.0321	0.1012	0.1554	0.2671	
MAP_score:	@1	@3	@5	@10
		0.0321	0.0612	0.0735	0.0881	
NDCG_score:	@1	@3	@5	@10
		0.0321	0.0714	0.0936	0.1295	
[Epoch 15] HR@10 = 0.2671, best = 0.2826 (epoch 8)
[Epoch 16] Train BCE loss: 0.082816
num_hit:	@1	@3	@5	@10
		0.0341	0.1001	0.1560	0.2667	
MAP_score:	@1	@3	@5	@10
		0.0341	0.0614	0.0740	0.0884	
NDCG_score:	@1	@3	@5	@10
		0.0341	0.0713	0.0942	0.1296	
[Epoch 16] HR@10 = 0.2667, best = 0.2826 (epoch 8)
[Epoch 17] Train BCE loss: 0.075916
num_hit:	@1	@3	@5	@10
		0.0342	0.0979	0.1544	0.2644	
MAP_score:	@1	@3	@5	@10
		0.0342	0.0610	0.0738	0.0882	
NDCG_score:	@1	@3	@5	@10
		0.0342	0.0704	0.0936	0.1289	
[Epoch 17] HR@10 = 0.2644, best = 0.2826 (epoch 8)
[Epoch 18] Train BCE loss: 0.068878
num_hit:	@1	@3	@5	@10
		0.0333	0.0976	0.1500	0.2569	
MAP_score:	@1	@3	@5	@10
		0.0333	0.0603	0.0720	0.0861	
NDCG_score:	@1	@3	@5	@10
		0.0333	0.0698	0.0912	0.1256	
[Epoch 18] HR@10 = 0.2569, best = 0.2826 (epoch 8)
[Epoch 19] Train BCE loss: 0.061802
num_hit:	@1	@3	@5	@10
		0.0340	0.0973	0.1511	0.2628	
MAP_score:	@1	@3	@5	@10
		0.0340	0.0603	0.0724	0.0872	
NDCG_score:	@1	@3	@5	@10
		0.0340	0.0698	0.0917	0.1277	
[Epoch 19] HR@10 = 0.2628, best = 0.2826 (epoch 8)
[Epoch 20] Train BCE loss: 0.054607
num_hit:	@1	@3	@5	@10
		0.0342	0.0989	0.1547	0.2602	
MAP_score:	@1	@3	@5	@10
		0.0342	0.0610	0.0735	0.0874	
NDCG_score:	@1	@3	@5	@10
		0.0342	0.0707	0.0935	0.1274	
[Epoch 20] HR@10 = 0.2602, best = 0.2826 (epoch 8)
[Epoch 21] Train BCE loss: 0.047765
num_hit:	@1	@3	@5	@10
		0.0340	0.0960	0.1525	0.2647	
MAP_score:	@1	@3	@5	@10
		0.0340	0.0598	0.0725	0.0873	
NDCG_score:	@1	@3	@5	@10
		0.0340	0.0690	0.0921	0.1282	
[Epoch 21] HR@10 = 0.2647, best = 0.2826 (epoch 8)
[Epoch 22] Train BCE loss: 0.041023
num_hit:	@1	@3	@5	@10
		0.0340	0.0968	0.1533	0.2666	
MAP_score:	@1	@3	@5	@10
		0.0340	0.0602	0.0728	0.0877	
NDCG_score:	@1	@3	@5	@10
		0.0340	0.0695	0.0926	0.1289	
[Epoch 22] HR@10 = 0.2666, best = 0.2826 (epoch 8)
[Epoch 23] Train BCE loss: 0.034641
num_hit:	@1	@3	@5	@10
		0.0353	0.0982	0.1560	0.2715	
MAP_score:	@1	@3	@5	@10
		0.0353	0.0614	0.0743	0.0894	
NDCG_score:	@1	@3	@5	@10
		0.0353	0.0708	0.0943	0.1313	
[Epoch 23] HR@10 = 0.2715, best = 0.2826 (epoch 8)
[Epoch 24] Train BCE loss: 0.028895
num_hit:	@1	@3	@5	@10
		0.0345	0.0968	0.1522	0.2644	
MAP_score:	@1	@3	@5	@10
		0.0345	0.0605	0.0730	0.0876	
NDCG_score:	@1	@3	@5	@10
		0.0345	0.0698	0.0924	0.1284	
[Epoch 24] HR@10 = 0.2644, best = 0.2826 (epoch 8)
[Epoch 25] Train BCE loss: 0.023604
num_hit:	@1	@3	@5	@10
		0.0328	0.0961	0.1558	0.2714	
MAP_score:	@1	@3	@5	@10
		0.0328	0.0595	0.0729	0.0880	
NDCG_score:	@1	@3	@5	@10
		0.0328	0.0689	0.0932	0.1303	
[Epoch 25] HR@10 = 0.2714, best = 0.2826 (epoch 8)
[Epoch 26] Train BCE loss: 0.019010
num_hit:	@1	@3	@5	@10
		0.0341	0.0974	0.1551	0.2707	
MAP_score:	@1	@3	@5	@10
		0.0341	0.0606	0.0736	0.0888	
NDCG_score:	@1	@3	@5	@10
		0.0341	0.0700	0.0936	0.1307	
[Epoch 26] HR@10 = 0.2707, best = 0.2826 (epoch 8)
[Epoch 27] Train BCE loss: 0.014983
num_hit:	@1	@3	@5	@10
		0.0333	0.0956	0.1534	0.2674	
MAP_score:	@1	@3	@5	@10
		0.0333	0.0594	0.0724	0.0874	
NDCG_score:	@1	@3	@5	@10
		0.0333	0.0687	0.0923	0.1289	
[Epoch 27] HR@10 = 0.2674, best = 0.2826 (epoch 8)
[Epoch 28] Train BCE loss: 0.011780
num_hit:	@1	@3	@5	@10
		0.0329	0.0973	0.1545	0.2745	
MAP_score:	@1	@3	@5	@10
		0.0329	0.0598	0.0727	0.0884	
NDCG_score:	@1	@3	@5	@10
		0.0329	0.0694	0.0928	0.1312	
[Epoch 28] HR@10 = 0.2745, best = 0.2826 (epoch 8)
[Epoch 29] Train BCE loss: 0.009172
num_hit:	@1	@3	@5	@10
		0.0320	0.0975	0.1556	0.2719	
MAP_score:	@1	@3	@5	@10
		0.0320	0.0592	0.0722	0.0875	
NDCG_score:	@1	@3	@5	@10
		0.0320	0.0689	0.0927	0.1300	
[Epoch 29] HR@10 = 0.2719, best = 0.2826 (epoch 8)
[Epoch 30] Train BCE loss: 0.007124
num_hit:	@1	@3	@5	@10
		0.0322	0.0972	0.1556	0.2762	
MAP_score:	@1	@3	@5	@10
		0.0322	0.0595	0.0727	0.0884	
NDCG_score:	@1	@3	@5	@10
		0.0322	0.0691	0.0931	0.1317	
[Epoch 30] HR@10 = 0.2762, best = 0.2826 (epoch 8)
[Epoch 31] Train BCE loss: 0.005476
num_hit:	@1	@3	@5	@10
		0.0308	0.0972	0.1540	0.2778	
MAP_score:	@1	@3	@5	@10
		0.0308	0.0588	0.0717	0.0878	
NDCG_score:	@1	@3	@5	@10
		0.0308	0.0686	0.0919	0.1316	
[Epoch 31] HR@10 = 0.2778, best = 0.2826 (epoch 8)
[Epoch 32] Train BCE loss: 0.004203
num_hit:	@1	@3	@5	@10
		0.0307	0.0966	0.1551	0.2742	
MAP_score:	@1	@3	@5	@10
		0.0307	0.0583	0.0715	0.0873	
NDCG_score:	@1	@3	@5	@10
		0.0307	0.0681	0.0921	0.1304	
[Epoch 32] HR@10 = 0.2742, best = 0.2826 (epoch 8)
[Epoch 33] Train BCE loss: 0.003260
num_hit:	@1	@3	@5	@10
		0.0302	0.0985	0.1565	0.2749	
MAP_score:	@1	@3	@5	@10
		0.0302	0.0588	0.0719	0.0873	
NDCG_score:	@1	@3	@5	@10
		0.0302	0.0689	0.0926	0.1306	
[Epoch 33] HR@10 = 0.2749, best = 0.2826 (epoch 8)
[Epoch 34] Train BCE loss: 0.002546
num_hit:	@1	@3	@5	@10
		0.0287	0.0962	0.1555	0.2762	
MAP_score:	@1	@3	@5	@10
		0.0287	0.0571	0.0706	0.0865	
NDCG_score:	@1	@3	@5	@10
		0.0287	0.0671	0.0915	0.1303	
[Epoch 34] HR@10 = 0.2762, best = 0.2826 (epoch 8)
[Epoch 35] Train BCE loss: 0.002028
num_hit:	@1	@3	@5	@10
		0.0286	0.0961	0.1573	0.2776	
MAP_score:	@1	@3	@5	@10
		0.0286	0.0567	0.0707	0.0863	
NDCG_score:	@1	@3	@5	@10
		0.0286	0.0667	0.0919	0.1304	
[Epoch 35] HR@10 = 0.2776, best = 0.2826 (epoch 8)
[Epoch 36] Train BCE loss: 0.001617
num_hit:	@1	@3	@5	@10
		0.0275	0.0959	0.1566	0.2793	
MAP_score:	@1	@3	@5	@10
		0.0275	0.0560	0.0698	0.0859	
NDCG_score:	@1	@3	@5	@10
		0.0275	0.0662	0.0911	0.1305	
[Epoch 36] HR@10 = 0.2793, best = 0.2826 (epoch 8)
[Epoch 37] Train BCE loss: 0.001308
num_hit:	@1	@3	@5	@10
		0.0264	0.0961	0.1553	0.2779	
MAP_score:	@1	@3	@5	@10
		0.0264	0.0554	0.0689	0.0850	
NDCG_score:	@1	@3	@5	@10
		0.0264	0.0658	0.0902	0.1295	
[Epoch 37] HR@10 = 0.2779, best = 0.2826 (epoch 8)
[Epoch 38] Train BCE loss: 0.001067
num_hit:	@1	@3	@5	@10
		0.0258	0.0961	0.1572	0.2793	
MAP_score:	@1	@3	@5	@10
		0.0258	0.0550	0.0689	0.0848	
NDCG_score:	@1	@3	@5	@10
		0.0258	0.0655	0.0906	0.1297	
[Epoch 38] HR@10 = 0.2793, best = 0.2826 (epoch 8)
[Epoch 39] Train BCE loss: 0.000883
num_hit:	@1	@3	@5	@10
		0.0253	0.0959	0.1566	0.2791	
MAP_score:	@1	@3	@5	@10
		0.0253	0.0545	0.0684	0.0845	
NDCG_score:	@1	@3	@5	@10
		0.0253	0.0651	0.0901	0.1294	
[Epoch 39] HR@10 = 0.2791, best = 0.2826 (epoch 8)
[Epoch 40] Train BCE loss: 0.000736
num_hit:	@1	@3	@5	@10
		0.0244	0.0956	0.1555	0.2791	
MAP_score:	@1	@3	@5	@10
		0.0244	0.0536	0.0673	0.0836	
NDCG_score:	@1	@3	@5	@10
		0.0244	0.0643	0.0890	0.1287	
[Epoch 40] HR@10 = 0.2791, best = 0.2826 (epoch 8)
[Epoch 41] Train BCE loss: 0.000623
num_hit:	@1	@3	@5	@10
		0.0236	0.0955	0.1568	0.2804	
MAP_score:	@1	@3	@5	@10
		0.0236	0.0533	0.0673	0.0835	
NDCG_score:	@1	@3	@5	@10
		0.0236	0.0641	0.0893	0.1289	
[Epoch 41] HR@10 = 0.2804, best = 0.2826 (epoch 8)
[Epoch 42] Train BCE loss: 0.000529
num_hit:	@1	@3	@5	@10
		0.0233	0.0947	0.1581	0.2795	
MAP_score:	@1	@3	@5	@10
		0.0233	0.0526	0.0670	0.0829	
NDCG_score:	@1	@3	@5	@10
		0.0233	0.0633	0.0894	0.1284	
[Epoch 42] HR@10 = 0.2795, best = 0.2826 (epoch 8)
[Epoch 43] Train BCE loss: 0.000456
num_hit:	@1	@3	@5	@10
		0.0222	0.0936	0.1558	0.2800	
MAP_score:	@1	@3	@5	@10
		0.0222	0.0516	0.0657	0.0821	
NDCG_score:	@1	@3	@5	@10
		0.0222	0.0623	0.0878	0.1278	
[Epoch 43] HR@10 = 0.2800, best = 0.2826 (epoch 8)
[Epoch 44] Train BCE loss: 0.000396
num_hit:	@1	@3	@5	@10
		0.0220	0.0944	0.1575	0.2809	
MAP_score:	@1	@3	@5	@10
		0.0220	0.0517	0.0661	0.0823	
NDCG_score:	@1	@3	@5	@10
		0.0220	0.0626	0.0885	0.1282	
[Epoch 44] HR@10 = 0.2809, best = 0.2826 (epoch 8)
[Epoch 45] Train BCE loss: 0.000348
num_hit:	@1	@3	@5	@10
		0.0212	0.0940	0.1562	0.2804	
MAP_score:	@1	@3	@5	@10
		0.0212	0.0509	0.0651	0.0815	
NDCG_score:	@1	@3	@5	@10
		0.0212	0.0619	0.0875	0.1274	
[Epoch 45] HR@10 = 0.2804, best = 0.2826 (epoch 8)
[Epoch 46] Train BCE loss: 0.000308
num_hit:	@1	@3	@5	@10
		0.0202	0.0931	0.1569	0.2812	
MAP_score:	@1	@3	@5	@10
		0.0202	0.0501	0.0645	0.0809	
NDCG_score:	@1	@3	@5	@10
		0.0202	0.0610	0.0872	0.1272	
[Epoch 46] HR@10 = 0.2812, best = 0.2826 (epoch 8)
[Epoch 47] Train BCE loss: 0.000274
num_hit:	@1	@3	@5	@10
		0.0195	0.0925	0.1566	0.2824	
MAP_score:	@1	@3	@5	@10
		0.0195	0.0493	0.0638	0.0804	
NDCG_score:	@1	@3	@5	@10
		0.0195	0.0603	0.0866	0.1270	
[Epoch 47] HR@10 = 0.2824, best = 0.2826 (epoch 8)
[Epoch 48] Train BCE loss: 0.000245
num_hit:	@1	@3	@5	@10
		0.0195	0.0900	0.1568	0.2814	
MAP_score:	@1	@3	@5	@10
		0.0195	0.0484	0.0636	0.0800	
NDCG_score:	@1	@3	@5	@10
		0.0195	0.0590	0.0865	0.1265	
[Epoch 48] HR@10 = 0.2814, best = 0.2826 (epoch 8)
[Epoch 49] Train BCE loss: 0.000222
num_hit:	@1	@3	@5	@10
		0.0186	0.0900	0.1564	0.2811	
MAP_score:	@1	@3	@5	@10
		0.0186	0.0479	0.0630	0.0795	
NDCG_score:	@1	@3	@5	@10
		0.0186	0.0586	0.0859	0.1260	
[Epoch 49] HR@10 = 0.2811, best = 0.2826 (epoch 8)
[Epoch 50] Train BCE loss: 0.000201
num_hit:	@1	@3	@5	@10
		0.0176	0.0874	0.1554	0.2811	
MAP_score:	@1	@3	@5	@10
		0.0176	0.0461	0.0617	0.0783	
NDCG_score:	@1	@3	@5	@10
		0.0176	0.0566	0.0846	0.1251	
[Epoch 50] HR@10 = 0.2811, best = 0.2826 (epoch 8)
Training completed. Last model saved to checkpoints/ncf_last_filtered-h-and-m.pt
